[2025-04-09T16:40:34.551+0000] {local_task_job_runner.py:123} INFO - ::group::Pre task execution logs
[2025-04-09T16:40:34.641+0000] {taskinstance.py:2614} INFO - Dependencies all met for dep_context=non-requeueable deps ti=<TaskInstance: et_extract_load.get_last_load manual__2025-04-09T16:40:29.696894+00:00 [queued]>
[2025-04-09T16:40:34.673+0000] {taskinstance.py:2614} INFO - Dependencies all met for dep_context=requeueable deps ti=<TaskInstance: et_extract_load.get_last_load manual__2025-04-09T16:40:29.696894+00:00 [queued]>
[2025-04-09T16:40:34.674+0000] {taskinstance.py:2867} INFO - Starting attempt 1 of 1
[2025-04-09T16:40:34.679+0000] {taskinstance.py:2890} INFO - Executing <Task(PythonOperator): get_last_load> on 2025-04-09 16:40:29.696894+00:00
[2025-04-09T16:40:34.684+0000] {warnings.py:112} WARNING - /home/***/.local/lib/python3.12/site-packages/***/task/task_runner/standard_task_runner.py:70: DeprecationWarning: This process (pid=25018) is multi-threaded, use of fork() may lead to deadlocks in the child.
  pid = os.fork()

[2025-04-09T16:40:34.685+0000] {standard_task_runner.py:72} INFO - Started process 25019 to run task
[2025-04-09T16:40:34.686+0000] {standard_task_runner.py:104} INFO - Running: ['***', 'tasks', 'run', 'et_extract_load', 'get_last_load', 'manual__2025-04-09T16:40:29.696894+00:00', '--job-id', '86', '--raw', '--subdir', 'DAGS_FOLDER/etl_extract_load.py', '--cfg-path', '/tmp/tmp_kzepzza']
[2025-04-09T16:40:34.687+0000] {standard_task_runner.py:105} INFO - Job 86: Subtask get_last_load
[2025-04-09T16:40:34.711+0000] {task_command.py:467} INFO - Running <TaskInstance: et_extract_load.get_last_load manual__2025-04-09T16:40:29.696894+00:00 [running]> on host 8bfd2e589ccf
[2025-04-09T16:40:34.751+0000] {taskinstance.py:3134} INFO - Exporting env vars: AIRFLOW_CTX_DAG_OWNER='***' AIRFLOW_CTX_DAG_ID='et_extract_load' AIRFLOW_CTX_TASK_ID='get_last_load' AIRFLOW_CTX_EXECUTION_DATE='2025-04-09T16:40:29.696894+00:00' AIRFLOW_CTX_TRY_NUMBER='1' AIRFLOW_CTX_DAG_RUN_ID='manual__2025-04-09T16:40:29.696894+00:00'
[2025-04-09T16:40:34.752+0000] {logging_mixin.py:190} INFO - Task instance is in running state
[2025-04-09T16:40:34.752+0000] {logging_mixin.py:190} INFO -  Previous state of the Task instance: queued
[2025-04-09T16:40:34.753+0000] {logging_mixin.py:190} INFO - Current task name:get_last_load state:running start_date:2025-04-09 16:40:34.669171+00:00
[2025-04-09T16:40:34.754+0000] {logging_mixin.py:190} INFO - Dag name:et_extract_load and current dag run status:running
[2025-04-09T16:40:34.754+0000] {taskinstance.py:732} INFO - ::endgroup::
[2025-04-09T16:40:34.759+0000] {base.py:84} INFO - Retrieving connection 'PostgresSQL_connection_1'
[2025-04-09T16:40:34.763+0000] {logging_mixin.py:190} INFO - Last load product_id: P0750
[2025-04-09T16:40:34.770+0000] {python.py:240} INFO - Done. Returned value was: None
[2025-04-09T16:40:34.775+0000] {taskinstance.py:341} INFO - ::group::Post task execution logs
[2025-04-09T16:40:34.776+0000] {taskinstance.py:353} INFO - Marking task as SUCCESS. dag_id=et_extract_load, task_id=get_last_load, run_id=manual__2025-04-09T16:40:29.696894+00:00, execution_date=20250409T164029, start_date=20250409T164034, end_date=20250409T164034
[2025-04-09T16:40:34.791+0000] {logging_mixin.py:190} INFO - Task instance in success state
[2025-04-09T16:40:34.792+0000] {logging_mixin.py:190} INFO -  Previous state of the Task instance: running
[2025-04-09T16:40:34.792+0000] {logging_mixin.py:190} INFO - Dag name:et_extract_load queued_at:2025-04-09 16:40:29.711148+00:00
[2025-04-09T16:40:34.792+0000] {logging_mixin.py:190} INFO - Task hostname:8bfd2e589ccf operator:PythonOperator
[2025-04-09T16:40:34.823+0000] {local_task_job_runner.py:266} INFO - Task exited with return code 0
[2025-04-09T16:40:34.837+0000] {taskinstance.py:3901} INFO - 1 downstream tasks scheduled from follow-on schedule check
[2025-04-09T16:40:34.838+0000] {local_task_job_runner.py:245} INFO - ::endgroup::
