[2025-04-09T16:40:31.426+0000] {local_task_job_runner.py:123} INFO - ::group::Pre task execution logs
[2025-04-09T16:40:31.526+0000] {taskinstance.py:2614} INFO - Dependencies all met for dep_context=non-requeueable deps ti=<TaskInstance: et_extract_load.truncate_staging manual__2025-04-09T16:40:29.696894+00:00 [queued]>
[2025-04-09T16:40:31.558+0000] {taskinstance.py:2614} INFO - Dependencies all met for dep_context=requeueable deps ti=<TaskInstance: et_extract_load.truncate_staging manual__2025-04-09T16:40:29.696894+00:00 [queued]>
[2025-04-09T16:40:31.558+0000] {taskinstance.py:2867} INFO - Starting attempt 1 of 1
[2025-04-09T16:40:31.566+0000] {taskinstance.py:2890} INFO - Executing <Task(PythonOperator): truncate_staging> on 2025-04-09 16:40:29.696894+00:00
[2025-04-09T16:40:31.578+0000] {warnings.py:112} WARNING - /home/***/.local/lib/python3.12/site-packages/***/task/task_runner/standard_task_runner.py:70: DeprecationWarning: This process (pid=25008) is multi-threaded, use of fork() may lead to deadlocks in the child.
  pid = os.fork()

[2025-04-09T16:40:31.579+0000] {standard_task_runner.py:72} INFO - Started process 25009 to run task
[2025-04-09T16:40:31.581+0000] {standard_task_runner.py:104} INFO - Running: ['***', 'tasks', 'run', 'et_extract_load', 'truncate_staging', 'manual__2025-04-09T16:40:29.696894+00:00', '--job-id', '85', '--raw', '--subdir', 'DAGS_FOLDER/etl_extract_load.py', '--cfg-path', '/tmp/tmprkci2216']
[2025-04-09T16:40:31.582+0000] {standard_task_runner.py:105} INFO - Job 85: Subtask truncate_staging
[2025-04-09T16:40:31.614+0000] {task_command.py:467} INFO - Running <TaskInstance: et_extract_load.truncate_staging manual__2025-04-09T16:40:29.696894+00:00 [running]> on host 8bfd2e589ccf
[2025-04-09T16:40:31.691+0000] {taskinstance.py:3134} INFO - Exporting env vars: AIRFLOW_CTX_DAG_OWNER='***' AIRFLOW_CTX_DAG_ID='et_extract_load' AIRFLOW_CTX_TASK_ID='truncate_staging' AIRFLOW_CTX_EXECUTION_DATE='2025-04-09T16:40:29.696894+00:00' AIRFLOW_CTX_TRY_NUMBER='1' AIRFLOW_CTX_DAG_RUN_ID='manual__2025-04-09T16:40:29.696894+00:00'
[2025-04-09T16:40:31.692+0000] {logging_mixin.py:190} INFO - Task instance is in running state
[2025-04-09T16:40:31.692+0000] {logging_mixin.py:190} INFO -  Previous state of the Task instance: queued
[2025-04-09T16:40:31.693+0000] {logging_mixin.py:190} INFO - Current task name:truncate_staging state:running start_date:2025-04-09 16:40:31.553315+00:00
[2025-04-09T16:40:31.693+0000] {logging_mixin.py:190} INFO - Dag name:et_extract_load and current dag run status:running
[2025-04-09T16:40:31.694+0000] {taskinstance.py:732} INFO - ::endgroup::
[2025-04-09T16:40:31.700+0000] {base.py:84} INFO - Retrieving connection 'PostgresSQL_connection_1'
[2025-04-09T16:40:31.952+0000] {logging_mixin.py:190} INFO - Staging table truncated.
[2025-04-09T16:40:31.955+0000] {python.py:240} INFO - Done. Returned value was: None
[2025-04-09T16:40:31.984+0000] {taskinstance.py:341} INFO - ::group::Post task execution logs
[2025-04-09T16:40:31.984+0000] {taskinstance.py:353} INFO - Marking task as SUCCESS. dag_id=et_extract_load, task_id=truncate_staging, run_id=manual__2025-04-09T16:40:29.696894+00:00, execution_date=20250409T164029, start_date=20250409T164031, end_date=20250409T164031
[2025-04-09T16:40:32.059+0000] {logging_mixin.py:190} INFO - Task instance in success state
[2025-04-09T16:40:32.076+0000] {logging_mixin.py:190} INFO -  Previous state of the Task instance: running
[2025-04-09T16:40:32.077+0000] {logging_mixin.py:190} INFO - Dag name:et_extract_load queued_at:2025-04-09 16:40:29.711148+00:00
[2025-04-09T16:40:32.078+0000] {logging_mixin.py:190} INFO - Task hostname:8bfd2e589ccf operator:PythonOperator
[2025-04-09T16:40:32.116+0000] {local_task_job_runner.py:266} INFO - Task exited with return code 0
[2025-04-09T16:40:32.167+0000] {taskinstance.py:3901} INFO - 1 downstream tasks scheduled from follow-on schedule check
[2025-04-09T16:40:32.190+0000] {local_task_job_runner.py:245} INFO - ::endgroup::
