[2025-04-06T00:13:06.240+0000] {processor.py:186} INFO - Started process (PID=76768) to work on /opt/airflow/dags/etl_extract_load.py
[2025-04-06T00:13:06.242+0000] {processor.py:914} INFO - Processing file /opt/airflow/dags/etl_extract_load.py for tasks to queue
[2025-04-06T00:13:06.244+0000] {logging_mixin.py:190} INFO - [2025-04-06T00:13:06.243+0000] {dagbag.py:588} INFO - Filling up the DagBag from /opt/airflow/dags/etl_extract_load.py
[2025-04-06T00:13:06.277+0000] {processor.py:925} INFO - DAG(s) 'et_extract_load' retrieved from /opt/airflow/dags/etl_extract_load.py
[2025-04-06T00:13:06.713+0000] {logging_mixin.py:190} INFO - [2025-04-06T00:13:06.713+0000] {dag.py:3239} INFO - Sync 1 DAGs
[2025-04-06T00:13:06.722+0000] {logging_mixin.py:190} INFO - [2025-04-06T00:13:06.721+0000] {dag.py:4180} INFO - Setting next_dagrun for et_extract_load to None, run_after=None
[2025-04-06T00:13:06.734+0000] {processor.py:208} INFO - Processing /opt/airflow/dags/etl_extract_load.py took 0.510 seconds
[2025-04-06T00:29:01.377+0000] {processor.py:186} INFO - Started process (PID=76833) to work on /opt/airflow/dags/etl_extract_load.py
[2025-04-06T00:29:01.382+0000] {processor.py:914} INFO - Processing file /opt/airflow/dags/etl_extract_load.py for tasks to queue
[2025-04-06T00:29:01.386+0000] {logging_mixin.py:190} INFO - [2025-04-06T00:29:01.386+0000] {dagbag.py:588} INFO - Filling up the DagBag from /opt/airflow/dags/etl_extract_load.py
[2025-04-06T00:29:01.421+0000] {processor.py:925} INFO - DAG(s) 'et_extract_load' retrieved from /opt/airflow/dags/etl_extract_load.py
[2025-04-06T00:29:01.441+0000] {logging_mixin.py:190} INFO - [2025-04-06T00:29:01.440+0000] {dag.py:3239} INFO - Sync 1 DAGs
[2025-04-06T00:29:01.454+0000] {logging_mixin.py:190} INFO - [2025-04-06T00:29:01.454+0000] {dag.py:4180} INFO - Setting next_dagrun for et_extract_load to None, run_after=None
[2025-04-06T00:29:01.468+0000] {processor.py:208} INFO - Processing /opt/airflow/dags/etl_extract_load.py took 0.110 seconds
[2025-04-06T00:30:21.356+0000] {processor.py:186} INFO - Started process (PID=76898) to work on /opt/airflow/dags/etl_extract_load.py
[2025-04-06T00:30:21.357+0000] {processor.py:914} INFO - Processing file /opt/airflow/dags/etl_extract_load.py for tasks to queue
[2025-04-06T00:30:21.360+0000] {logging_mixin.py:190} INFO - [2025-04-06T00:30:21.359+0000] {dagbag.py:588} INFO - Filling up the DagBag from /opt/airflow/dags/etl_extract_load.py
[2025-04-06T00:30:21.408+0000] {processor.py:925} INFO - DAG(s) 'et_extract_load' retrieved from /opt/airflow/dags/etl_extract_load.py
[2025-04-06T00:30:21.427+0000] {logging_mixin.py:190} INFO - [2025-04-06T00:30:21.427+0000] {dag.py:3239} INFO - Sync 1 DAGs
[2025-04-06T00:30:21.819+0000] {logging_mixin.py:190} INFO - [2025-04-06T00:30:21.818+0000] {dag.py:4180} INFO - Setting next_dagrun for et_extract_load to None, run_after=None
[2025-04-06T00:30:21.833+0000] {processor.py:208} INFO - Processing /opt/airflow/dags/etl_extract_load.py took 0.493 seconds
[2025-04-06T00:32:30.793+0000] {processor.py:186} INFO - Started process (PID=76963) to work on /opt/airflow/dags/etl_extract_load.py
[2025-04-06T00:32:30.795+0000] {processor.py:914} INFO - Processing file /opt/airflow/dags/etl_extract_load.py for tasks to queue
[2025-04-06T00:32:30.797+0000] {logging_mixin.py:190} INFO - [2025-04-06T00:32:30.797+0000] {dagbag.py:588} INFO - Filling up the DagBag from /opt/airflow/dags/etl_extract_load.py
[2025-04-06T00:32:30.855+0000] {processor.py:925} INFO - DAG(s) 'et_extract_load' retrieved from /opt/airflow/dags/etl_extract_load.py
[2025-04-06T00:32:30.878+0000] {logging_mixin.py:190} INFO - [2025-04-06T00:32:30.877+0000] {dag.py:3239} INFO - Sync 1 DAGs
[2025-04-06T00:32:31.269+0000] {logging_mixin.py:190} INFO - [2025-04-06T00:32:31.269+0000] {dag.py:4180} INFO - Setting next_dagrun for et_extract_load to None, run_after=None
[2025-04-06T00:32:31.281+0000] {processor.py:208} INFO - Processing /opt/airflow/dags/etl_extract_load.py took 0.501 seconds
[2025-04-06T02:33:24.524+0000] {processor.py:186} INFO - Started process (PID=77028) to work on /opt/airflow/dags/etl_extract_load.py
[2025-04-06T02:33:24.543+0000] {processor.py:914} INFO - Processing file /opt/airflow/dags/etl_extract_load.py for tasks to queue
[2025-04-06T02:33:24.549+0000] {logging_mixin.py:190} INFO - [2025-04-06T02:33:24.547+0000] {dagbag.py:588} INFO - Filling up the DagBag from /opt/airflow/dags/etl_extract_load.py
[2025-04-06T02:33:24.647+0000] {processor.py:925} INFO - DAG(s) 'et_extract_load' retrieved from /opt/airflow/dags/etl_extract_load.py
[2025-04-06T02:33:24.688+0000] {logging_mixin.py:190} INFO - [2025-04-06T02:33:24.687+0000] {dag.py:3239} INFO - Sync 1 DAGs
[2025-04-06T02:33:25.314+0000] {logging_mixin.py:190} INFO - [2025-04-06T02:33:25.313+0000] {dag.py:4180} INFO - Setting next_dagrun for et_extract_load to None, run_after=None
[2025-04-06T02:33:25.343+0000] {processor.py:208} INFO - Processing /opt/airflow/dags/etl_extract_load.py took 0.887 seconds
[2025-04-06T02:50:08.728+0000] {processor.py:186} INFO - Started process (PID=77093) to work on /opt/airflow/dags/etl_extract_load.py
[2025-04-06T02:50:08.730+0000] {processor.py:914} INFO - Processing file /opt/airflow/dags/etl_extract_load.py for tasks to queue
[2025-04-06T02:50:08.732+0000] {logging_mixin.py:190} INFO - [2025-04-06T02:50:08.731+0000] {dagbag.py:588} INFO - Filling up the DagBag from /opt/airflow/dags/etl_extract_load.py
[2025-04-06T02:50:08.786+0000] {processor.py:925} INFO - DAG(s) 'et_extract_load' retrieved from /opt/airflow/dags/etl_extract_load.py
[2025-04-06T02:50:08.804+0000] {logging_mixin.py:190} INFO - [2025-04-06T02:50:08.804+0000] {dag.py:3239} INFO - Sync 1 DAGs
[2025-04-06T02:50:08.818+0000] {logging_mixin.py:190} INFO - [2025-04-06T02:50:08.818+0000] {dag.py:4180} INFO - Setting next_dagrun for et_extract_load to None, run_after=None
[2025-04-06T02:50:08.832+0000] {processor.py:208} INFO - Processing /opt/airflow/dags/etl_extract_load.py took 0.115 seconds
[2025-04-06T02:51:53.894+0000] {processor.py:186} INFO - Started process (PID=77158) to work on /opt/airflow/dags/etl_extract_load.py
[2025-04-06T02:51:53.896+0000] {processor.py:914} INFO - Processing file /opt/airflow/dags/etl_extract_load.py for tasks to queue
[2025-04-06T02:51:53.898+0000] {logging_mixin.py:190} INFO - [2025-04-06T02:51:53.898+0000] {dagbag.py:588} INFO - Filling up the DagBag from /opt/airflow/dags/etl_extract_load.py
[2025-04-06T02:51:53.932+0000] {processor.py:925} INFO - DAG(s) 'et_extract_load' retrieved from /opt/airflow/dags/etl_extract_load.py
[2025-04-06T02:51:53.949+0000] {logging_mixin.py:190} INFO - [2025-04-06T02:51:53.949+0000] {dag.py:3239} INFO - Sync 1 DAGs
[2025-04-06T02:51:53.961+0000] {logging_mixin.py:190} INFO - [2025-04-06T02:51:53.961+0000] {dag.py:4180} INFO - Setting next_dagrun for et_extract_load to None, run_after=None
[2025-04-06T02:51:53.982+0000] {processor.py:208} INFO - Processing /opt/airflow/dags/etl_extract_load.py took 0.100 seconds
[2025-04-06T04:01:39.173+0000] {processor.py:186} INFO - Started process (PID=77223) to work on /opt/airflow/dags/etl_extract_load.py
[2025-04-06T04:01:39.174+0000] {processor.py:914} INFO - Processing file /opt/airflow/dags/etl_extract_load.py for tasks to queue
[2025-04-06T04:01:39.176+0000] {logging_mixin.py:190} INFO - [2025-04-06T04:01:39.175+0000] {dagbag.py:588} INFO - Filling up the DagBag from /opt/airflow/dags/etl_extract_load.py
[2025-04-06T04:01:39.209+0000] {processor.py:925} INFO - DAG(s) 'et_extract_load' retrieved from /opt/airflow/dags/etl_extract_load.py
[2025-04-06T04:01:39.227+0000] {logging_mixin.py:190} INFO - [2025-04-06T04:01:39.226+0000] {dag.py:3239} INFO - Sync 1 DAGs
[2025-04-06T04:01:39.241+0000] {logging_mixin.py:190} INFO - [2025-04-06T04:01:39.241+0000] {dag.py:4180} INFO - Setting next_dagrun for et_extract_load to None, run_after=None
[2025-04-06T04:01:39.259+0000] {processor.py:208} INFO - Processing /opt/airflow/dags/etl_extract_load.py took 0.106 seconds
[2025-04-06T04:03:23.755+0000] {processor.py:186} INFO - Started process (PID=77288) to work on /opt/airflow/dags/etl_extract_load.py
[2025-04-06T04:03:23.758+0000] {processor.py:914} INFO - Processing file /opt/airflow/dags/etl_extract_load.py for tasks to queue
[2025-04-06T04:03:23.761+0000] {logging_mixin.py:190} INFO - [2025-04-06T04:03:23.760+0000] {dagbag.py:588} INFO - Filling up the DagBag from /opt/airflow/dags/etl_extract_load.py
[2025-04-06T04:03:23.831+0000] {processor.py:925} INFO - DAG(s) 'et_extract_load' retrieved from /opt/airflow/dags/etl_extract_load.py
[2025-04-06T04:03:23.853+0000] {logging_mixin.py:190} INFO - [2025-04-06T04:03:23.853+0000] {dag.py:3239} INFO - Sync 1 DAGs
[2025-04-06T04:03:23.868+0000] {logging_mixin.py:190} INFO - [2025-04-06T04:03:23.868+0000] {dag.py:4180} INFO - Setting next_dagrun for et_extract_load to None, run_after=None
[2025-04-06T04:03:23.905+0000] {processor.py:208} INFO - Processing /opt/airflow/dags/etl_extract_load.py took 0.162 seconds
[2025-04-06T04:04:44.352+0000] {processor.py:186} INFO - Started process (PID=77353) to work on /opt/airflow/dags/etl_extract_load.py
[2025-04-06T04:04:44.354+0000] {processor.py:914} INFO - Processing file /opt/airflow/dags/etl_extract_load.py for tasks to queue
[2025-04-06T04:04:44.356+0000] {logging_mixin.py:190} INFO - [2025-04-06T04:04:44.356+0000] {dagbag.py:588} INFO - Filling up the DagBag from /opt/airflow/dags/etl_extract_load.py
[2025-04-06T04:04:44.396+0000] {processor.py:925} INFO - DAG(s) 'et_extract_load' retrieved from /opt/airflow/dags/etl_extract_load.py
[2025-04-06T04:04:44.427+0000] {logging_mixin.py:190} INFO - [2025-04-06T04:04:44.426+0000] {dag.py:3239} INFO - Sync 1 DAGs
[2025-04-06T04:04:44.442+0000] {logging_mixin.py:190} INFO - [2025-04-06T04:04:44.442+0000] {dag.py:4180} INFO - Setting next_dagrun for et_extract_load to None, run_after=None
[2025-04-06T04:04:44.458+0000] {processor.py:208} INFO - Processing /opt/airflow/dags/etl_extract_load.py took 0.118 seconds
[2025-04-06T06:03:11.621+0000] {processor.py:186} INFO - Started process (PID=77418) to work on /opt/airflow/dags/etl_extract_load.py
[2025-04-06T06:03:11.624+0000] {processor.py:914} INFO - Processing file /opt/airflow/dags/etl_extract_load.py for tasks to queue
[2025-04-06T06:03:11.636+0000] {logging_mixin.py:190} INFO - [2025-04-06T06:03:11.626+0000] {dagbag.py:588} INFO - Filling up the DagBag from /opt/airflow/dags/etl_extract_load.py
[2025-04-06T06:03:11.672+0000] {processor.py:925} INFO - DAG(s) 'et_extract_load' retrieved from /opt/airflow/dags/etl_extract_load.py
[2025-04-06T06:03:11.713+0000] {logging_mixin.py:190} INFO - [2025-04-06T06:03:11.712+0000] {dag.py:3239} INFO - Sync 1 DAGs
[2025-04-06T06:03:11.728+0000] {logging_mixin.py:190} INFO - [2025-04-06T06:03:11.728+0000] {dag.py:4180} INFO - Setting next_dagrun for et_extract_load to None, run_after=None
[2025-04-06T06:03:11.742+0000] {processor.py:208} INFO - Processing /opt/airflow/dags/etl_extract_load.py took 0.144 seconds
[2025-04-06T06:04:32.044+0000] {processor.py:186} INFO - Started process (PID=77483) to work on /opt/airflow/dags/etl_extract_load.py
[2025-04-06T06:04:32.046+0000] {processor.py:914} INFO - Processing file /opt/airflow/dags/etl_extract_load.py for tasks to queue
[2025-04-06T06:04:32.048+0000] {logging_mixin.py:190} INFO - [2025-04-06T06:04:32.047+0000] {dagbag.py:588} INFO - Filling up the DagBag from /opt/airflow/dags/etl_extract_load.py
[2025-04-06T06:04:32.106+0000] {processor.py:925} INFO - DAG(s) 'et_extract_load' retrieved from /opt/airflow/dags/etl_extract_load.py
[2025-04-06T06:04:32.126+0000] {logging_mixin.py:190} INFO - [2025-04-06T06:04:32.126+0000] {dag.py:3239} INFO - Sync 1 DAGs
[2025-04-06T06:04:32.140+0000] {logging_mixin.py:190} INFO - [2025-04-06T06:04:32.140+0000] {dag.py:4180} INFO - Setting next_dagrun for et_extract_load to None, run_after=None
[2025-04-06T06:04:32.152+0000] {processor.py:208} INFO - Processing /opt/airflow/dags/etl_extract_load.py took 0.125 seconds
[2025-04-06T07:00:04.814+0000] {processor.py:186} INFO - Started process (PID=77548) to work on /opt/airflow/dags/etl_extract_load.py
[2025-04-06T07:00:04.816+0000] {processor.py:914} INFO - Processing file /opt/airflow/dags/etl_extract_load.py for tasks to queue
[2025-04-06T07:00:04.818+0000] {logging_mixin.py:190} INFO - [2025-04-06T07:00:04.818+0000] {dagbag.py:588} INFO - Filling up the DagBag from /opt/airflow/dags/etl_extract_load.py
[2025-04-06T07:00:04.866+0000] {processor.py:925} INFO - DAG(s) 'et_extract_load' retrieved from /opt/airflow/dags/etl_extract_load.py
[2025-04-06T07:00:04.885+0000] {logging_mixin.py:190} INFO - [2025-04-06T07:00:04.885+0000] {dag.py:3239} INFO - Sync 1 DAGs
[2025-04-06T07:00:04.909+0000] {logging_mixin.py:190} INFO - [2025-04-06T07:00:04.909+0000] {dag.py:4180} INFO - Setting next_dagrun for et_extract_load to None, run_after=None
[2025-04-06T07:00:04.933+0000] {processor.py:208} INFO - Processing /opt/airflow/dags/etl_extract_load.py took 0.145 seconds
[2025-04-06T07:18:32.807+0000] {processor.py:186} INFO - Started process (PID=77613) to work on /opt/airflow/dags/etl_extract_load.py
[2025-04-06T07:18:32.811+0000] {processor.py:914} INFO - Processing file /opt/airflow/dags/etl_extract_load.py for tasks to queue
[2025-04-06T07:18:32.815+0000] {logging_mixin.py:190} INFO - [2025-04-06T07:18:32.814+0000] {dagbag.py:588} INFO - Filling up the DagBag from /opt/airflow/dags/etl_extract_load.py
[2025-04-06T07:18:32.909+0000] {processor.py:925} INFO - DAG(s) 'et_extract_load' retrieved from /opt/airflow/dags/etl_extract_load.py
[2025-04-06T07:18:32.955+0000] {logging_mixin.py:190} INFO - [2025-04-06T07:18:32.955+0000] {dag.py:3239} INFO - Sync 1 DAGs
[2025-04-06T07:18:33.001+0000] {logging_mixin.py:190} INFO - [2025-04-06T07:18:33.001+0000] {dag.py:4180} INFO - Setting next_dagrun for et_extract_load to None, run_after=None
[2025-04-06T07:18:33.077+0000] {processor.py:208} INFO - Processing /opt/airflow/dags/etl_extract_load.py took 0.307 seconds
[2025-04-06T07:20:17.603+0000] {processor.py:186} INFO - Started process (PID=77678) to work on /opt/airflow/dags/etl_extract_load.py
[2025-04-06T07:20:17.606+0000] {processor.py:914} INFO - Processing file /opt/airflow/dags/etl_extract_load.py for tasks to queue
[2025-04-06T07:20:17.608+0000] {logging_mixin.py:190} INFO - [2025-04-06T07:20:17.607+0000] {dagbag.py:588} INFO - Filling up the DagBag from /opt/airflow/dags/etl_extract_load.py
[2025-04-06T07:20:17.654+0000] {processor.py:925} INFO - DAG(s) 'et_extract_load' retrieved from /opt/airflow/dags/etl_extract_load.py
[2025-04-06T07:20:17.675+0000] {logging_mixin.py:190} INFO - [2025-04-06T07:20:17.675+0000] {dag.py:3239} INFO - Sync 1 DAGs
[2025-04-06T07:20:17.689+0000] {logging_mixin.py:190} INFO - [2025-04-06T07:20:17.689+0000] {dag.py:4180} INFO - Setting next_dagrun for et_extract_load to None, run_after=None
[2025-04-06T07:20:17.706+0000] {processor.py:208} INFO - Processing /opt/airflow/dags/etl_extract_load.py took 0.125 seconds
[2025-04-06T07:21:37.440+0000] {processor.py:186} INFO - Started process (PID=77743) to work on /opt/airflow/dags/etl_extract_load.py
[2025-04-06T07:21:37.442+0000] {processor.py:914} INFO - Processing file /opt/airflow/dags/etl_extract_load.py for tasks to queue
[2025-04-06T07:21:37.444+0000] {logging_mixin.py:190} INFO - [2025-04-06T07:21:37.444+0000] {dagbag.py:588} INFO - Filling up the DagBag from /opt/airflow/dags/etl_extract_load.py
[2025-04-06T07:21:37.479+0000] {processor.py:925} INFO - DAG(s) 'et_extract_load' retrieved from /opt/airflow/dags/etl_extract_load.py
[2025-04-06T07:21:37.498+0000] {logging_mixin.py:190} INFO - [2025-04-06T07:21:37.498+0000] {dag.py:3239} INFO - Sync 1 DAGs
[2025-04-06T07:21:37.512+0000] {logging_mixin.py:190} INFO - [2025-04-06T07:21:37.511+0000] {dag.py:4180} INFO - Setting next_dagrun for et_extract_load to None, run_after=None
[2025-04-06T07:21:37.525+0000] {processor.py:208} INFO - Processing /opt/airflow/dags/etl_extract_load.py took 0.097 seconds
[2025-04-06T08:04:48.536+0000] {processor.py:186} INFO - Started process (PID=77808) to work on /opt/airflow/dags/etl_extract_load.py
[2025-04-06T08:04:48.537+0000] {processor.py:914} INFO - Processing file /opt/airflow/dags/etl_extract_load.py for tasks to queue
[2025-04-06T08:04:48.539+0000] {logging_mixin.py:190} INFO - [2025-04-06T08:04:48.538+0000] {dagbag.py:588} INFO - Filling up the DagBag from /opt/airflow/dags/etl_extract_load.py
[2025-04-06T08:04:48.570+0000] {processor.py:925} INFO - DAG(s) 'et_extract_load' retrieved from /opt/airflow/dags/etl_extract_load.py
[2025-04-06T08:04:48.586+0000] {logging_mixin.py:190} INFO - [2025-04-06T08:04:48.586+0000] {dag.py:3239} INFO - Sync 1 DAGs
[2025-04-06T08:04:48.598+0000] {logging_mixin.py:190} INFO - [2025-04-06T08:04:48.598+0000] {dag.py:4180} INFO - Setting next_dagrun for et_extract_load to None, run_after=None
[2025-04-06T08:04:48.609+0000] {processor.py:208} INFO - Processing /opt/airflow/dags/etl_extract_load.py took 0.084 seconds
[2025-04-06T08:06:33.629+0000] {processor.py:186} INFO - Started process (PID=77873) to work on /opt/airflow/dags/etl_extract_load.py
[2025-04-06T08:06:33.631+0000] {processor.py:914} INFO - Processing file /opt/airflow/dags/etl_extract_load.py for tasks to queue
[2025-04-06T08:06:33.632+0000] {logging_mixin.py:190} INFO - [2025-04-06T08:06:33.632+0000] {dagbag.py:588} INFO - Filling up the DagBag from /opt/airflow/dags/etl_extract_load.py
[2025-04-06T08:06:33.667+0000] {processor.py:925} INFO - DAG(s) 'et_extract_load' retrieved from /opt/airflow/dags/etl_extract_load.py
[2025-04-06T08:06:33.686+0000] {logging_mixin.py:190} INFO - [2025-04-06T08:06:33.686+0000] {dag.py:3239} INFO - Sync 1 DAGs
[2025-04-06T08:06:33.699+0000] {logging_mixin.py:190} INFO - [2025-04-06T08:06:33.699+0000] {dag.py:4180} INFO - Setting next_dagrun for et_extract_load to None, run_after=None
[2025-04-06T08:06:33.712+0000] {processor.py:208} INFO - Processing /opt/airflow/dags/etl_extract_load.py took 0.096 seconds
[2025-04-06T08:25:28.832+0000] {processor.py:186} INFO - Started process (PID=77938) to work on /opt/airflow/dags/etl_extract_load.py
[2025-04-06T08:25:28.834+0000] {processor.py:914} INFO - Processing file /opt/airflow/dags/etl_extract_load.py for tasks to queue
[2025-04-06T08:25:28.835+0000] {logging_mixin.py:190} INFO - [2025-04-06T08:25:28.835+0000] {dagbag.py:588} INFO - Filling up the DagBag from /opt/airflow/dags/etl_extract_load.py
[2025-04-06T08:25:28.865+0000] {processor.py:925} INFO - DAG(s) 'et_extract_load' retrieved from /opt/airflow/dags/etl_extract_load.py
[2025-04-06T08:25:28.891+0000] {logging_mixin.py:190} INFO - [2025-04-06T08:25:28.891+0000] {dag.py:3239} INFO - Sync 1 DAGs
[2025-04-06T08:25:28.907+0000] {logging_mixin.py:190} INFO - [2025-04-06T08:25:28.907+0000] {dag.py:4180} INFO - Setting next_dagrun for et_extract_load to None, run_after=None
[2025-04-06T08:25:28.921+0000] {processor.py:208} INFO - Processing /opt/airflow/dags/etl_extract_load.py took 0.099 seconds
[2025-04-06T08:26:49.033+0000] {processor.py:186} INFO - Started process (PID=78003) to work on /opt/airflow/dags/etl_extract_load.py
[2025-04-06T08:26:49.092+0000] {processor.py:914} INFO - Processing file /opt/airflow/dags/etl_extract_load.py for tasks to queue
[2025-04-06T08:26:49.100+0000] {logging_mixin.py:190} INFO - [2025-04-06T08:26:49.097+0000] {dagbag.py:588} INFO - Filling up the DagBag from /opt/airflow/dags/etl_extract_load.py
[2025-04-06T08:26:49.146+0000] {processor.py:925} INFO - DAG(s) 'et_extract_load' retrieved from /opt/airflow/dags/etl_extract_load.py
[2025-04-06T08:26:49.169+0000] {logging_mixin.py:190} INFO - [2025-04-06T08:26:49.169+0000] {dag.py:3239} INFO - Sync 1 DAGs
[2025-04-06T08:26:49.198+0000] {logging_mixin.py:190} INFO - [2025-04-06T08:26:49.198+0000] {dag.py:4180} INFO - Setting next_dagrun for et_extract_load to None, run_after=None
[2025-04-06T08:26:49.231+0000] {processor.py:208} INFO - Processing /opt/airflow/dags/etl_extract_load.py took 0.212 seconds
[2025-04-06T08:28:33.268+0000] {processor.py:186} INFO - Started process (PID=78068) to work on /opt/airflow/dags/etl_extract_load.py
[2025-04-06T08:28:33.270+0000] {processor.py:914} INFO - Processing file /opt/airflow/dags/etl_extract_load.py for tasks to queue
[2025-04-06T08:28:33.273+0000] {logging_mixin.py:190} INFO - [2025-04-06T08:28:33.272+0000] {dagbag.py:588} INFO - Filling up the DagBag from /opt/airflow/dags/etl_extract_load.py
[2025-04-06T08:28:33.311+0000] {processor.py:925} INFO - DAG(s) 'et_extract_load' retrieved from /opt/airflow/dags/etl_extract_load.py
[2025-04-06T08:28:33.342+0000] {logging_mixin.py:190} INFO - [2025-04-06T08:28:33.342+0000] {dag.py:3239} INFO - Sync 1 DAGs
[2025-04-06T08:28:33.359+0000] {logging_mixin.py:190} INFO - [2025-04-06T08:28:33.359+0000] {dag.py:4180} INFO - Setting next_dagrun for et_extract_load to None, run_after=None
[2025-04-06T08:28:33.375+0000] {processor.py:208} INFO - Processing /opt/airflow/dags/etl_extract_load.py took 0.120 seconds
[2025-04-06T09:06:09.650+0000] {processor.py:186} INFO - Started process (PID=78133) to work on /opt/airflow/dags/etl_extract_load.py
[2025-04-06T09:06:09.652+0000] {processor.py:914} INFO - Processing file /opt/airflow/dags/etl_extract_load.py for tasks to queue
[2025-04-06T09:06:09.656+0000] {logging_mixin.py:190} INFO - [2025-04-06T09:06:09.654+0000] {dagbag.py:588} INFO - Filling up the DagBag from /opt/airflow/dags/etl_extract_load.py
[2025-04-06T09:06:09.709+0000] {processor.py:925} INFO - DAG(s) 'et_extract_load' retrieved from /opt/airflow/dags/etl_extract_load.py
[2025-04-06T09:06:09.734+0000] {logging_mixin.py:190} INFO - [2025-04-06T09:06:09.733+0000] {dag.py:3239} INFO - Sync 1 DAGs
[2025-04-06T09:06:09.756+0000] {logging_mixin.py:190} INFO - [2025-04-06T09:06:09.756+0000] {dag.py:4180} INFO - Setting next_dagrun for et_extract_load to None, run_after=None
[2025-04-06T09:06:09.786+0000] {processor.py:208} INFO - Processing /opt/airflow/dags/etl_extract_load.py took 0.149 seconds
[2025-04-06T09:22:04.817+0000] {processor.py:186} INFO - Started process (PID=78198) to work on /opt/airflow/dags/etl_extract_load.py
[2025-04-06T09:22:04.820+0000] {processor.py:914} INFO - Processing file /opt/airflow/dags/etl_extract_load.py for tasks to queue
[2025-04-06T09:22:04.824+0000] {logging_mixin.py:190} INFO - [2025-04-06T09:22:04.822+0000] {dagbag.py:588} INFO - Filling up the DagBag from /opt/airflow/dags/etl_extract_load.py
[2025-04-06T09:22:04.877+0000] {processor.py:925} INFO - DAG(s) 'et_extract_load' retrieved from /opt/airflow/dags/etl_extract_load.py
[2025-04-06T09:22:04.897+0000] {logging_mixin.py:190} INFO - [2025-04-06T09:22:04.897+0000] {dag.py:3239} INFO - Sync 1 DAGs
[2025-04-06T09:22:04.914+0000] {logging_mixin.py:190} INFO - [2025-04-06T09:22:04.914+0000] {dag.py:4180} INFO - Setting next_dagrun for et_extract_load to None, run_after=None
[2025-04-06T09:22:04.929+0000] {processor.py:208} INFO - Processing /opt/airflow/dags/etl_extract_load.py took 0.130 seconds
[2025-04-06T09:37:59.666+0000] {processor.py:186} INFO - Started process (PID=78264) to work on /opt/airflow/dags/etl_extract_load.py
[2025-04-06T09:37:59.668+0000] {processor.py:914} INFO - Processing file /opt/airflow/dags/etl_extract_load.py for tasks to queue
[2025-04-06T09:37:59.676+0000] {logging_mixin.py:190} INFO - [2025-04-06T09:37:59.674+0000] {dagbag.py:588} INFO - Filling up the DagBag from /opt/airflow/dags/etl_extract_load.py
[2025-04-06T09:37:59.725+0000] {processor.py:925} INFO - DAG(s) 'et_extract_load' retrieved from /opt/airflow/dags/etl_extract_load.py
[2025-04-06T09:37:59.745+0000] {logging_mixin.py:190} INFO - [2025-04-06T09:37:59.744+0000] {dag.py:3239} INFO - Sync 1 DAGs
[2025-04-06T09:37:59.759+0000] {logging_mixin.py:190} INFO - [2025-04-06T09:37:59.759+0000] {dag.py:4180} INFO - Setting next_dagrun for et_extract_load to None, run_after=None
[2025-04-06T09:37:59.772+0000] {processor.py:208} INFO - Processing /opt/airflow/dags/etl_extract_load.py took 0.119 seconds
[2025-04-06T09:39:20.328+0000] {processor.py:186} INFO - Started process (PID=78329) to work on /opt/airflow/dags/etl_extract_load.py
[2025-04-06T09:39:20.331+0000] {processor.py:914} INFO - Processing file /opt/airflow/dags/etl_extract_load.py for tasks to queue
[2025-04-06T09:39:20.332+0000] {logging_mixin.py:190} INFO - [2025-04-06T09:39:20.332+0000] {dagbag.py:588} INFO - Filling up the DagBag from /opt/airflow/dags/etl_extract_load.py
[2025-04-06T09:39:20.394+0000] {processor.py:925} INFO - DAG(s) 'et_extract_load' retrieved from /opt/airflow/dags/etl_extract_load.py
[2025-04-06T09:39:20.415+0000] {logging_mixin.py:190} INFO - [2025-04-06T09:39:20.415+0000] {dag.py:3239} INFO - Sync 1 DAGs
[2025-04-06T09:39:20.428+0000] {logging_mixin.py:190} INFO - [2025-04-06T09:39:20.428+0000] {dag.py:4180} INFO - Setting next_dagrun for et_extract_load to None, run_after=None
[2025-04-06T09:39:20.443+0000] {processor.py:208} INFO - Processing /opt/airflow/dags/etl_extract_load.py took 0.128 seconds
[2025-04-06T09:55:39.730+0000] {processor.py:186} INFO - Started process (PID=78394) to work on /opt/airflow/dags/etl_extract_load.py
[2025-04-06T09:55:39.732+0000] {processor.py:914} INFO - Processing file /opt/airflow/dags/etl_extract_load.py for tasks to queue
[2025-04-06T09:55:39.734+0000] {logging_mixin.py:190} INFO - [2025-04-06T09:55:39.733+0000] {dagbag.py:588} INFO - Filling up the DagBag from /opt/airflow/dags/etl_extract_load.py
[2025-04-06T09:55:39.783+0000] {processor.py:925} INFO - DAG(s) 'et_extract_load' retrieved from /opt/airflow/dags/etl_extract_load.py
[2025-04-06T09:55:39.806+0000] {logging_mixin.py:190} INFO - [2025-04-06T09:55:39.806+0000] {dag.py:3239} INFO - Sync 1 DAGs
[2025-04-06T09:55:39.820+0000] {logging_mixin.py:190} INFO - [2025-04-06T09:55:39.820+0000] {dag.py:4180} INFO - Setting next_dagrun for et_extract_load to None, run_after=None
[2025-04-06T09:55:39.837+0000] {processor.py:208} INFO - Processing /opt/airflow/dags/etl_extract_load.py took 0.127 seconds
[2025-04-06T10:21:54.913+0000] {processor.py:186} INFO - Started process (PID=78459) to work on /opt/airflow/dags/etl_extract_load.py
[2025-04-06T10:21:54.915+0000] {processor.py:914} INFO - Processing file /opt/airflow/dags/etl_extract_load.py for tasks to queue
[2025-04-06T10:21:54.918+0000] {logging_mixin.py:190} INFO - [2025-04-06T10:21:54.917+0000] {dagbag.py:588} INFO - Filling up the DagBag from /opt/airflow/dags/etl_extract_load.py
[2025-04-06T10:21:54.963+0000] {processor.py:925} INFO - DAG(s) 'et_extract_load' retrieved from /opt/airflow/dags/etl_extract_load.py
[2025-04-06T10:21:54.984+0000] {logging_mixin.py:190} INFO - [2025-04-06T10:21:54.984+0000] {dag.py:3239} INFO - Sync 1 DAGs
[2025-04-06T10:21:54.998+0000] {logging_mixin.py:190} INFO - [2025-04-06T10:21:54.998+0000] {dag.py:4180} INFO - Setting next_dagrun for et_extract_load to None, run_after=None
[2025-04-06T10:21:55.013+0000] {processor.py:208} INFO - Processing /opt/airflow/dags/etl_extract_load.py took 0.114 seconds
[2025-04-06T10:23:40.073+0000] {processor.py:186} INFO - Started process (PID=78524) to work on /opt/airflow/dags/etl_extract_load.py
[2025-04-06T10:23:40.075+0000] {processor.py:914} INFO - Processing file /opt/airflow/dags/etl_extract_load.py for tasks to queue
[2025-04-06T10:23:40.082+0000] {logging_mixin.py:190} INFO - [2025-04-06T10:23:40.078+0000] {dagbag.py:588} INFO - Filling up the DagBag from /opt/airflow/dags/etl_extract_load.py
[2025-04-06T10:23:40.130+0000] {processor.py:925} INFO - DAG(s) 'et_extract_load' retrieved from /opt/airflow/dags/etl_extract_load.py
[2025-04-06T10:23:40.150+0000] {logging_mixin.py:190} INFO - [2025-04-06T10:23:40.149+0000] {dag.py:3239} INFO - Sync 1 DAGs
[2025-04-06T10:23:40.164+0000] {logging_mixin.py:190} INFO - [2025-04-06T10:23:40.164+0000] {dag.py:4180} INFO - Setting next_dagrun for et_extract_load to None, run_after=None
[2025-04-06T10:23:40.177+0000] {processor.py:208} INFO - Processing /opt/airflow/dags/etl_extract_load.py took 0.119 seconds
[2025-04-06T10:24:59.243+0000] {processor.py:186} INFO - Started process (PID=78589) to work on /opt/airflow/dags/etl_extract_load.py
[2025-04-06T10:24:59.245+0000] {processor.py:914} INFO - Processing file /opt/airflow/dags/etl_extract_load.py for tasks to queue
[2025-04-06T10:24:59.247+0000] {logging_mixin.py:190} INFO - [2025-04-06T10:24:59.246+0000] {dagbag.py:588} INFO - Filling up the DagBag from /opt/airflow/dags/etl_extract_load.py
[2025-04-06T10:24:59.270+0000] {processor.py:925} INFO - DAG(s) 'et_extract_load' retrieved from /opt/airflow/dags/etl_extract_load.py
[2025-04-06T10:24:59.284+0000] {logging_mixin.py:190} INFO - [2025-04-06T10:24:59.284+0000] {dag.py:3239} INFO - Sync 1 DAGs
[2025-04-06T10:24:59.294+0000] {logging_mixin.py:190} INFO - [2025-04-06T10:24:59.294+0000] {dag.py:4180} INFO - Setting next_dagrun for et_extract_load to None, run_after=None
[2025-04-06T10:24:59.305+0000] {processor.py:208} INFO - Processing /opt/airflow/dags/etl_extract_load.py took 0.072 seconds
[2025-04-06T11:08:18.375+0000] {processor.py:186} INFO - Started process (PID=78654) to work on /opt/airflow/dags/etl_extract_load.py
[2025-04-06T11:08:18.377+0000] {processor.py:914} INFO - Processing file /opt/airflow/dags/etl_extract_load.py for tasks to queue
[2025-04-06T11:08:18.379+0000] {logging_mixin.py:190} INFO - [2025-04-06T11:08:18.378+0000] {dagbag.py:588} INFO - Filling up the DagBag from /opt/airflow/dags/etl_extract_load.py
[2025-04-06T11:08:18.429+0000] {processor.py:925} INFO - DAG(s) 'et_extract_load' retrieved from /opt/airflow/dags/etl_extract_load.py
[2025-04-06T11:08:18.446+0000] {logging_mixin.py:190} INFO - [2025-04-06T11:08:18.446+0000] {dag.py:3239} INFO - Sync 1 DAGs
[2025-04-06T11:08:18.457+0000] {logging_mixin.py:190} INFO - [2025-04-06T11:08:18.457+0000] {dag.py:4180} INFO - Setting next_dagrun for et_extract_load to None, run_after=None
[2025-04-06T11:08:18.468+0000] {processor.py:208} INFO - Processing /opt/airflow/dags/etl_extract_load.py took 0.103 seconds
[2025-04-06T11:24:13.857+0000] {processor.py:186} INFO - Started process (PID=78719) to work on /opt/airflow/dags/etl_extract_load.py
[2025-04-06T11:24:13.859+0000] {processor.py:914} INFO - Processing file /opt/airflow/dags/etl_extract_load.py for tasks to queue
[2025-04-06T11:24:13.860+0000] {logging_mixin.py:190} INFO - [2025-04-06T11:24:13.860+0000] {dagbag.py:588} INFO - Filling up the DagBag from /opt/airflow/dags/etl_extract_load.py
[2025-04-06T11:24:13.891+0000] {processor.py:925} INFO - DAG(s) 'et_extract_load' retrieved from /opt/airflow/dags/etl_extract_load.py
[2025-04-06T11:24:13.909+0000] {logging_mixin.py:190} INFO - [2025-04-06T11:24:13.909+0000] {dag.py:3239} INFO - Sync 1 DAGs
[2025-04-06T11:24:13.925+0000] {logging_mixin.py:190} INFO - [2025-04-06T11:24:13.924+0000] {dag.py:4180} INFO - Setting next_dagrun for et_extract_load to None, run_after=None
[2025-04-06T11:24:13.950+0000] {processor.py:208} INFO - Processing /opt/airflow/dags/etl_extract_load.py took 0.102 seconds
[2025-04-06T11:25:33.403+0000] {processor.py:186} INFO - Started process (PID=78784) to work on /opt/airflow/dags/etl_extract_load.py
[2025-04-06T11:25:33.405+0000] {processor.py:914} INFO - Processing file /opt/airflow/dags/etl_extract_load.py for tasks to queue
[2025-04-06T11:25:33.407+0000] {logging_mixin.py:190} INFO - [2025-04-06T11:25:33.406+0000] {dagbag.py:588} INFO - Filling up the DagBag from /opt/airflow/dags/etl_extract_load.py
[2025-04-06T11:25:33.440+0000] {processor.py:925} INFO - DAG(s) 'et_extract_load' retrieved from /opt/airflow/dags/etl_extract_load.py
[2025-04-06T11:25:33.467+0000] {logging_mixin.py:190} INFO - [2025-04-06T11:25:33.466+0000] {dag.py:3239} INFO - Sync 1 DAGs
[2025-04-06T11:25:33.480+0000] {logging_mixin.py:190} INFO - [2025-04-06T11:25:33.480+0000] {dag.py:4180} INFO - Setting next_dagrun for et_extract_load to None, run_after=None
[2025-04-06T11:25:33.495+0000] {processor.py:208} INFO - Processing /opt/airflow/dags/etl_extract_load.py took 0.101 seconds
[2025-04-06T11:56:53.043+0000] {processor.py:186} INFO - Started process (PID=78849) to work on /opt/airflow/dags/etl_extract_load.py
[2025-04-06T11:56:53.045+0000] {processor.py:914} INFO - Processing file /opt/airflow/dags/etl_extract_load.py for tasks to queue
[2025-04-06T11:56:53.047+0000] {logging_mixin.py:190} INFO - [2025-04-06T11:56:53.046+0000] {dagbag.py:588} INFO - Filling up the DagBag from /opt/airflow/dags/etl_extract_load.py
[2025-04-06T11:56:53.087+0000] {processor.py:925} INFO - DAG(s) 'et_extract_load' retrieved from /opt/airflow/dags/etl_extract_load.py
[2025-04-06T11:56:53.114+0000] {logging_mixin.py:190} INFO - [2025-04-06T11:56:53.113+0000] {dag.py:3239} INFO - Sync 1 DAGs
[2025-04-06T11:56:53.128+0000] {logging_mixin.py:190} INFO - [2025-04-06T11:56:53.128+0000] {dag.py:4180} INFO - Setting next_dagrun for et_extract_load to None, run_after=None
[2025-04-06T11:56:53.143+0000] {processor.py:208} INFO - Processing /opt/airflow/dags/etl_extract_load.py took 0.112 seconds
[2025-04-06T12:08:04.287+0000] {processor.py:186} INFO - Started process (PID=78914) to work on /opt/airflow/dags/etl_extract_load.py
[2025-04-06T12:08:04.289+0000] {processor.py:914} INFO - Processing file /opt/airflow/dags/etl_extract_load.py for tasks to queue
[2025-04-06T12:08:04.291+0000] {logging_mixin.py:190} INFO - [2025-04-06T12:08:04.290+0000] {dagbag.py:588} INFO - Filling up the DagBag from /opt/airflow/dags/etl_extract_load.py
[2025-04-06T12:08:04.340+0000] {processor.py:925} INFO - DAG(s) 'et_extract_load' retrieved from /opt/airflow/dags/etl_extract_load.py
[2025-04-06T12:08:04.360+0000] {logging_mixin.py:190} INFO - [2025-04-06T12:08:04.360+0000] {dag.py:3239} INFO - Sync 1 DAGs
[2025-04-06T12:08:04.374+0000] {logging_mixin.py:190} INFO - [2025-04-06T12:08:04.373+0000] {dag.py:4180} INFO - Setting next_dagrun for et_extract_load to None, run_after=None
[2025-04-06T12:08:04.387+0000] {processor.py:208} INFO - Processing /opt/airflow/dags/etl_extract_load.py took 0.112 seconds
[2025-04-06T12:24:23.903+0000] {processor.py:186} INFO - Started process (PID=78979) to work on /opt/airflow/dags/etl_extract_load.py
[2025-04-06T12:24:23.904+0000] {processor.py:914} INFO - Processing file /opt/airflow/dags/etl_extract_load.py for tasks to queue
[2025-04-06T12:24:23.906+0000] {logging_mixin.py:190} INFO - [2025-04-06T12:24:23.906+0000] {dagbag.py:588} INFO - Filling up the DagBag from /opt/airflow/dags/etl_extract_load.py
[2025-04-06T12:24:23.940+0000] {processor.py:925} INFO - DAG(s) 'et_extract_load' retrieved from /opt/airflow/dags/etl_extract_load.py
[2025-04-06T12:24:23.958+0000] {logging_mixin.py:190} INFO - [2025-04-06T12:24:23.958+0000] {dag.py:3239} INFO - Sync 1 DAGs
[2025-04-06T12:24:23.980+0000] {logging_mixin.py:190} INFO - [2025-04-06T12:24:23.979+0000] {dag.py:4180} INFO - Setting next_dagrun for et_extract_load to None, run_after=None
[2025-04-06T12:24:24.004+0000] {processor.py:208} INFO - Processing /opt/airflow/dags/etl_extract_load.py took 0.112 seconds
[2025-04-06T12:25:44.090+0000] {processor.py:186} INFO - Started process (PID=79044) to work on /opt/airflow/dags/etl_extract_load.py
[2025-04-06T12:25:44.092+0000] {processor.py:914} INFO - Processing file /opt/airflow/dags/etl_extract_load.py for tasks to queue
[2025-04-06T12:25:44.094+0000] {logging_mixin.py:190} INFO - [2025-04-06T12:25:44.094+0000] {dagbag.py:588} INFO - Filling up the DagBag from /opt/airflow/dags/etl_extract_load.py
[2025-04-06T12:25:44.128+0000] {processor.py:925} INFO - DAG(s) 'et_extract_load' retrieved from /opt/airflow/dags/etl_extract_load.py
[2025-04-06T12:25:44.148+0000] {logging_mixin.py:190} INFO - [2025-04-06T12:25:44.148+0000] {dag.py:3239} INFO - Sync 1 DAGs
[2025-04-06T12:25:44.162+0000] {logging_mixin.py:190} INFO - [2025-04-06T12:25:44.161+0000] {dag.py:4180} INFO - Setting next_dagrun for et_extract_load to None, run_after=None
[2025-04-06T12:25:44.175+0000] {processor.py:208} INFO - Processing /opt/airflow/dags/etl_extract_load.py took 0.098 seconds
[2025-04-06T12:42:53.324+0000] {processor.py:186} INFO - Started process (PID=79109) to work on /opt/airflow/dags/etl_extract_load.py
[2025-04-06T12:42:53.326+0000] {processor.py:914} INFO - Processing file /opt/airflow/dags/etl_extract_load.py for tasks to queue
[2025-04-06T12:42:53.328+0000] {logging_mixin.py:190} INFO - [2025-04-06T12:42:53.328+0000] {dagbag.py:588} INFO - Filling up the DagBag from /opt/airflow/dags/etl_extract_load.py
[2025-04-06T12:42:53.361+0000] {processor.py:925} INFO - DAG(s) 'et_extract_load' retrieved from /opt/airflow/dags/etl_extract_load.py
[2025-04-06T12:42:53.379+0000] {logging_mixin.py:190} INFO - [2025-04-06T12:42:53.379+0000] {dag.py:3239} INFO - Sync 1 DAGs
[2025-04-06T12:42:53.406+0000] {logging_mixin.py:190} INFO - [2025-04-06T12:42:53.406+0000] {dag.py:4180} INFO - Setting next_dagrun for et_extract_load to None, run_after=None
[2025-04-06T12:42:53.422+0000] {processor.py:208} INFO - Processing /opt/airflow/dags/etl_extract_load.py took 0.112 seconds
[2025-04-06T13:09:07.165+0000] {processor.py:186} INFO - Started process (PID=79174) to work on /opt/airflow/dags/etl_extract_load.py
[2025-04-06T13:09:07.167+0000] {processor.py:914} INFO - Processing file /opt/airflow/dags/etl_extract_load.py for tasks to queue
[2025-04-06T13:09:07.169+0000] {logging_mixin.py:190} INFO - [2025-04-06T13:09:07.168+0000] {dagbag.py:588} INFO - Filling up the DagBag from /opt/airflow/dags/etl_extract_load.py
[2025-04-06T13:09:07.228+0000] {processor.py:925} INFO - DAG(s) 'et_extract_load' retrieved from /opt/airflow/dags/etl_extract_load.py
[2025-04-06T13:09:07.248+0000] {logging_mixin.py:190} INFO - [2025-04-06T13:09:07.248+0000] {dag.py:3239} INFO - Sync 1 DAGs
[2025-04-06T13:09:07.264+0000] {logging_mixin.py:190} INFO - [2025-04-06T13:09:07.264+0000] {dag.py:4180} INFO - Setting next_dagrun for et_extract_load to None, run_after=None
[2025-04-06T13:09:07.277+0000] {processor.py:208} INFO - Processing /opt/airflow/dags/etl_extract_load.py took 0.126 seconds
[2025-04-06T13:25:27.102+0000] {processor.py:186} INFO - Started process (PID=79239) to work on /opt/airflow/dags/etl_extract_load.py
[2025-04-06T13:25:27.104+0000] {processor.py:914} INFO - Processing file /opt/airflow/dags/etl_extract_load.py for tasks to queue
[2025-04-06T13:25:27.105+0000] {logging_mixin.py:190} INFO - [2025-04-06T13:25:27.105+0000] {dagbag.py:588} INFO - Filling up the DagBag from /opt/airflow/dags/etl_extract_load.py
[2025-04-06T13:25:27.136+0000] {processor.py:925} INFO - DAG(s) 'et_extract_load' retrieved from /opt/airflow/dags/etl_extract_load.py
[2025-04-06T13:25:27.152+0000] {logging_mixin.py:190} INFO - [2025-04-06T13:25:27.152+0000] {dag.py:3239} INFO - Sync 1 DAGs
[2025-04-06T13:25:27.164+0000] {logging_mixin.py:190} INFO - [2025-04-06T13:25:27.164+0000] {dag.py:4180} INFO - Setting next_dagrun for et_extract_load to None, run_after=None
[2025-04-06T13:25:27.176+0000] {processor.py:208} INFO - Processing /opt/airflow/dags/etl_extract_load.py took 0.087 seconds
[2025-04-06T13:26:47.356+0000] {processor.py:186} INFO - Started process (PID=79304) to work on /opt/airflow/dags/etl_extract_load.py
[2025-04-06T13:26:47.358+0000] {processor.py:914} INFO - Processing file /opt/airflow/dags/etl_extract_load.py for tasks to queue
[2025-04-06T13:26:47.360+0000] {logging_mixin.py:190} INFO - [2025-04-06T13:26:47.359+0000] {dagbag.py:588} INFO - Filling up the DagBag from /opt/airflow/dags/etl_extract_load.py
[2025-04-06T13:26:47.393+0000] {processor.py:925} INFO - DAG(s) 'et_extract_load' retrieved from /opt/airflow/dags/etl_extract_load.py
[2025-04-06T13:26:47.413+0000] {logging_mixin.py:190} INFO - [2025-04-06T13:26:47.412+0000] {dag.py:3239} INFO - Sync 1 DAGs
[2025-04-06T13:26:47.425+0000] {logging_mixin.py:190} INFO - [2025-04-06T13:26:47.425+0000] {dag.py:4180} INFO - Setting next_dagrun for et_extract_load to None, run_after=None
[2025-04-06T13:26:47.439+0000] {processor.py:208} INFO - Processing /opt/airflow/dags/etl_extract_load.py took 0.096 seconds
[2025-04-06T14:10:39.107+0000] {processor.py:186} INFO - Started process (PID=79369) to work on /opt/airflow/dags/etl_extract_load.py
[2025-04-06T14:10:39.109+0000] {processor.py:914} INFO - Processing file /opt/airflow/dags/etl_extract_load.py for tasks to queue
[2025-04-06T14:10:39.110+0000] {logging_mixin.py:190} INFO - [2025-04-06T14:10:39.110+0000] {dagbag.py:588} INFO - Filling up the DagBag from /opt/airflow/dags/etl_extract_load.py
[2025-04-06T14:10:39.141+0000] {processor.py:925} INFO - DAG(s) 'et_extract_load' retrieved from /opt/airflow/dags/etl_extract_load.py
[2025-04-06T14:10:39.157+0000] {logging_mixin.py:190} INFO - [2025-04-06T14:10:39.157+0000] {dag.py:3239} INFO - Sync 1 DAGs
[2025-04-06T14:10:39.168+0000] {logging_mixin.py:190} INFO - [2025-04-06T14:10:39.168+0000] {dag.py:4180} INFO - Setting next_dagrun for et_extract_load to None, run_after=None
[2025-04-06T14:10:39.182+0000] {processor.py:208} INFO - Processing /opt/airflow/dags/etl_extract_load.py took 0.084 seconds
[2025-04-06T14:11:58.570+0000] {processor.py:186} INFO - Started process (PID=79434) to work on /opt/airflow/dags/etl_extract_load.py
[2025-04-06T14:11:58.573+0000] {processor.py:914} INFO - Processing file /opt/airflow/dags/etl_extract_load.py for tasks to queue
[2025-04-06T14:11:58.576+0000] {logging_mixin.py:190} INFO - [2025-04-06T14:11:58.575+0000] {dagbag.py:588} INFO - Filling up the DagBag from /opt/airflow/dags/etl_extract_load.py
[2025-04-06T14:11:58.622+0000] {processor.py:925} INFO - DAG(s) 'et_extract_load' retrieved from /opt/airflow/dags/etl_extract_load.py
[2025-04-06T14:11:58.655+0000] {logging_mixin.py:190} INFO - [2025-04-06T14:11:58.655+0000] {dag.py:3239} INFO - Sync 1 DAGs
[2025-04-06T14:11:58.679+0000] {logging_mixin.py:190} INFO - [2025-04-06T14:11:58.679+0000] {dag.py:4180} INFO - Setting next_dagrun for et_extract_load to None, run_after=None
[2025-04-06T14:11:58.697+0000] {processor.py:208} INFO - Processing /opt/airflow/dags/etl_extract_load.py took 0.140 seconds
[2025-04-06T14:28:18.101+0000] {processor.py:186} INFO - Started process (PID=79493) to work on /opt/airflow/dags/etl_extract_load.py
[2025-04-06T14:28:18.103+0000] {processor.py:914} INFO - Processing file /opt/airflow/dags/etl_extract_load.py for tasks to queue
[2025-04-06T14:28:18.105+0000] {logging_mixin.py:190} INFO - [2025-04-06T14:28:18.104+0000] {dagbag.py:588} INFO - Filling up the DagBag from /opt/airflow/dags/etl_extract_load.py
[2025-04-06T14:28:18.159+0000] {processor.py:925} INFO - DAG(s) 'et_extract_load' retrieved from /opt/airflow/dags/etl_extract_load.py
[2025-04-06T14:28:18.181+0000] {logging_mixin.py:190} INFO - [2025-04-06T14:28:18.180+0000] {dag.py:3239} INFO - Sync 1 DAGs
[2025-04-06T14:28:18.193+0000] {logging_mixin.py:190} INFO - [2025-04-06T14:28:18.192+0000] {dag.py:4180} INFO - Setting next_dagrun for et_extract_load to None, run_after=None
[2025-04-06T14:28:18.207+0000] {processor.py:208} INFO - Processing /opt/airflow/dags/etl_extract_load.py took 0.117 seconds
[2025-04-06T14:30:03.298+0000] {processor.py:186} INFO - Started process (PID=79564) to work on /opt/airflow/dags/etl_extract_load.py
[2025-04-06T14:30:03.300+0000] {processor.py:914} INFO - Processing file /opt/airflow/dags/etl_extract_load.py for tasks to queue
[2025-04-06T14:30:03.302+0000] {logging_mixin.py:190} INFO - [2025-04-06T14:30:03.301+0000] {dagbag.py:588} INFO - Filling up the DagBag from /opt/airflow/dags/etl_extract_load.py
[2025-04-06T14:30:03.335+0000] {processor.py:925} INFO - DAG(s) 'et_extract_load' retrieved from /opt/airflow/dags/etl_extract_load.py
[2025-04-06T14:30:03.355+0000] {logging_mixin.py:190} INFO - [2025-04-06T14:30:03.355+0000] {dag.py:3239} INFO - Sync 1 DAGs
[2025-04-06T14:30:03.367+0000] {logging_mixin.py:190} INFO - [2025-04-06T14:30:03.367+0000] {dag.py:4180} INFO - Setting next_dagrun for et_extract_load to None, run_after=None
[2025-04-06T14:30:03.381+0000] {processor.py:208} INFO - Processing /opt/airflow/dags/etl_extract_load.py took 0.092 seconds
[2025-04-06T15:11:04.914+0000] {processor.py:186} INFO - Started process (PID=79629) to work on /opt/airflow/dags/etl_extract_load.py
[2025-04-06T15:11:04.916+0000] {processor.py:914} INFO - Processing file /opt/airflow/dags/etl_extract_load.py for tasks to queue
[2025-04-06T15:11:04.919+0000] {logging_mixin.py:190} INFO - [2025-04-06T15:11:04.918+0000] {dagbag.py:588} INFO - Filling up the DagBag from /opt/airflow/dags/etl_extract_load.py
[2025-04-06T15:11:04.971+0000] {processor.py:925} INFO - DAG(s) 'et_extract_load' retrieved from /opt/airflow/dags/etl_extract_load.py
[2025-04-06T15:11:04.992+0000] {logging_mixin.py:190} INFO - [2025-04-06T15:11:04.992+0000] {dag.py:3239} INFO - Sync 1 DAGs
[2025-04-06T15:11:05.006+0000] {logging_mixin.py:190} INFO - [2025-04-06T15:11:05.006+0000] {dag.py:4180} INFO - Setting next_dagrun for et_extract_load to None, run_after=None
[2025-04-06T15:11:05.023+0000] {processor.py:208} INFO - Processing /opt/airflow/dags/etl_extract_load.py took 0.126 seconds
[2025-04-06T15:27:24.887+0000] {processor.py:186} INFO - Started process (PID=79694) to work on /opt/airflow/dags/etl_extract_load.py
[2025-04-06T15:27:24.889+0000] {processor.py:914} INFO - Processing file /opt/airflow/dags/etl_extract_load.py for tasks to queue
[2025-04-06T15:27:24.892+0000] {logging_mixin.py:190} INFO - [2025-04-06T15:27:24.891+0000] {dagbag.py:588} INFO - Filling up the DagBag from /opt/airflow/dags/etl_extract_load.py
[2025-04-06T15:27:24.925+0000] {processor.py:925} INFO - DAG(s) 'et_extract_load' retrieved from /opt/airflow/dags/etl_extract_load.py
[2025-04-06T15:27:24.952+0000] {logging_mixin.py:190} INFO - [2025-04-06T15:27:24.951+0000] {dag.py:3239} INFO - Sync 1 DAGs
[2025-04-06T15:27:24.965+0000] {logging_mixin.py:190} INFO - [2025-04-06T15:27:24.965+0000] {dag.py:4180} INFO - Setting next_dagrun for et_extract_load to None, run_after=None
[2025-04-06T15:27:24.981+0000] {processor.py:208} INFO - Processing /opt/airflow/dags/etl_extract_load.py took 0.114 seconds
[2025-04-06T15:44:34.680+0000] {processor.py:186} INFO - Started process (PID=79759) to work on /opt/airflow/dags/etl_extract_load.py
[2025-04-06T15:44:34.683+0000] {processor.py:914} INFO - Processing file /opt/airflow/dags/etl_extract_load.py for tasks to queue
[2025-04-06T15:44:34.685+0000] {logging_mixin.py:190} INFO - [2025-04-06T15:44:34.684+0000] {dagbag.py:588} INFO - Filling up the DagBag from /opt/airflow/dags/etl_extract_load.py
[2025-04-06T15:44:34.719+0000] {processor.py:925} INFO - DAG(s) 'et_extract_load' retrieved from /opt/airflow/dags/etl_extract_load.py
[2025-04-06T15:44:34.736+0000] {logging_mixin.py:190} INFO - [2025-04-06T15:44:34.735+0000] {dag.py:3239} INFO - Sync 1 DAGs
[2025-04-06T15:44:34.747+0000] {logging_mixin.py:190} INFO - [2025-04-06T15:44:34.747+0000] {dag.py:4180} INFO - Setting next_dagrun for et_extract_load to None, run_after=None
[2025-04-06T15:44:34.760+0000] {processor.py:208} INFO - Processing /opt/airflow/dags/etl_extract_load.py took 0.105 seconds
[2025-04-06T15:45:54.446+0000] {processor.py:186} INFO - Started process (PID=79818) to work on /opt/airflow/dags/etl_extract_load.py
[2025-04-06T15:45:54.502+0000] {processor.py:914} INFO - Processing file /opt/airflow/dags/etl_extract_load.py for tasks to queue
[2025-04-06T15:45:54.506+0000] {logging_mixin.py:190} INFO - [2025-04-06T15:45:54.505+0000] {dagbag.py:588} INFO - Filling up the DagBag from /opt/airflow/dags/etl_extract_load.py
[2025-04-06T15:45:54.545+0000] {processor.py:925} INFO - DAG(s) 'et_extract_load' retrieved from /opt/airflow/dags/etl_extract_load.py
[2025-04-06T15:45:54.566+0000] {logging_mixin.py:190} INFO - [2025-04-06T15:45:54.565+0000] {dag.py:3239} INFO - Sync 1 DAGs
[2025-04-06T15:45:54.581+0000] {logging_mixin.py:190} INFO - [2025-04-06T15:45:54.580+0000] {dag.py:4180} INFO - Setting next_dagrun for et_extract_load to None, run_after=None
[2025-04-06T15:45:54.593+0000] {processor.py:208} INFO - Processing /opt/airflow/dags/etl_extract_load.py took 0.163 seconds
[2025-04-06T16:02:13.803+0000] {processor.py:186} INFO - Started process (PID=79883) to work on /opt/airflow/dags/etl_extract_load.py
[2025-04-06T16:02:13.805+0000] {processor.py:914} INFO - Processing file /opt/airflow/dags/etl_extract_load.py for tasks to queue
[2025-04-06T16:02:13.806+0000] {logging_mixin.py:190} INFO - [2025-04-06T16:02:13.806+0000] {dagbag.py:588} INFO - Filling up the DagBag from /opt/airflow/dags/etl_extract_load.py
[2025-04-06T16:02:13.832+0000] {processor.py:925} INFO - DAG(s) 'et_extract_load' retrieved from /opt/airflow/dags/etl_extract_load.py
[2025-04-06T16:02:13.849+0000] {logging_mixin.py:190} INFO - [2025-04-06T16:02:13.849+0000] {dag.py:3239} INFO - Sync 1 DAGs
[2025-04-06T16:02:13.862+0000] {logging_mixin.py:190} INFO - [2025-04-06T16:02:13.861+0000] {dag.py:4180} INFO - Setting next_dagrun for et_extract_load to None, run_after=None
[2025-04-06T16:02:13.875+0000] {processor.py:208} INFO - Processing /opt/airflow/dags/etl_extract_load.py took 0.082 seconds
[2025-04-06T16:03:58.204+0000] {processor.py:186} INFO - Started process (PID=79947) to work on /opt/airflow/dags/etl_extract_load.py
[2025-04-06T16:03:58.207+0000] {processor.py:914} INFO - Processing file /opt/airflow/dags/etl_extract_load.py for tasks to queue
[2025-04-06T16:03:58.209+0000] {logging_mixin.py:190} INFO - [2025-04-06T16:03:58.208+0000] {dagbag.py:588} INFO - Filling up the DagBag from /opt/airflow/dags/etl_extract_load.py
[2025-04-06T16:03:58.252+0000] {processor.py:925} INFO - DAG(s) 'et_extract_load' retrieved from /opt/airflow/dags/etl_extract_load.py
[2025-04-06T16:03:58.272+0000] {logging_mixin.py:190} INFO - [2025-04-06T16:03:58.272+0000] {dag.py:3239} INFO - Sync 1 DAGs
[2025-04-06T16:03:58.287+0000] {logging_mixin.py:190} INFO - [2025-04-06T16:03:58.287+0000] {dag.py:4180} INFO - Setting next_dagrun for et_extract_load to None, run_after=None
[2025-04-06T16:03:58.305+0000] {processor.py:208} INFO - Processing /opt/airflow/dags/etl_extract_load.py took 0.126 seconds
[2025-04-06T16:12:07.168+0000] {processor.py:186} INFO - Started process (PID=80012) to work on /opt/airflow/dags/etl_extract_load.py
[2025-04-06T16:12:07.170+0000] {processor.py:914} INFO - Processing file /opt/airflow/dags/etl_extract_load.py for tasks to queue
[2025-04-06T16:12:07.172+0000] {logging_mixin.py:190} INFO - [2025-04-06T16:12:07.172+0000] {dagbag.py:588} INFO - Filling up the DagBag from /opt/airflow/dags/etl_extract_load.py
[2025-04-06T16:12:07.219+0000] {processor.py:925} INFO - DAG(s) 'et_extract_load' retrieved from /opt/airflow/dags/etl_extract_load.py
[2025-04-06T16:12:07.244+0000] {logging_mixin.py:190} INFO - [2025-04-06T16:12:07.244+0000] {dag.py:3239} INFO - Sync 1 DAGs
[2025-04-06T16:12:07.661+0000] {logging_mixin.py:190} INFO - [2025-04-06T16:12:07.661+0000] {dag.py:4180} INFO - Setting next_dagrun for et_extract_load to None, run_after=None
[2025-04-06T16:12:07.799+0000] {processor.py:208} INFO - Processing /opt/airflow/dags/etl_extract_load.py took 0.642 seconds
[2025-04-06T16:39:06.143+0000] {processor.py:186} INFO - Started process (PID=80076) to work on /opt/airflow/dags/etl_extract_load.py
[2025-04-06T16:39:06.144+0000] {processor.py:914} INFO - Processing file /opt/airflow/dags/etl_extract_load.py for tasks to queue
[2025-04-06T16:39:06.146+0000] {logging_mixin.py:190} INFO - [2025-04-06T16:39:06.146+0000] {dagbag.py:588} INFO - Filling up the DagBag from /opt/airflow/dags/etl_extract_load.py
[2025-04-06T16:39:06.180+0000] {processor.py:925} INFO - DAG(s) 'et_extract_load' retrieved from /opt/airflow/dags/etl_extract_load.py
[2025-04-06T16:39:06.198+0000] {logging_mixin.py:190} INFO - [2025-04-06T16:39:06.198+0000] {dag.py:3239} INFO - Sync 1 DAGs
[2025-04-06T16:39:06.210+0000] {logging_mixin.py:190} INFO - [2025-04-06T16:39:06.209+0000] {dag.py:4180} INFO - Setting next_dagrun for et_extract_load to None, run_after=None
[2025-04-06T16:39:06.221+0000] {processor.py:208} INFO - Processing /opt/airflow/dags/etl_extract_load.py took 0.089 seconds
[2025-04-06T16:40:51.590+0000] {processor.py:186} INFO - Started process (PID=80141) to work on /opt/airflow/dags/etl_extract_load.py
[2025-04-06T16:40:51.592+0000] {processor.py:914} INFO - Processing file /opt/airflow/dags/etl_extract_load.py for tasks to queue
[2025-04-06T16:40:51.594+0000] {logging_mixin.py:190} INFO - [2025-04-06T16:40:51.593+0000] {dagbag.py:588} INFO - Filling up the DagBag from /opt/airflow/dags/etl_extract_load.py
[2025-04-06T16:40:51.616+0000] {processor.py:925} INFO - DAG(s) 'et_extract_load' retrieved from /opt/airflow/dags/etl_extract_load.py
[2025-04-06T16:40:51.631+0000] {logging_mixin.py:190} INFO - [2025-04-06T16:40:51.631+0000] {dag.py:3239} INFO - Sync 1 DAGs
[2025-04-06T16:40:51.642+0000] {logging_mixin.py:190} INFO - [2025-04-06T16:40:51.642+0000] {dag.py:4180} INFO - Setting next_dagrun for et_extract_load to None, run_after=None
[2025-04-06T16:40:51.654+0000] {processor.py:208} INFO - Processing /opt/airflow/dags/etl_extract_load.py took 0.072 seconds
[2025-04-06T17:13:06.273+0000] {processor.py:186} INFO - Started process (PID=80206) to work on /opt/airflow/dags/etl_extract_load.py
[2025-04-06T17:13:06.276+0000] {processor.py:914} INFO - Processing file /opt/airflow/dags/etl_extract_load.py for tasks to queue
[2025-04-06T17:13:06.278+0000] {logging_mixin.py:190} INFO - [2025-04-06T17:13:06.277+0000] {dagbag.py:588} INFO - Filling up the DagBag from /opt/airflow/dags/etl_extract_load.py
[2025-04-06T17:13:06.308+0000] {processor.py:925} INFO - DAG(s) 'et_extract_load' retrieved from /opt/airflow/dags/etl_extract_load.py
[2025-04-06T17:13:06.327+0000] {logging_mixin.py:190} INFO - [2025-04-06T17:13:06.327+0000] {dag.py:3239} INFO - Sync 1 DAGs
[2025-04-06T17:13:06.342+0000] {logging_mixin.py:190} INFO - [2025-04-06T17:13:06.342+0000] {dag.py:4180} INFO - Setting next_dagrun for et_extract_load to None, run_after=None
[2025-04-06T17:13:06.355+0000] {processor.py:208} INFO - Processing /opt/airflow/dags/etl_extract_load.py took 0.093 seconds
[2025-04-06T17:14:25.763+0000] {processor.py:186} INFO - Started process (PID=80271) to work on /opt/airflow/dags/etl_extract_load.py
[2025-04-06T17:14:25.766+0000] {processor.py:914} INFO - Processing file /opt/airflow/dags/etl_extract_load.py for tasks to queue
[2025-04-06T17:14:25.768+0000] {logging_mixin.py:190} INFO - [2025-04-06T17:14:25.767+0000] {dagbag.py:588} INFO - Filling up the DagBag from /opt/airflow/dags/etl_extract_load.py
[2025-04-06T17:14:25.803+0000] {processor.py:925} INFO - DAG(s) 'et_extract_load' retrieved from /opt/airflow/dags/etl_extract_load.py
[2025-04-06T17:14:25.832+0000] {logging_mixin.py:190} INFO - [2025-04-06T17:14:25.832+0000] {dag.py:3239} INFO - Sync 1 DAGs
[2025-04-06T17:14:25.858+0000] {logging_mixin.py:190} INFO - [2025-04-06T17:14:25.858+0000] {dag.py:4180} INFO - Setting next_dagrun for et_extract_load to None, run_after=None
[2025-04-06T17:14:25.877+0000] {processor.py:208} INFO - Processing /opt/airflow/dags/etl_extract_load.py took 0.128 seconds
[2025-04-06T17:45:46.065+0000] {processor.py:186} INFO - Started process (PID=80336) to work on /opt/airflow/dags/etl_extract_load.py
[2025-04-06T17:45:46.069+0000] {processor.py:914} INFO - Processing file /opt/airflow/dags/etl_extract_load.py for tasks to queue
[2025-04-06T17:45:46.076+0000] {logging_mixin.py:190} INFO - [2025-04-06T17:45:46.074+0000] {dagbag.py:588} INFO - Filling up the DagBag from /opt/airflow/dags/etl_extract_load.py
[2025-04-06T17:45:46.137+0000] {processor.py:925} INFO - DAG(s) 'et_extract_load' retrieved from /opt/airflow/dags/etl_extract_load.py
[2025-04-06T17:45:46.161+0000] {logging_mixin.py:190} INFO - [2025-04-06T17:45:46.161+0000] {dag.py:3239} INFO - Sync 1 DAGs
[2025-04-06T17:45:46.180+0000] {logging_mixin.py:190} INFO - [2025-04-06T17:45:46.180+0000] {dag.py:4180} INFO - Setting next_dagrun for et_extract_load to None, run_after=None
[2025-04-06T17:45:46.207+0000] {processor.py:208} INFO - Processing /opt/airflow/dags/etl_extract_load.py took 0.160 seconds
[2025-04-06T17:47:05.849+0000] {processor.py:186} INFO - Started process (PID=80401) to work on /opt/airflow/dags/etl_extract_load.py
[2025-04-06T17:47:05.851+0000] {processor.py:914} INFO - Processing file /opt/airflow/dags/etl_extract_load.py for tasks to queue
[2025-04-06T17:47:05.853+0000] {logging_mixin.py:190} INFO - [2025-04-06T17:47:05.852+0000] {dagbag.py:588} INFO - Filling up the DagBag from /opt/airflow/dags/etl_extract_load.py
[2025-04-06T17:47:05.901+0000] {processor.py:925} INFO - DAG(s) 'et_extract_load' retrieved from /opt/airflow/dags/etl_extract_load.py
[2025-04-06T17:47:05.919+0000] {logging_mixin.py:190} INFO - [2025-04-06T17:47:05.919+0000] {dag.py:3239} INFO - Sync 1 DAGs
[2025-04-06T17:47:05.933+0000] {logging_mixin.py:190} INFO - [2025-04-06T17:47:05.933+0000] {dag.py:4180} INFO - Setting next_dagrun for et_extract_load to None, run_after=None
[2025-04-06T17:47:05.947+0000] {processor.py:208} INFO - Processing /opt/airflow/dags/etl_extract_load.py took 0.111 seconds
[2025-04-06T17:54:49.936+0000] {processor.py:186} INFO - Started process (PID=80466) to work on /opt/airflow/dags/etl_extract_load.py
[2025-04-06T17:54:49.939+0000] {processor.py:914} INFO - Processing file /opt/airflow/dags/etl_extract_load.py for tasks to queue
[2025-04-06T17:54:49.941+0000] {logging_mixin.py:190} INFO - [2025-04-06T17:54:49.940+0000] {dagbag.py:588} INFO - Filling up the DagBag from /opt/airflow/dags/etl_extract_load.py
[2025-04-06T17:54:49.978+0000] {processor.py:925} INFO - DAG(s) 'et_extract_load' retrieved from /opt/airflow/dags/etl_extract_load.py
[2025-04-06T17:54:50.002+0000] {logging_mixin.py:190} INFO - [2025-04-06T17:54:50.001+0000] {dag.py:3239} INFO - Sync 1 DAGs
[2025-04-06T17:54:50.018+0000] {logging_mixin.py:190} INFO - [2025-04-06T17:54:50.018+0000] {dag.py:4180} INFO - Setting next_dagrun for et_extract_load to None, run_after=None
[2025-04-06T17:54:50.033+0000] {processor.py:208} INFO - Processing /opt/airflow/dags/etl_extract_load.py took 0.113 seconds
[2025-04-06T17:55:20.462+0000] {processor.py:186} INFO - Started process (PID=80531) to work on /opt/airflow/dags/etl_extract_load.py
[2025-04-06T17:55:20.464+0000] {processor.py:914} INFO - Processing file /opt/airflow/dags/etl_extract_load.py for tasks to queue
[2025-04-06T17:55:20.466+0000] {logging_mixin.py:190} INFO - [2025-04-06T17:55:20.466+0000] {dagbag.py:588} INFO - Filling up the DagBag from /opt/airflow/dags/etl_extract_load.py
[2025-04-06T17:55:20.540+0000] {processor.py:925} INFO - DAG(s) 'et_extract_load' retrieved from /opt/airflow/dags/etl_extract_load.py
[2025-04-06T17:55:20.563+0000] {logging_mixin.py:190} INFO - [2025-04-06T17:55:20.563+0000] {dag.py:3239} INFO - Sync 1 DAGs
[2025-04-06T17:55:20.577+0000] {logging_mixin.py:190} INFO - [2025-04-06T17:55:20.577+0000] {dag.py:4180} INFO - Setting next_dagrun for et_extract_load to None, run_after=None
[2025-04-06T17:55:20.592+0000] {processor.py:208} INFO - Processing /opt/airflow/dags/etl_extract_load.py took 0.141 seconds
[2025-04-06T17:55:51.586+0000] {processor.py:186} INFO - Started process (PID=80602) to work on /opt/airflow/dags/etl_extract_load.py
[2025-04-06T17:55:51.593+0000] {processor.py:914} INFO - Processing file /opt/airflow/dags/etl_extract_load.py for tasks to queue
[2025-04-06T17:55:51.596+0000] {logging_mixin.py:190} INFO - [2025-04-06T17:55:51.595+0000] {dagbag.py:588} INFO - Filling up the DagBag from /opt/airflow/dags/etl_extract_load.py
[2025-04-06T17:55:51.652+0000] {processor.py:925} INFO - DAG(s) 'et_extract_load' retrieved from /opt/airflow/dags/etl_extract_load.py
[2025-04-06T17:55:51.671+0000] {logging_mixin.py:190} INFO - [2025-04-06T17:55:51.670+0000] {dag.py:3239} INFO - Sync 1 DAGs
[2025-04-06T17:55:51.684+0000] {logging_mixin.py:190} INFO - [2025-04-06T17:55:51.684+0000] {dag.py:4180} INFO - Setting next_dagrun for et_extract_load to None, run_after=None
[2025-04-06T17:55:51.698+0000] {processor.py:208} INFO - Processing /opt/airflow/dags/etl_extract_load.py took 0.130 seconds
[2025-04-06T17:58:07.105+0000] {processor.py:186} INFO - Started process (PID=80661) to work on /opt/airflow/dags/etl_extract_load.py
[2025-04-06T17:58:07.108+0000] {processor.py:914} INFO - Processing file /opt/airflow/dags/etl_extract_load.py for tasks to queue
[2025-04-06T17:58:07.110+0000] {logging_mixin.py:190} INFO - [2025-04-06T17:58:07.109+0000] {dagbag.py:588} INFO - Filling up the DagBag from /opt/airflow/dags/etl_extract_load.py
[2025-04-06T17:58:07.167+0000] {processor.py:925} INFO - DAG(s) 'et_extract_load' retrieved from /opt/airflow/dags/etl_extract_load.py
[2025-04-06T17:58:07.187+0000] {logging_mixin.py:190} INFO - [2025-04-06T17:58:07.186+0000] {dag.py:3239} INFO - Sync 1 DAGs
[2025-04-06T17:58:07.199+0000] {logging_mixin.py:190} INFO - [2025-04-06T17:58:07.199+0000] {dag.py:4180} INFO - Setting next_dagrun for et_extract_load to None, run_after=None
[2025-04-06T17:58:07.212+0000] {processor.py:208} INFO - Processing /opt/airflow/dags/etl_extract_load.py took 0.122 seconds
[2025-04-06T18:15:21.750+0000] {processor.py:186} INFO - Started process (PID=80726) to work on /opt/airflow/dags/etl_extract_load.py
[2025-04-06T18:15:21.753+0000] {processor.py:914} INFO - Processing file /opt/airflow/dags/etl_extract_load.py for tasks to queue
[2025-04-06T18:15:21.756+0000] {logging_mixin.py:190} INFO - [2025-04-06T18:15:21.755+0000] {dagbag.py:588} INFO - Filling up the DagBag from /opt/airflow/dags/etl_extract_load.py
[2025-04-06T18:15:21.793+0000] {processor.py:925} INFO - DAG(s) 'et_extract_load' retrieved from /opt/airflow/dags/etl_extract_load.py
[2025-04-06T18:15:21.811+0000] {logging_mixin.py:190} INFO - [2025-04-06T18:15:21.811+0000] {dag.py:3239} INFO - Sync 1 DAGs
[2025-04-06T18:15:21.824+0000] {logging_mixin.py:190} INFO - [2025-04-06T18:15:21.824+0000] {dag.py:4180} INFO - Setting next_dagrun for et_extract_load to None, run_after=None
[2025-04-06T18:15:21.836+0000] {processor.py:208} INFO - Processing /opt/airflow/dags/etl_extract_load.py took 0.118 seconds
[2025-04-06T18:16:41.067+0000] {processor.py:186} INFO - Started process (PID=80791) to work on /opt/airflow/dags/etl_extract_load.py
[2025-04-06T18:16:41.069+0000] {processor.py:914} INFO - Processing file /opt/airflow/dags/etl_extract_load.py for tasks to queue
[2025-04-06T18:16:41.072+0000] {logging_mixin.py:190} INFO - [2025-04-06T18:16:41.071+0000] {dagbag.py:588} INFO - Filling up the DagBag from /opt/airflow/dags/etl_extract_load.py
[2025-04-06T18:16:41.118+0000] {processor.py:925} INFO - DAG(s) 'et_extract_load' retrieved from /opt/airflow/dags/etl_extract_load.py
[2025-04-06T18:16:41.145+0000] {logging_mixin.py:190} INFO - [2025-04-06T18:16:41.145+0000] {dag.py:3239} INFO - Sync 1 DAGs
[2025-04-06T18:16:41.165+0000] {logging_mixin.py:190} INFO - [2025-04-06T18:16:41.165+0000] {dag.py:4180} INFO - Setting next_dagrun for et_extract_load to None, run_after=None
[2025-04-06T18:16:41.185+0000] {processor.py:208} INFO - Processing /opt/airflow/dags/etl_extract_load.py took 0.132 seconds
[2025-04-06T18:33:50.557+0000] {processor.py:186} INFO - Started process (PID=80856) to work on /opt/airflow/dags/etl_extract_load.py
[2025-04-06T18:33:50.559+0000] {processor.py:914} INFO - Processing file /opt/airflow/dags/etl_extract_load.py for tasks to queue
[2025-04-06T18:33:50.560+0000] {logging_mixin.py:190} INFO - [2025-04-06T18:33:50.560+0000] {dagbag.py:588} INFO - Filling up the DagBag from /opt/airflow/dags/etl_extract_load.py
[2025-04-06T18:33:50.590+0000] {processor.py:925} INFO - DAG(s) 'et_extract_load' retrieved from /opt/airflow/dags/etl_extract_load.py
[2025-04-06T18:33:50.607+0000] {logging_mixin.py:190} INFO - [2025-04-06T18:33:50.606+0000] {dag.py:3239} INFO - Sync 1 DAGs
[2025-04-06T18:33:50.617+0000] {logging_mixin.py:190} INFO - [2025-04-06T18:33:50.617+0000] {dag.py:4180} INFO - Setting next_dagrun for et_extract_load to None, run_after=None
[2025-04-06T18:33:50.629+0000] {processor.py:208} INFO - Processing /opt/airflow/dags/etl_extract_load.py took 0.080 seconds
[2025-04-06T19:05:16.148+0000] {processor.py:186} INFO - Started process (PID=80921) to work on /opt/airflow/dags/etl_extract_load.py
[2025-04-06T19:05:16.150+0000] {processor.py:914} INFO - Processing file /opt/airflow/dags/etl_extract_load.py for tasks to queue
[2025-04-06T19:05:16.152+0000] {logging_mixin.py:190} INFO - [2025-04-06T19:05:16.152+0000] {dagbag.py:588} INFO - Filling up the DagBag from /opt/airflow/dags/etl_extract_load.py
[2025-04-06T19:05:16.186+0000] {processor.py:925} INFO - DAG(s) 'et_extract_load' retrieved from /opt/airflow/dags/etl_extract_load.py
[2025-04-06T19:05:16.206+0000] {logging_mixin.py:190} INFO - [2025-04-06T19:05:16.206+0000] {dag.py:3239} INFO - Sync 1 DAGs
[2025-04-06T19:05:16.219+0000] {logging_mixin.py:190} INFO - [2025-04-06T19:05:16.219+0000] {dag.py:4180} INFO - Setting next_dagrun for et_extract_load to None, run_after=None
[2025-04-06T19:05:16.234+0000] {processor.py:208} INFO - Processing /opt/airflow/dags/etl_extract_load.py took 0.097 seconds
[2025-04-06T19:06:36.541+0000] {processor.py:186} INFO - Started process (PID=80986) to work on /opt/airflow/dags/etl_extract_load.py
[2025-04-06T19:06:36.543+0000] {processor.py:914} INFO - Processing file /opt/airflow/dags/etl_extract_load.py for tasks to queue
[2025-04-06T19:06:36.545+0000] {logging_mixin.py:190} INFO - [2025-04-06T19:06:36.545+0000] {dagbag.py:588} INFO - Filling up the DagBag from /opt/airflow/dags/etl_extract_load.py
[2025-04-06T19:06:36.591+0000] {processor.py:925} INFO - DAG(s) 'et_extract_load' retrieved from /opt/airflow/dags/etl_extract_load.py
[2025-04-06T19:06:36.627+0000] {logging_mixin.py:190} INFO - [2025-04-06T19:06:36.627+0000] {dag.py:3239} INFO - Sync 1 DAGs
[2025-04-06T19:06:36.645+0000] {logging_mixin.py:190} INFO - [2025-04-06T19:06:36.645+0000] {dag.py:4180} INFO - Setting next_dagrun for et_extract_load to None, run_after=None
[2025-04-06T19:06:36.665+0000] {processor.py:208} INFO - Processing /opt/airflow/dags/etl_extract_load.py took 0.165 seconds
[2025-04-06T19:57:10.980+0000] {processor.py:186} INFO - Started process (PID=81051) to work on /opt/airflow/dags/etl_extract_load.py
[2025-04-06T19:57:10.983+0000] {processor.py:914} INFO - Processing file /opt/airflow/dags/etl_extract_load.py for tasks to queue
[2025-04-06T19:57:10.986+0000] {logging_mixin.py:190} INFO - [2025-04-06T19:57:10.985+0000] {dagbag.py:588} INFO - Filling up the DagBag from /opt/airflow/dags/etl_extract_load.py
[2025-04-06T19:57:11.033+0000] {processor.py:925} INFO - DAG(s) 'et_extract_load' retrieved from /opt/airflow/dags/etl_extract_load.py
[2025-04-06T19:57:11.054+0000] {logging_mixin.py:190} INFO - [2025-04-06T19:57:11.054+0000] {dag.py:3239} INFO - Sync 1 DAGs
[2025-04-06T19:57:11.068+0000] {logging_mixin.py:190} INFO - [2025-04-06T19:57:11.068+0000] {dag.py:4180} INFO - Setting next_dagrun for et_extract_load to None, run_after=None
[2025-04-06T19:57:11.081+0000] {processor.py:208} INFO - Processing /opt/airflow/dags/etl_extract_load.py took 0.128 seconds
[2025-04-06T19:58:30.297+0000] {processor.py:186} INFO - Started process (PID=81116) to work on /opt/airflow/dags/etl_extract_load.py
[2025-04-06T19:58:30.301+0000] {processor.py:914} INFO - Processing file /opt/airflow/dags/etl_extract_load.py for tasks to queue
[2025-04-06T19:58:30.306+0000] {logging_mixin.py:190} INFO - [2025-04-06T19:58:30.305+0000] {dagbag.py:588} INFO - Filling up the DagBag from /opt/airflow/dags/etl_extract_load.py
[2025-04-06T19:58:30.356+0000] {processor.py:925} INFO - DAG(s) 'et_extract_load' retrieved from /opt/airflow/dags/etl_extract_load.py
[2025-04-06T19:58:30.394+0000] {logging_mixin.py:190} INFO - [2025-04-06T19:58:30.393+0000] {dag.py:3239} INFO - Sync 1 DAGs
[2025-04-06T19:58:30.417+0000] {logging_mixin.py:190} INFO - [2025-04-06T19:58:30.417+0000] {dag.py:4180} INFO - Setting next_dagrun for et_extract_load to None, run_after=None
[2025-04-06T19:58:30.448+0000] {processor.py:208} INFO - Processing /opt/airflow/dags/etl_extract_load.py took 0.178 seconds
[2025-04-06T20:30:15.764+0000] {processor.py:186} INFO - Started process (PID=81181) to work on /opt/airflow/dags/etl_extract_load.py
[2025-04-06T20:30:15.767+0000] {processor.py:914} INFO - Processing file /opt/airflow/dags/etl_extract_load.py for tasks to queue
[2025-04-06T20:30:15.769+0000] {logging_mixin.py:190} INFO - [2025-04-06T20:30:15.768+0000] {dagbag.py:588} INFO - Filling up the DagBag from /opt/airflow/dags/etl_extract_load.py
[2025-04-06T20:30:15.801+0000] {processor.py:925} INFO - DAG(s) 'et_extract_load' retrieved from /opt/airflow/dags/etl_extract_load.py
[2025-04-06T20:30:15.823+0000] {logging_mixin.py:190} INFO - [2025-04-06T20:30:15.823+0000] {dag.py:3239} INFO - Sync 1 DAGs
[2025-04-06T20:30:15.841+0000] {logging_mixin.py:190} INFO - [2025-04-06T20:30:15.841+0000] {dag.py:4180} INFO - Setting next_dagrun for et_extract_load to None, run_after=None
[2025-04-06T20:30:15.857+0000] {processor.py:208} INFO - Processing /opt/airflow/dags/etl_extract_load.py took 0.107 seconds
[2025-04-06T20:31:34.747+0000] {processor.py:186} INFO - Started process (PID=81246) to work on /opt/airflow/dags/etl_extract_load.py
[2025-04-06T20:31:34.750+0000] {processor.py:914} INFO - Processing file /opt/airflow/dags/etl_extract_load.py for tasks to queue
[2025-04-06T20:31:34.752+0000] {logging_mixin.py:190} INFO - [2025-04-06T20:31:34.751+0000] {dagbag.py:588} INFO - Filling up the DagBag from /opt/airflow/dags/etl_extract_load.py
[2025-04-06T20:31:34.801+0000] {processor.py:925} INFO - DAG(s) 'et_extract_load' retrieved from /opt/airflow/dags/etl_extract_load.py
[2025-04-06T20:31:34.819+0000] {logging_mixin.py:190} INFO - [2025-04-06T20:31:34.819+0000] {dag.py:3239} INFO - Sync 1 DAGs
[2025-04-06T20:31:34.831+0000] {logging_mixin.py:190} INFO - [2025-04-06T20:31:34.831+0000] {dag.py:4180} INFO - Setting next_dagrun for et_extract_load to None, run_after=None
[2025-04-06T20:31:34.843+0000] {processor.py:208} INFO - Processing /opt/airflow/dags/etl_extract_load.py took 0.111 seconds
[2025-04-06T20:48:20.186+0000] {processor.py:186} INFO - Started process (PID=81311) to work on /opt/airflow/dags/etl_extract_load.py
[2025-04-06T20:48:20.192+0000] {processor.py:914} INFO - Processing file /opt/airflow/dags/etl_extract_load.py for tasks to queue
[2025-04-06T20:48:20.195+0000] {logging_mixin.py:190} INFO - [2025-04-06T20:48:20.194+0000] {dagbag.py:588} INFO - Filling up the DagBag from /opt/airflow/dags/etl_extract_load.py
[2025-04-06T20:48:20.232+0000] {processor.py:925} INFO - DAG(s) 'et_extract_load' retrieved from /opt/airflow/dags/etl_extract_load.py
[2025-04-06T20:48:20.251+0000] {logging_mixin.py:190} INFO - [2025-04-06T20:48:20.251+0000] {dag.py:3239} INFO - Sync 1 DAGs
[2025-04-06T20:48:20.262+0000] {logging_mixin.py:190} INFO - [2025-04-06T20:48:20.262+0000] {dag.py:4180} INFO - Setting next_dagrun for et_extract_load to None, run_after=None
[2025-04-06T20:48:20.275+0000] {processor.py:208} INFO - Processing /opt/airflow/dags/etl_extract_load.py took 0.100 seconds
[2025-04-06T20:49:39.768+0000] {processor.py:186} INFO - Started process (PID=81376) to work on /opt/airflow/dags/etl_extract_load.py
[2025-04-06T20:49:39.770+0000] {processor.py:914} INFO - Processing file /opt/airflow/dags/etl_extract_load.py for tasks to queue
[2025-04-06T20:49:39.772+0000] {logging_mixin.py:190} INFO - [2025-04-06T20:49:39.771+0000] {dagbag.py:588} INFO - Filling up the DagBag from /opt/airflow/dags/etl_extract_load.py
[2025-04-06T20:49:39.804+0000] {processor.py:925} INFO - DAG(s) 'et_extract_load' retrieved from /opt/airflow/dags/etl_extract_load.py
[2025-04-06T20:49:39.823+0000] {logging_mixin.py:190} INFO - [2025-04-06T20:49:39.823+0000] {dag.py:3239} INFO - Sync 1 DAGs
[2025-04-06T20:49:39.836+0000] {logging_mixin.py:190} INFO - [2025-04-06T20:49:39.835+0000] {dag.py:4180} INFO - Setting next_dagrun for et_extract_load to None, run_after=None
[2025-04-06T20:49:39.848+0000] {processor.py:208} INFO - Processing /opt/airflow/dags/etl_extract_load.py took 0.091 seconds
[2025-04-06T20:58:16.886+0000] {processor.py:186} INFO - Started process (PID=81441) to work on /opt/airflow/dags/etl_extract_load.py
[2025-04-06T20:58:16.888+0000] {processor.py:914} INFO - Processing file /opt/airflow/dags/etl_extract_load.py for tasks to queue
[2025-04-06T20:58:16.890+0000] {logging_mixin.py:190} INFO - [2025-04-06T20:58:16.889+0000] {dagbag.py:588} INFO - Filling up the DagBag from /opt/airflow/dags/etl_extract_load.py
[2025-04-06T20:58:16.921+0000] {processor.py:925} INFO - DAG(s) 'et_extract_load' retrieved from /opt/airflow/dags/etl_extract_load.py
[2025-04-06T20:58:16.937+0000] {logging_mixin.py:190} INFO - [2025-04-06T20:58:16.937+0000] {dag.py:3239} INFO - Sync 1 DAGs
[2025-04-06T20:58:16.948+0000] {logging_mixin.py:190} INFO - [2025-04-06T20:58:16.948+0000] {dag.py:4180} INFO - Setting next_dagrun for et_extract_load to None, run_after=None
[2025-04-06T20:58:16.959+0000] {processor.py:208} INFO - Processing /opt/airflow/dags/etl_extract_load.py took 0.084 seconds
[2025-04-06T21:59:45.915+0000] {processor.py:186} INFO - Started process (PID=81506) to work on /opt/airflow/dags/etl_extract_load.py
[2025-04-06T21:59:45.918+0000] {processor.py:914} INFO - Processing file /opt/airflow/dags/etl_extract_load.py for tasks to queue
[2025-04-06T21:59:45.919+0000] {logging_mixin.py:190} INFO - [2025-04-06T21:59:45.919+0000] {dagbag.py:588} INFO - Filling up the DagBag from /opt/airflow/dags/etl_extract_load.py
[2025-04-06T21:59:45.951+0000] {processor.py:925} INFO - DAG(s) 'et_extract_load' retrieved from /opt/airflow/dags/etl_extract_load.py
[2025-04-06T21:59:45.967+0000] {logging_mixin.py:190} INFO - [2025-04-06T21:59:45.967+0000] {dag.py:3239} INFO - Sync 1 DAGs
[2025-04-06T21:59:45.979+0000] {logging_mixin.py:190} INFO - [2025-04-06T21:59:45.979+0000] {dag.py:4180} INFO - Setting next_dagrun for et_extract_load to None, run_after=None
[2025-04-06T21:59:45.992+0000] {processor.py:208} INFO - Processing /opt/airflow/dags/etl_extract_load.py took 0.102 seconds
[2025-04-06T22:01:30.852+0000] {processor.py:186} INFO - Started process (PID=81571) to work on /opt/airflow/dags/etl_extract_load.py
[2025-04-06T22:01:30.855+0000] {processor.py:914} INFO - Processing file /opt/airflow/dags/etl_extract_load.py for tasks to queue
[2025-04-06T22:01:30.856+0000] {logging_mixin.py:190} INFO - [2025-04-06T22:01:30.856+0000] {dagbag.py:588} INFO - Filling up the DagBag from /opt/airflow/dags/etl_extract_load.py
[2025-04-06T22:01:30.887+0000] {processor.py:925} INFO - DAG(s) 'et_extract_load' retrieved from /opt/airflow/dags/etl_extract_load.py
[2025-04-06T22:01:30.903+0000] {logging_mixin.py:190} INFO - [2025-04-06T22:01:30.903+0000] {dag.py:3239} INFO - Sync 1 DAGs
[2025-04-06T22:01:30.921+0000] {logging_mixin.py:190} INFO - [2025-04-06T22:01:30.921+0000] {dag.py:4180} INFO - Setting next_dagrun for et_extract_load to None, run_after=None
[2025-04-06T22:01:30.936+0000] {processor.py:208} INFO - Processing /opt/airflow/dags/etl_extract_load.py took 0.095 seconds
[2025-04-06T22:17:51.310+0000] {processor.py:186} INFO - Started process (PID=81636) to work on /opt/airflow/dags/etl_extract_load.py
[2025-04-06T22:17:51.313+0000] {processor.py:914} INFO - Processing file /opt/airflow/dags/etl_extract_load.py for tasks to queue
[2025-04-06T22:17:51.315+0000] {logging_mixin.py:190} INFO - [2025-04-06T22:17:51.314+0000] {dagbag.py:588} INFO - Filling up the DagBag from /opt/airflow/dags/etl_extract_load.py
[2025-04-06T22:17:51.351+0000] {processor.py:925} INFO - DAG(s) 'et_extract_load' retrieved from /opt/airflow/dags/etl_extract_load.py
[2025-04-06T22:17:51.373+0000] {logging_mixin.py:190} INFO - [2025-04-06T22:17:51.373+0000] {dag.py:3239} INFO - Sync 1 DAGs
[2025-04-06T22:17:51.389+0000] {logging_mixin.py:190} INFO - [2025-04-06T22:17:51.389+0000] {dag.py:4180} INFO - Setting next_dagrun for et_extract_load to None, run_after=None
[2025-04-06T22:17:51.407+0000] {processor.py:208} INFO - Processing /opt/airflow/dags/etl_extract_load.py took 0.108 seconds
[2025-04-06T22:33:46.262+0000] {processor.py:186} INFO - Started process (PID=81701) to work on /opt/airflow/dags/etl_extract_load.py
[2025-04-06T22:33:46.266+0000] {processor.py:914} INFO - Processing file /opt/airflow/dags/etl_extract_load.py for tasks to queue
[2025-04-06T22:33:46.272+0000] {logging_mixin.py:190} INFO - [2025-04-06T22:33:46.268+0000] {dagbag.py:588} INFO - Filling up the DagBag from /opt/airflow/dags/etl_extract_load.py
[2025-04-06T22:33:46.336+0000] {processor.py:925} INFO - DAG(s) 'et_extract_load' retrieved from /opt/airflow/dags/etl_extract_load.py
[2025-04-06T22:33:46.370+0000] {logging_mixin.py:190} INFO - [2025-04-06T22:33:46.369+0000] {dag.py:3239} INFO - Sync 1 DAGs
[2025-04-06T22:33:46.387+0000] {logging_mixin.py:190} INFO - [2025-04-06T22:33:46.387+0000] {dag.py:4180} INFO - Setting next_dagrun for et_extract_load to None, run_after=None
[2025-04-06T22:33:46.403+0000] {processor.py:208} INFO - Processing /opt/airflow/dags/etl_extract_load.py took 0.152 seconds
[2025-04-06T22:35:55.602+0000] {processor.py:186} INFO - Started process (PID=81766) to work on /opt/airflow/dags/etl_extract_load.py
[2025-04-06T22:35:55.604+0000] {processor.py:914} INFO - Processing file /opt/airflow/dags/etl_extract_load.py for tasks to queue
[2025-04-06T22:35:55.607+0000] {logging_mixin.py:190} INFO - [2025-04-06T22:35:55.606+0000] {dagbag.py:588} INFO - Filling up the DagBag from /opt/airflow/dags/etl_extract_load.py
[2025-04-06T22:35:55.643+0000] {processor.py:925} INFO - DAG(s) 'et_extract_load' retrieved from /opt/airflow/dags/etl_extract_load.py
[2025-04-06T22:35:55.664+0000] {logging_mixin.py:190} INFO - [2025-04-06T22:35:55.663+0000] {dag.py:3239} INFO - Sync 1 DAGs
[2025-04-06T22:35:55.678+0000] {logging_mixin.py:190} INFO - [2025-04-06T22:35:55.678+0000] {dag.py:4180} INFO - Setting next_dagrun for et_extract_load to None, run_after=None
[2025-04-06T22:35:55.693+0000] {processor.py:208} INFO - Processing /opt/airflow/dags/etl_extract_load.py took 0.108 seconds
[2025-04-06T23:00:55.098+0000] {processor.py:186} INFO - Started process (PID=81831) to work on /opt/airflow/dags/etl_extract_load.py
[2025-04-06T23:00:55.100+0000] {processor.py:914} INFO - Processing file /opt/airflow/dags/etl_extract_load.py for tasks to queue
[2025-04-06T23:00:55.102+0000] {logging_mixin.py:190} INFO - [2025-04-06T23:00:55.101+0000] {dagbag.py:588} INFO - Filling up the DagBag from /opt/airflow/dags/etl_extract_load.py
[2025-04-06T23:00:55.137+0000] {processor.py:925} INFO - DAG(s) 'et_extract_load' retrieved from /opt/airflow/dags/etl_extract_load.py
[2025-04-06T23:00:55.157+0000] {logging_mixin.py:190} INFO - [2025-04-06T23:00:55.157+0000] {dag.py:3239} INFO - Sync 1 DAGs
[2025-04-06T23:00:55.171+0000] {logging_mixin.py:190} INFO - [2025-04-06T23:00:55.171+0000] {dag.py:4180} INFO - Setting next_dagrun for et_extract_load to None, run_after=None
[2025-04-06T23:00:55.184+0000] {processor.py:208} INFO - Processing /opt/airflow/dags/etl_extract_load.py took 0.097 seconds
[2025-04-06T23:18:09.749+0000] {processor.py:186} INFO - Started process (PID=81896) to work on /opt/airflow/dags/etl_extract_load.py
[2025-04-06T23:18:09.753+0000] {processor.py:914} INFO - Processing file /opt/airflow/dags/etl_extract_load.py for tasks to queue
[2025-04-06T23:18:09.755+0000] {logging_mixin.py:190} INFO - [2025-04-06T23:18:09.754+0000] {dagbag.py:588} INFO - Filling up the DagBag from /opt/airflow/dags/etl_extract_load.py
[2025-04-06T23:18:09.823+0000] {processor.py:925} INFO - DAG(s) 'et_extract_load' retrieved from /opt/airflow/dags/etl_extract_load.py
[2025-04-06T23:18:09.845+0000] {logging_mixin.py:190} INFO - [2025-04-06T23:18:09.845+0000] {dag.py:3239} INFO - Sync 1 DAGs
[2025-04-06T23:18:09.859+0000] {logging_mixin.py:190} INFO - [2025-04-06T23:18:09.859+0000] {dag.py:4180} INFO - Setting next_dagrun for et_extract_load to None, run_after=None
[2025-04-06T23:18:09.873+0000] {processor.py:208} INFO - Processing /opt/airflow/dags/etl_extract_load.py took 0.141 seconds
[2025-04-06T23:34:04.583+0000] {processor.py:186} INFO - Started process (PID=81961) to work on /opt/airflow/dags/etl_extract_load.py
[2025-04-06T23:34:04.598+0000] {processor.py:914} INFO - Processing file /opt/airflow/dags/etl_extract_load.py for tasks to queue
[2025-04-06T23:34:04.605+0000] {logging_mixin.py:190} INFO - [2025-04-06T23:34:04.604+0000] {dagbag.py:588} INFO - Filling up the DagBag from /opt/airflow/dags/etl_extract_load.py
[2025-04-06T23:34:04.645+0000] {processor.py:925} INFO - DAG(s) 'et_extract_load' retrieved from /opt/airflow/dags/etl_extract_load.py
[2025-04-06T23:34:04.671+0000] {logging_mixin.py:190} INFO - [2025-04-06T23:34:04.671+0000] {dag.py:3239} INFO - Sync 1 DAGs
[2025-04-06T23:34:04.683+0000] {logging_mixin.py:190} INFO - [2025-04-06T23:34:04.683+0000] {dag.py:4180} INFO - Setting next_dagrun for et_extract_load to None, run_after=None
[2025-04-06T23:34:04.697+0000] {processor.py:208} INFO - Processing /opt/airflow/dags/etl_extract_load.py took 0.128 seconds
[2025-04-06T23:50:48.922+0000] {processor.py:186} INFO - Started process (PID=82026) to work on /opt/airflow/dags/etl_extract_load.py
[2025-04-06T23:50:48.926+0000] {processor.py:914} INFO - Processing file /opt/airflow/dags/etl_extract_load.py for tasks to queue
[2025-04-06T23:50:48.929+0000] {logging_mixin.py:190} INFO - [2025-04-06T23:50:48.928+0000] {dagbag.py:588} INFO - Filling up the DagBag from /opt/airflow/dags/etl_extract_load.py
[2025-04-06T23:50:48.967+0000] {processor.py:925} INFO - DAG(s) 'et_extract_load' retrieved from /opt/airflow/dags/etl_extract_load.py
[2025-04-06T23:50:48.990+0000] {logging_mixin.py:190} INFO - [2025-04-06T23:50:48.990+0000] {dag.py:3239} INFO - Sync 1 DAGs
[2025-04-06T23:50:49.005+0000] {logging_mixin.py:190} INFO - [2025-04-06T23:50:49.005+0000] {dag.py:4180} INFO - Setting next_dagrun for et_extract_load to None, run_after=None
[2025-04-06T23:50:49.021+0000] {processor.py:208} INFO - Processing /opt/airflow/dags/etl_extract_load.py took 0.111 seconds
[2025-04-06T23:51:44.273+0000] {processor.py:186} INFO - Started process (PID=82091) to work on /opt/airflow/dags/etl_extract_load.py
[2025-04-06T23:51:44.276+0000] {processor.py:914} INFO - Processing file /opt/airflow/dags/etl_extract_load.py for tasks to queue
[2025-04-06T23:51:44.278+0000] {logging_mixin.py:190} INFO - [2025-04-06T23:51:44.277+0000] {dagbag.py:588} INFO - Filling up the DagBag from /opt/airflow/dags/etl_extract_load.py
[2025-04-06T23:51:44.310+0000] {processor.py:925} INFO - DAG(s) 'et_extract_load' retrieved from /opt/airflow/dags/etl_extract_load.py
[2025-04-06T23:51:44.330+0000] {logging_mixin.py:190} INFO - [2025-04-06T23:51:44.329+0000] {dag.py:3239} INFO - Sync 1 DAGs
[2025-04-06T23:51:44.343+0000] {logging_mixin.py:190} INFO - [2025-04-06T23:51:44.343+0000] {dag.py:4180} INFO - Setting next_dagrun for et_extract_load to None, run_after=None
[2025-04-06T23:51:44.356+0000] {processor.py:208} INFO - Processing /opt/airflow/dags/etl_extract_load.py took 0.096 seconds
