[2025-04-06T00:13:06.248+0000] {processor.py:186} INFO - Started process (PID=76769) to work on /opt/airflow/dags/recalls_etl_v1.py
[2025-04-06T00:13:06.249+0000] {processor.py:914} INFO - Processing file /opt/airflow/dags/recalls_etl_v1.py for tasks to queue
[2025-04-06T00:13:06.250+0000] {logging_mixin.py:190} INFO - [2025-04-06T00:13:06.250+0000] {dagbag.py:588} INFO - Filling up the DagBag from /opt/airflow/dags/recalls_etl_v1.py
[2025-04-06T00:13:06.264+0000] {processor.py:925} INFO - DAG(s) 'recalls_etl_v1' retrieved from /opt/airflow/dags/recalls_etl_v1.py
[2025-04-06T00:13:06.392+0000] {logging_mixin.py:190} INFO - [2025-04-06T00:13:06.391+0000] {dag.py:3239} INFO - Sync 1 DAGs
[2025-04-06T00:13:06.707+0000] {logging_mixin.py:190} INFO - [2025-04-06T00:13:06.707+0000] {dag.py:4180} INFO - Setting next_dagrun for recalls_etl_v1 to None, run_after=None
[2025-04-06T00:13:06.720+0000] {processor.py:208} INFO - Processing /opt/airflow/dags/recalls_etl_v1.py took 0.481 seconds
[2025-04-06T00:29:01.381+0000] {processor.py:186} INFO - Started process (PID=76834) to work on /opt/airflow/dags/recalls_etl_v1.py
[2025-04-06T00:29:01.385+0000] {processor.py:914} INFO - Processing file /opt/airflow/dags/recalls_etl_v1.py for tasks to queue
[2025-04-06T00:29:01.387+0000] {logging_mixin.py:190} INFO - [2025-04-06T00:29:01.386+0000] {dagbag.py:588} INFO - Filling up the DagBag from /opt/airflow/dags/recalls_etl_v1.py
[2025-04-06T00:29:01.403+0000] {processor.py:925} INFO - DAG(s) 'recalls_etl_v1' retrieved from /opt/airflow/dags/recalls_etl_v1.py
[2025-04-06T00:29:01.430+0000] {logging_mixin.py:190} INFO - [2025-04-06T00:29:01.430+0000] {dag.py:3239} INFO - Sync 1 DAGs
[2025-04-06T00:29:01.449+0000] {logging_mixin.py:190} INFO - [2025-04-06T00:29:01.448+0000] {dag.py:4180} INFO - Setting next_dagrun for recalls_etl_v1 to None, run_after=None
[2025-04-06T00:29:01.464+0000] {processor.py:208} INFO - Processing /opt/airflow/dags/recalls_etl_v1.py took 0.093 seconds
[2025-04-06T00:30:21.359+0000] {processor.py:186} INFO - Started process (PID=76899) to work on /opt/airflow/dags/recalls_etl_v1.py
[2025-04-06T00:30:21.360+0000] {processor.py:914} INFO - Processing file /opt/airflow/dags/recalls_etl_v1.py for tasks to queue
[2025-04-06T00:30:21.361+0000] {logging_mixin.py:190} INFO - [2025-04-06T00:30:21.361+0000] {dagbag.py:588} INFO - Filling up the DagBag from /opt/airflow/dags/recalls_etl_v1.py
[2025-04-06T00:30:21.389+0000] {processor.py:925} INFO - DAG(s) 'recalls_etl_v1' retrieved from /opt/airflow/dags/recalls_etl_v1.py
[2025-04-06T00:30:21.417+0000] {logging_mixin.py:190} INFO - [2025-04-06T00:30:21.417+0000] {dag.py:3239} INFO - Sync 1 DAGs
[2025-04-06T00:30:21.811+0000] {logging_mixin.py:190} INFO - [2025-04-06T00:30:21.811+0000] {dag.py:4180} INFO - Setting next_dagrun for recalls_etl_v1 to None, run_after=None
[2025-04-06T00:30:21.826+0000] {processor.py:208} INFO - Processing /opt/airflow/dags/recalls_etl_v1.py took 0.474 seconds
[2025-04-06T00:32:30.797+0000] {processor.py:186} INFO - Started process (PID=76964) to work on /opt/airflow/dags/recalls_etl_v1.py
[2025-04-06T00:32:30.798+0000] {processor.py:914} INFO - Processing file /opt/airflow/dags/recalls_etl_v1.py for tasks to queue
[2025-04-06T00:32:30.799+0000] {logging_mixin.py:190} INFO - [2025-04-06T00:32:30.799+0000] {dagbag.py:588} INFO - Filling up the DagBag from /opt/airflow/dags/recalls_etl_v1.py
[2025-04-06T00:32:30.816+0000] {processor.py:925} INFO - DAG(s) 'recalls_etl_v1' retrieved from /opt/airflow/dags/recalls_etl_v1.py
[2025-04-06T00:32:30.865+0000] {logging_mixin.py:190} INFO - [2025-04-06T00:32:30.865+0000] {dag.py:3239} INFO - Sync 1 DAGs
[2025-04-06T00:32:30.889+0000] {logging_mixin.py:190} INFO - [2025-04-06T00:32:30.889+0000] {dag.py:4180} INFO - Setting next_dagrun for recalls_etl_v1 to None, run_after=None
[2025-04-06T00:32:31.271+0000] {processor.py:208} INFO - Processing /opt/airflow/dags/recalls_etl_v1.py took 0.482 seconds
[2025-04-06T02:33:24.534+0000] {processor.py:186} INFO - Started process (PID=77029) to work on /opt/airflow/dags/recalls_etl_v1.py
[2025-04-06T02:33:24.545+0000] {processor.py:914} INFO - Processing file /opt/airflow/dags/recalls_etl_v1.py for tasks to queue
[2025-04-06T02:33:24.549+0000] {logging_mixin.py:190} INFO - [2025-04-06T02:33:24.548+0000] {dagbag.py:588} INFO - Filling up the DagBag from /opt/airflow/dags/recalls_etl_v1.py
[2025-04-06T02:33:24.599+0000] {processor.py:925} INFO - DAG(s) 'recalls_etl_v1' retrieved from /opt/airflow/dags/recalls_etl_v1.py
[2025-04-06T02:33:24.662+0000] {logging_mixin.py:190} INFO - [2025-04-06T02:33:24.662+0000] {dag.py:3239} INFO - Sync 1 DAGs
[2025-04-06T02:33:24.704+0000] {logging_mixin.py:190} INFO - [2025-04-06T02:33:24.703+0000] {dag.py:4180} INFO - Setting next_dagrun for recalls_etl_v1 to None, run_after=None
[2025-04-06T02:33:24.734+0000] {processor.py:208} INFO - Processing /opt/airflow/dags/recalls_etl_v1.py took 0.237 seconds
[2025-04-06T02:50:08.732+0000] {processor.py:186} INFO - Started process (PID=77094) to work on /opt/airflow/dags/recalls_etl_v1.py
[2025-04-06T02:50:08.734+0000] {processor.py:914} INFO - Processing file /opt/airflow/dags/recalls_etl_v1.py for tasks to queue
[2025-04-06T02:50:08.735+0000] {logging_mixin.py:190} INFO - [2025-04-06T02:50:08.734+0000] {dagbag.py:588} INFO - Filling up the DagBag from /opt/airflow/dags/recalls_etl_v1.py
[2025-04-06T02:50:08.751+0000] {processor.py:925} INFO - DAG(s) 'recalls_etl_v1' retrieved from /opt/airflow/dags/recalls_etl_v1.py
[2025-04-06T02:50:08.794+0000] {logging_mixin.py:190} INFO - [2025-04-06T02:50:08.793+0000] {dag.py:3239} INFO - Sync 1 DAGs
[2025-04-06T02:50:08.811+0000] {logging_mixin.py:190} INFO - [2025-04-06T02:50:08.811+0000] {dag.py:4180} INFO - Setting next_dagrun for recalls_etl_v1 to None, run_after=None
[2025-04-06T02:50:08.827+0000] {processor.py:208} INFO - Processing /opt/airflow/dags/recalls_etl_v1.py took 0.101 seconds
[2025-04-06T02:51:53.898+0000] {processor.py:186} INFO - Started process (PID=77159) to work on /opt/airflow/dags/recalls_etl_v1.py
[2025-04-06T02:51:53.899+0000] {processor.py:914} INFO - Processing file /opt/airflow/dags/recalls_etl_v1.py for tasks to queue
[2025-04-06T02:51:53.900+0000] {logging_mixin.py:190} INFO - [2025-04-06T02:51:53.900+0000] {dagbag.py:588} INFO - Filling up the DagBag from /opt/airflow/dags/recalls_etl_v1.py
[2025-04-06T02:51:53.914+0000] {processor.py:925} INFO - DAG(s) 'recalls_etl_v1' retrieved from /opt/airflow/dags/recalls_etl_v1.py
[2025-04-06T02:51:53.939+0000] {logging_mixin.py:190} INFO - [2025-04-06T02:51:53.939+0000] {dag.py:3239} INFO - Sync 1 DAGs
[2025-04-06T02:51:53.957+0000] {logging_mixin.py:190} INFO - [2025-04-06T02:51:53.956+0000] {dag.py:4180} INFO - Setting next_dagrun for recalls_etl_v1 to None, run_after=None
[2025-04-06T02:51:53.982+0000] {processor.py:208} INFO - Processing /opt/airflow/dags/recalls_etl_v1.py took 0.090 seconds
[2025-04-06T04:01:39.177+0000] {processor.py:186} INFO - Started process (PID=77224) to work on /opt/airflow/dags/recalls_etl_v1.py
[2025-04-06T04:01:39.178+0000] {processor.py:914} INFO - Processing file /opt/airflow/dags/recalls_etl_v1.py for tasks to queue
[2025-04-06T04:01:39.179+0000] {logging_mixin.py:190} INFO - [2025-04-06T04:01:39.179+0000] {dagbag.py:588} INFO - Filling up the DagBag from /opt/airflow/dags/recalls_etl_v1.py
[2025-04-06T04:01:39.191+0000] {processor.py:925} INFO - DAG(s) 'recalls_etl_v1' retrieved from /opt/airflow/dags/recalls_etl_v1.py
[2025-04-06T04:01:39.225+0000] {logging_mixin.py:190} INFO - [2025-04-06T04:01:39.225+0000] {dag.py:3239} INFO - Sync 1 DAGs
[2025-04-06T04:01:39.240+0000] {logging_mixin.py:190} INFO - [2025-04-06T04:01:39.240+0000] {dag.py:4180} INFO - Setting next_dagrun for recalls_etl_v1 to None, run_after=None
[2025-04-06T04:01:39.259+0000] {processor.py:208} INFO - Processing /opt/airflow/dags/recalls_etl_v1.py took 0.087 seconds
[2025-04-06T04:03:23.764+0000] {processor.py:186} INFO - Started process (PID=77289) to work on /opt/airflow/dags/recalls_etl_v1.py
[2025-04-06T04:03:23.765+0000] {processor.py:914} INFO - Processing file /opt/airflow/dags/recalls_etl_v1.py for tasks to queue
[2025-04-06T04:03:23.767+0000] {logging_mixin.py:190} INFO - [2025-04-06T04:03:23.767+0000] {dagbag.py:588} INFO - Filling up the DagBag from /opt/airflow/dags/recalls_etl_v1.py
[2025-04-06T04:03:23.813+0000] {processor.py:925} INFO - DAG(s) 'recalls_etl_v1' retrieved from /opt/airflow/dags/recalls_etl_v1.py
[2025-04-06T04:03:23.845+0000] {logging_mixin.py:190} INFO - [2025-04-06T04:03:23.845+0000] {dag.py:3239} INFO - Sync 1 DAGs
[2025-04-06T04:03:23.866+0000] {logging_mixin.py:190} INFO - [2025-04-06T04:03:23.865+0000] {dag.py:4180} INFO - Setting next_dagrun for recalls_etl_v1 to None, run_after=None
[2025-04-06T04:03:23.903+0000] {processor.py:208} INFO - Processing /opt/airflow/dags/recalls_etl_v1.py took 0.148 seconds
[2025-04-06T04:04:44.359+0000] {processor.py:186} INFO - Started process (PID=77354) to work on /opt/airflow/dags/recalls_etl_v1.py
[2025-04-06T04:04:44.360+0000] {processor.py:914} INFO - Processing file /opt/airflow/dags/recalls_etl_v1.py for tasks to queue
[2025-04-06T04:04:44.362+0000] {logging_mixin.py:190} INFO - [2025-04-06T04:04:44.361+0000] {dagbag.py:588} INFO - Filling up the DagBag from /opt/airflow/dags/recalls_etl_v1.py
[2025-04-06T04:04:44.376+0000] {processor.py:925} INFO - DAG(s) 'recalls_etl_v1' retrieved from /opt/airflow/dags/recalls_etl_v1.py
[2025-04-06T04:04:44.411+0000] {logging_mixin.py:190} INFO - [2025-04-06T04:04:44.410+0000] {dag.py:3239} INFO - Sync 1 DAGs
[2025-04-06T04:04:44.436+0000] {logging_mixin.py:190} INFO - [2025-04-06T04:04:44.436+0000] {dag.py:4180} INFO - Setting next_dagrun for recalls_etl_v1 to None, run_after=None
[2025-04-06T04:04:44.453+0000] {processor.py:208} INFO - Processing /opt/airflow/dags/recalls_etl_v1.py took 0.102 seconds
[2025-04-06T06:03:11.631+0000] {processor.py:186} INFO - Started process (PID=77419) to work on /opt/airflow/dags/recalls_etl_v1.py
[2025-04-06T06:03:11.638+0000] {processor.py:914} INFO - Processing file /opt/airflow/dags/recalls_etl_v1.py for tasks to queue
[2025-04-06T06:03:11.639+0000] {logging_mixin.py:190} INFO - [2025-04-06T06:03:11.639+0000] {dagbag.py:588} INFO - Filling up the DagBag from /opt/airflow/dags/recalls_etl_v1.py
[2025-04-06T06:03:11.653+0000] {processor.py:925} INFO - DAG(s) 'recalls_etl_v1' retrieved from /opt/airflow/dags/recalls_etl_v1.py
[2025-04-06T06:03:11.678+0000] {logging_mixin.py:190} INFO - [2025-04-06T06:03:11.678+0000] {dag.py:3239} INFO - Sync 1 DAGs
[2025-04-06T06:03:11.720+0000] {logging_mixin.py:190} INFO - [2025-04-06T06:03:11.720+0000] {dag.py:4180} INFO - Setting next_dagrun for recalls_etl_v1 to None, run_after=None
[2025-04-06T06:03:11.736+0000] {processor.py:208} INFO - Processing /opt/airflow/dags/recalls_etl_v1.py took 0.126 seconds
[2025-04-06T06:04:32.047+0000] {processor.py:186} INFO - Started process (PID=77484) to work on /opt/airflow/dags/recalls_etl_v1.py
[2025-04-06T06:04:32.048+0000] {processor.py:914} INFO - Processing file /opt/airflow/dags/recalls_etl_v1.py for tasks to queue
[2025-04-06T06:04:32.050+0000] {logging_mixin.py:190} INFO - [2025-04-06T06:04:32.049+0000] {dagbag.py:588} INFO - Filling up the DagBag from /opt/airflow/dags/recalls_etl_v1.py
[2025-04-06T06:04:32.072+0000] {processor.py:925} INFO - DAG(s) 'recalls_etl_v1' retrieved from /opt/airflow/dags/recalls_etl_v1.py
[2025-04-06T06:04:32.115+0000] {logging_mixin.py:190} INFO - [2025-04-06T06:04:32.114+0000] {dag.py:3239} INFO - Sync 1 DAGs
[2025-04-06T06:04:32.136+0000] {logging_mixin.py:190} INFO - [2025-04-06T06:04:32.135+0000] {dag.py:4180} INFO - Setting next_dagrun for recalls_etl_v1 to None, run_after=None
[2025-04-06T06:04:32.152+0000] {processor.py:208} INFO - Processing /opt/airflow/dags/recalls_etl_v1.py took 0.112 seconds
[2025-04-06T07:00:04.819+0000] {processor.py:186} INFO - Started process (PID=77549) to work on /opt/airflow/dags/recalls_etl_v1.py
[2025-04-06T07:00:04.821+0000] {processor.py:914} INFO - Processing file /opt/airflow/dags/recalls_etl_v1.py for tasks to queue
[2025-04-06T07:00:04.822+0000] {logging_mixin.py:190} INFO - [2025-04-06T07:00:04.821+0000] {dagbag.py:588} INFO - Filling up the DagBag from /opt/airflow/dags/recalls_etl_v1.py
[2025-04-06T07:00:04.841+0000] {processor.py:925} INFO - DAG(s) 'recalls_etl_v1' retrieved from /opt/airflow/dags/recalls_etl_v1.py
[2025-04-06T07:00:04.875+0000] {logging_mixin.py:190} INFO - [2025-04-06T07:00:04.874+0000] {dag.py:3239} INFO - Sync 1 DAGs
[2025-04-06T07:00:04.894+0000] {logging_mixin.py:190} INFO - [2025-04-06T07:00:04.893+0000] {dag.py:4180} INFO - Setting next_dagrun for recalls_etl_v1 to None, run_after=None
[2025-04-06T07:00:04.925+0000] {processor.py:208} INFO - Processing /opt/airflow/dags/recalls_etl_v1.py took 0.112 seconds
[2025-04-06T07:18:32.813+0000] {processor.py:186} INFO - Started process (PID=77614) to work on /opt/airflow/dags/recalls_etl_v1.py
[2025-04-06T07:18:32.816+0000] {processor.py:914} INFO - Processing file /opt/airflow/dags/recalls_etl_v1.py for tasks to queue
[2025-04-06T07:18:32.818+0000] {logging_mixin.py:190} INFO - [2025-04-06T07:18:32.817+0000] {dagbag.py:588} INFO - Filling up the DagBag from /opt/airflow/dags/recalls_etl_v1.py
[2025-04-06T07:18:32.847+0000] {processor.py:925} INFO - DAG(s) 'recalls_etl_v1' retrieved from /opt/airflow/dags/recalls_etl_v1.py
[2025-04-06T07:18:32.934+0000] {logging_mixin.py:190} INFO - [2025-04-06T07:18:32.934+0000] {dag.py:3239} INFO - Sync 1 DAGs
[2025-04-06T07:18:33.003+0000] {logging_mixin.py:190} INFO - [2025-04-06T07:18:33.002+0000] {dag.py:4180} INFO - Setting next_dagrun for recalls_etl_v1 to None, run_after=None
[2025-04-06T07:18:33.084+0000] {processor.py:208} INFO - Processing /opt/airflow/dags/recalls_etl_v1.py took 0.283 seconds
[2025-04-06T07:20:17.608+0000] {processor.py:186} INFO - Started process (PID=77679) to work on /opt/airflow/dags/recalls_etl_v1.py
[2025-04-06T07:20:17.610+0000] {processor.py:914} INFO - Processing file /opt/airflow/dags/recalls_etl_v1.py for tasks to queue
[2025-04-06T07:20:17.611+0000] {logging_mixin.py:190} INFO - [2025-04-06T07:20:17.611+0000] {dagbag.py:588} INFO - Filling up the DagBag from /opt/airflow/dags/recalls_etl_v1.py
[2025-04-06T07:20:17.628+0000] {processor.py:925} INFO - DAG(s) 'recalls_etl_v1' retrieved from /opt/airflow/dags/recalls_etl_v1.py
[2025-04-06T07:20:17.669+0000] {logging_mixin.py:190} INFO - [2025-04-06T07:20:17.669+0000] {dag.py:3239} INFO - Sync 1 DAGs
[2025-04-06T07:20:17.689+0000] {logging_mixin.py:190} INFO - [2025-04-06T07:20:17.689+0000] {dag.py:4180} INFO - Setting next_dagrun for recalls_etl_v1 to None, run_after=None
[2025-04-06T07:20:17.706+0000] {processor.py:208} INFO - Processing /opt/airflow/dags/recalls_etl_v1.py took 0.105 seconds
[2025-04-06T07:21:37.447+0000] {processor.py:186} INFO - Started process (PID=77744) to work on /opt/airflow/dags/recalls_etl_v1.py
[2025-04-06T07:21:37.448+0000] {processor.py:914} INFO - Processing file /opt/airflow/dags/recalls_etl_v1.py for tasks to queue
[2025-04-06T07:21:37.449+0000] {logging_mixin.py:190} INFO - [2025-04-06T07:21:37.449+0000] {dagbag.py:588} INFO - Filling up the DagBag from /opt/airflow/dags/recalls_etl_v1.py
[2025-04-06T07:21:37.464+0000] {processor.py:925} INFO - DAG(s) 'recalls_etl_v1' retrieved from /opt/airflow/dags/recalls_etl_v1.py
[2025-04-06T07:21:37.489+0000] {logging_mixin.py:190} INFO - [2025-04-06T07:21:37.489+0000] {dag.py:3239} INFO - Sync 1 DAGs
[2025-04-06T07:21:37.507+0000] {logging_mixin.py:190} INFO - [2025-04-06T07:21:37.507+0000] {dag.py:4180} INFO - Setting next_dagrun for recalls_etl_v1 to None, run_after=None
[2025-04-06T07:21:37.523+0000] {processor.py:208} INFO - Processing /opt/airflow/dags/recalls_etl_v1.py took 0.083 seconds
[2025-04-06T08:04:48.540+0000] {processor.py:186} INFO - Started process (PID=77809) to work on /opt/airflow/dags/recalls_etl_v1.py
[2025-04-06T08:04:48.541+0000] {processor.py:914} INFO - Processing file /opt/airflow/dags/recalls_etl_v1.py for tasks to queue
[2025-04-06T08:04:48.542+0000] {logging_mixin.py:190} INFO - [2025-04-06T08:04:48.542+0000] {dagbag.py:588} INFO - Filling up the DagBag from /opt/airflow/dags/recalls_etl_v1.py
[2025-04-06T08:04:48.555+0000] {processor.py:925} INFO - DAG(s) 'recalls_etl_v1' retrieved from /opt/airflow/dags/recalls_etl_v1.py
[2025-04-06T08:04:48.577+0000] {logging_mixin.py:190} INFO - [2025-04-06T08:04:48.577+0000] {dag.py:3239} INFO - Sync 1 DAGs
[2025-04-06T08:04:48.593+0000] {logging_mixin.py:190} INFO - [2025-04-06T08:04:48.592+0000] {dag.py:4180} INFO - Setting next_dagrun for recalls_etl_v1 to None, run_after=None
[2025-04-06T08:04:48.606+0000] {processor.py:208} INFO - Processing /opt/airflow/dags/recalls_etl_v1.py took 0.072 seconds
[2025-04-06T08:06:33.634+0000] {processor.py:186} INFO - Started process (PID=77874) to work on /opt/airflow/dags/recalls_etl_v1.py
[2025-04-06T08:06:33.635+0000] {processor.py:914} INFO - Processing file /opt/airflow/dags/recalls_etl_v1.py for tasks to queue
[2025-04-06T08:06:33.637+0000] {logging_mixin.py:190} INFO - [2025-04-06T08:06:33.637+0000] {dagbag.py:588} INFO - Filling up the DagBag from /opt/airflow/dags/recalls_etl_v1.py
[2025-04-06T08:06:33.651+0000] {processor.py:925} INFO - DAG(s) 'recalls_etl_v1' retrieved from /opt/airflow/dags/recalls_etl_v1.py
[2025-04-06T08:06:33.675+0000] {logging_mixin.py:190} INFO - [2025-04-06T08:06:33.675+0000] {dag.py:3239} INFO - Sync 1 DAGs
[2025-04-06T08:06:33.692+0000] {logging_mixin.py:190} INFO - [2025-04-06T08:06:33.692+0000] {dag.py:4180} INFO - Setting next_dagrun for recalls_etl_v1 to None, run_after=None
[2025-04-06T08:06:33.707+0000] {processor.py:208} INFO - Processing /opt/airflow/dags/recalls_etl_v1.py took 0.080 seconds
[2025-04-06T08:25:28.837+0000] {processor.py:186} INFO - Started process (PID=77939) to work on /opt/airflow/dags/recalls_etl_v1.py
[2025-04-06T08:25:28.838+0000] {processor.py:914} INFO - Processing file /opt/airflow/dags/recalls_etl_v1.py for tasks to queue
[2025-04-06T08:25:28.839+0000] {logging_mixin.py:190} INFO - [2025-04-06T08:25:28.839+0000] {dagbag.py:588} INFO - Filling up the DagBag from /opt/airflow/dags/recalls_etl_v1.py
[2025-04-06T08:25:28.851+0000] {processor.py:925} INFO - DAG(s) 'recalls_etl_v1' retrieved from /opt/airflow/dags/recalls_etl_v1.py
[2025-04-06T08:25:28.890+0000] {logging_mixin.py:190} INFO - [2025-04-06T08:25:28.889+0000] {dag.py:3239} INFO - Sync 1 DAGs
[2025-04-06T08:25:28.907+0000] {logging_mixin.py:190} INFO - [2025-04-06T08:25:28.907+0000] {dag.py:4180} INFO - Setting next_dagrun for recalls_etl_v1 to None, run_after=None
[2025-04-06T08:25:28.921+0000] {processor.py:208} INFO - Processing /opt/airflow/dags/recalls_etl_v1.py took 0.090 seconds
[2025-04-06T08:26:49.039+0000] {processor.py:186} INFO - Started process (PID=78004) to work on /opt/airflow/dags/recalls_etl_v1.py
[2025-04-06T08:26:49.092+0000] {processor.py:914} INFO - Processing file /opt/airflow/dags/recalls_etl_v1.py for tasks to queue
[2025-04-06T08:26:49.100+0000] {logging_mixin.py:190} INFO - [2025-04-06T08:26:49.097+0000] {dagbag.py:588} INFO - Filling up the DagBag from /opt/airflow/dags/recalls_etl_v1.py
[2025-04-06T08:26:49.130+0000] {processor.py:925} INFO - DAG(s) 'recalls_etl_v1' retrieved from /opt/airflow/dags/recalls_etl_v1.py
[2025-04-06T08:26:49.163+0000] {logging_mixin.py:190} INFO - [2025-04-06T08:26:49.163+0000] {dag.py:3239} INFO - Sync 1 DAGs
[2025-04-06T08:26:49.198+0000] {logging_mixin.py:190} INFO - [2025-04-06T08:26:49.198+0000] {dag.py:4180} INFO - Setting next_dagrun for recalls_etl_v1 to None, run_after=None
[2025-04-06T08:26:49.231+0000] {processor.py:208} INFO - Processing /opt/airflow/dags/recalls_etl_v1.py took 0.200 seconds
[2025-04-06T08:28:33.275+0000] {processor.py:186} INFO - Started process (PID=78069) to work on /opt/airflow/dags/recalls_etl_v1.py
[2025-04-06T08:28:33.277+0000] {processor.py:914} INFO - Processing file /opt/airflow/dags/recalls_etl_v1.py for tasks to queue
[2025-04-06T08:28:33.279+0000] {logging_mixin.py:190} INFO - [2025-04-06T08:28:33.279+0000] {dagbag.py:588} INFO - Filling up the DagBag from /opt/airflow/dags/recalls_etl_v1.py
[2025-04-06T08:28:33.296+0000] {processor.py:925} INFO - DAG(s) 'recalls_etl_v1' retrieved from /opt/airflow/dags/recalls_etl_v1.py
[2025-04-06T08:28:33.332+0000] {logging_mixin.py:190} INFO - [2025-04-06T08:28:33.331+0000] {dag.py:3239} INFO - Sync 1 DAGs
[2025-04-06T08:28:33.356+0000] {logging_mixin.py:190} INFO - [2025-04-06T08:28:33.355+0000] {dag.py:4180} INFO - Setting next_dagrun for recalls_etl_v1 to None, run_after=None
[2025-04-06T08:28:33.374+0000] {processor.py:208} INFO - Processing /opt/airflow/dags/recalls_etl_v1.py took 0.108 seconds
[2025-04-06T09:06:09.661+0000] {processor.py:186} INFO - Started process (PID=78134) to work on /opt/airflow/dags/recalls_etl_v1.py
[2025-04-06T09:06:09.665+0000] {processor.py:914} INFO - Processing file /opt/airflow/dags/recalls_etl_v1.py for tasks to queue
[2025-04-06T09:06:09.667+0000] {logging_mixin.py:190} INFO - [2025-04-06T09:06:09.666+0000] {dagbag.py:588} INFO - Filling up the DagBag from /opt/airflow/dags/recalls_etl_v1.py
[2025-04-06T09:06:09.687+0000] {processor.py:925} INFO - DAG(s) 'recalls_etl_v1' retrieved from /opt/airflow/dags/recalls_etl_v1.py
[2025-04-06T09:06:09.721+0000] {logging_mixin.py:190} INFO - [2025-04-06T09:06:09.721+0000] {dag.py:3239} INFO - Sync 1 DAGs
[2025-04-06T09:06:09.744+0000] {logging_mixin.py:190} INFO - [2025-04-06T09:06:09.743+0000] {dag.py:4180} INFO - Setting next_dagrun for recalls_etl_v1 to None, run_after=None
[2025-04-06T09:06:09.782+0000] {processor.py:208} INFO - Processing /opt/airflow/dags/recalls_etl_v1.py took 0.134 seconds
[2025-04-06T09:22:04.823+0000] {processor.py:186} INFO - Started process (PID=78199) to work on /opt/airflow/dags/recalls_etl_v1.py
[2025-04-06T09:22:04.825+0000] {processor.py:914} INFO - Processing file /opt/airflow/dags/recalls_etl_v1.py for tasks to queue
[2025-04-06T09:22:04.828+0000] {logging_mixin.py:190} INFO - [2025-04-06T09:22:04.827+0000] {dagbag.py:588} INFO - Filling up the DagBag from /opt/airflow/dags/recalls_etl_v1.py
[2025-04-06T09:22:04.856+0000] {processor.py:925} INFO - DAG(s) 'recalls_etl_v1' retrieved from /opt/airflow/dags/recalls_etl_v1.py
[2025-04-06T09:22:04.887+0000] {logging_mixin.py:190} INFO - [2025-04-06T09:22:04.887+0000] {dag.py:3239} INFO - Sync 1 DAGs
[2025-04-06T09:22:04.907+0000] {logging_mixin.py:190} INFO - [2025-04-06T09:22:04.907+0000] {dag.py:4180} INFO - Setting next_dagrun for recalls_etl_v1 to None, run_after=None
[2025-04-06T09:22:04.927+0000] {processor.py:208} INFO - Processing /opt/airflow/dags/recalls_etl_v1.py took 0.117 seconds
[2025-04-06T09:37:59.682+0000] {processor.py:186} INFO - Started process (PID=78265) to work on /opt/airflow/dags/recalls_etl_v1.py
[2025-04-06T09:37:59.685+0000] {processor.py:914} INFO - Processing file /opt/airflow/dags/recalls_etl_v1.py for tasks to queue
[2025-04-06T09:37:59.687+0000] {logging_mixin.py:190} INFO - [2025-04-06T09:37:59.687+0000] {dagbag.py:588} INFO - Filling up the DagBag from /opt/airflow/dags/recalls_etl_v1.py
[2025-04-06T09:37:59.708+0000] {processor.py:925} INFO - DAG(s) 'recalls_etl_v1' retrieved from /opt/airflow/dags/recalls_etl_v1.py
[2025-04-06T09:37:59.733+0000] {logging_mixin.py:190} INFO - [2025-04-06T09:37:59.733+0000] {dag.py:3239} INFO - Sync 1 DAGs
[2025-04-06T09:37:59.751+0000] {logging_mixin.py:190} INFO - [2025-04-06T09:37:59.751+0000] {dag.py:4180} INFO - Setting next_dagrun for recalls_etl_v1 to None, run_after=None
[2025-04-06T09:37:59.766+0000] {processor.py:208} INFO - Processing /opt/airflow/dags/recalls_etl_v1.py took 0.100 seconds
[2025-04-06T09:39:20.332+0000] {processor.py:186} INFO - Started process (PID=78330) to work on /opt/airflow/dags/recalls_etl_v1.py
[2025-04-06T09:39:20.333+0000] {processor.py:914} INFO - Processing file /opt/airflow/dags/recalls_etl_v1.py for tasks to queue
[2025-04-06T09:39:20.335+0000] {logging_mixin.py:190} INFO - [2025-04-06T09:39:20.334+0000] {dagbag.py:588} INFO - Filling up the DagBag from /opt/airflow/dags/recalls_etl_v1.py
[2025-04-06T09:39:20.364+0000] {processor.py:925} INFO - DAG(s) 'recalls_etl_v1' retrieved from /opt/airflow/dags/recalls_etl_v1.py
[2025-04-06T09:39:20.401+0000] {logging_mixin.py:190} INFO - [2025-04-06T09:39:20.401+0000] {dag.py:3239} INFO - Sync 1 DAGs
[2025-04-06T09:39:20.422+0000] {logging_mixin.py:190} INFO - [2025-04-06T09:39:20.421+0000] {dag.py:4180} INFO - Setting next_dagrun for recalls_etl_v1 to None, run_after=None
[2025-04-06T09:39:20.439+0000] {processor.py:208} INFO - Processing /opt/airflow/dags/recalls_etl_v1.py took 0.113 seconds
[2025-04-06T09:55:39.732+0000] {processor.py:186} INFO - Started process (PID=78395) to work on /opt/airflow/dags/recalls_etl_v1.py
[2025-04-06T09:55:39.734+0000] {processor.py:914} INFO - Processing file /opt/airflow/dags/recalls_etl_v1.py for tasks to queue
[2025-04-06T09:55:39.735+0000] {logging_mixin.py:190} INFO - [2025-04-06T09:55:39.735+0000] {dagbag.py:588} INFO - Filling up the DagBag from /opt/airflow/dags/recalls_etl_v1.py
[2025-04-06T09:55:39.751+0000] {processor.py:925} INFO - DAG(s) 'recalls_etl_v1' retrieved from /opt/airflow/dags/recalls_etl_v1.py
[2025-04-06T09:55:39.796+0000] {logging_mixin.py:190} INFO - [2025-04-06T09:55:39.796+0000] {dag.py:3239} INFO - Sync 1 DAGs
[2025-04-06T09:55:39.816+0000] {logging_mixin.py:190} INFO - [2025-04-06T09:55:39.815+0000] {dag.py:4180} INFO - Setting next_dagrun for recalls_etl_v1 to None, run_after=None
[2025-04-06T09:55:39.834+0000] {processor.py:208} INFO - Processing /opt/airflow/dags/recalls_etl_v1.py took 0.111 seconds
[2025-04-06T10:21:54.921+0000] {processor.py:186} INFO - Started process (PID=78460) to work on /opt/airflow/dags/recalls_etl_v1.py
[2025-04-06T10:21:54.923+0000] {processor.py:914} INFO - Processing file /opt/airflow/dags/recalls_etl_v1.py for tasks to queue
[2025-04-06T10:21:54.924+0000] {logging_mixin.py:190} INFO - [2025-04-06T10:21:54.924+0000] {dagbag.py:588} INFO - Filling up the DagBag from /opt/airflow/dags/recalls_etl_v1.py
[2025-04-06T10:21:54.950+0000] {processor.py:925} INFO - DAG(s) 'recalls_etl_v1' retrieved from /opt/airflow/dags/recalls_etl_v1.py
[2025-04-06T10:21:54.977+0000] {logging_mixin.py:190} INFO - [2025-04-06T10:21:54.977+0000] {dag.py:3239} INFO - Sync 1 DAGs
[2025-04-06T10:21:54.996+0000] {logging_mixin.py:190} INFO - [2025-04-06T10:21:54.996+0000] {dag.py:4180} INFO - Setting next_dagrun for recalls_etl_v1 to None, run_after=None
[2025-04-06T10:21:55.013+0000] {processor.py:208} INFO - Processing /opt/airflow/dags/recalls_etl_v1.py took 0.101 seconds
[2025-04-06T10:23:40.078+0000] {processor.py:186} INFO - Started process (PID=78525) to work on /opt/airflow/dags/recalls_etl_v1.py
[2025-04-06T10:23:40.081+0000] {processor.py:914} INFO - Processing file /opt/airflow/dags/recalls_etl_v1.py for tasks to queue
[2025-04-06T10:23:40.083+0000] {logging_mixin.py:190} INFO - [2025-04-06T10:23:40.083+0000] {dagbag.py:588} INFO - Filling up the DagBag from /opt/airflow/dags/recalls_etl_v1.py
[2025-04-06T10:23:40.110+0000] {processor.py:925} INFO - DAG(s) 'recalls_etl_v1' retrieved from /opt/airflow/dags/recalls_etl_v1.py
[2025-04-06T10:23:40.140+0000] {logging_mixin.py:190} INFO - [2025-04-06T10:23:40.139+0000] {dag.py:3239} INFO - Sync 1 DAGs
[2025-04-06T10:23:40.160+0000] {logging_mixin.py:190} INFO - [2025-04-06T10:23:40.160+0000] {dag.py:4180} INFO - Setting next_dagrun for recalls_etl_v1 to None, run_after=None
[2025-04-06T10:23:40.177+0000] {processor.py:208} INFO - Processing /opt/airflow/dags/recalls_etl_v1.py took 0.106 seconds
[2025-04-06T10:24:59.253+0000] {processor.py:186} INFO - Started process (PID=78590) to work on /opt/airflow/dags/recalls_etl_v1.py
[2025-04-06T10:24:59.255+0000] {processor.py:914} INFO - Processing file /opt/airflow/dags/recalls_etl_v1.py for tasks to queue
[2025-04-06T10:24:59.256+0000] {logging_mixin.py:190} INFO - [2025-04-06T10:24:59.256+0000] {dagbag.py:588} INFO - Filling up the DagBag from /opt/airflow/dags/recalls_etl_v1.py
[2025-04-06T10:24:59.266+0000] {processor.py:925} INFO - DAG(s) 'recalls_etl_v1' retrieved from /opt/airflow/dags/recalls_etl_v1.py
[2025-04-06T10:24:59.282+0000] {logging_mixin.py:190} INFO - [2025-04-06T10:24:59.282+0000] {dag.py:3239} INFO - Sync 1 DAGs
[2025-04-06T10:24:59.293+0000] {logging_mixin.py:190} INFO - [2025-04-06T10:24:59.293+0000] {dag.py:4180} INFO - Setting next_dagrun for recalls_etl_v1 to None, run_after=None
[2025-04-06T10:24:59.305+0000] {processor.py:208} INFO - Processing /opt/airflow/dags/recalls_etl_v1.py took 0.059 seconds
[2025-04-06T11:08:18.381+0000] {processor.py:186} INFO - Started process (PID=78655) to work on /opt/airflow/dags/recalls_etl_v1.py
[2025-04-06T11:08:18.382+0000] {processor.py:914} INFO - Processing file /opt/airflow/dags/recalls_etl_v1.py for tasks to queue
[2025-04-06T11:08:18.383+0000] {logging_mixin.py:190} INFO - [2025-04-06T11:08:18.383+0000] {dagbag.py:588} INFO - Filling up the DagBag from /opt/airflow/dags/recalls_etl_v1.py
[2025-04-06T11:08:18.395+0000] {processor.py:925} INFO - DAG(s) 'recalls_etl_v1' retrieved from /opt/airflow/dags/recalls_etl_v1.py
[2025-04-06T11:08:18.438+0000] {logging_mixin.py:190} INFO - [2025-04-06T11:08:18.438+0000] {dag.py:3239} INFO - Sync 1 DAGs
[2025-04-06T11:08:18.453+0000] {logging_mixin.py:190} INFO - [2025-04-06T11:08:18.453+0000] {dag.py:4180} INFO - Setting next_dagrun for recalls_etl_v1 to None, run_after=None
[2025-04-06T11:08:18.466+0000] {processor.py:208} INFO - Processing /opt/airflow/dags/recalls_etl_v1.py took 0.090 seconds
[2025-04-06T11:24:13.860+0000] {processor.py:186} INFO - Started process (PID=78720) to work on /opt/airflow/dags/recalls_etl_v1.py
[2025-04-06T11:24:13.862+0000] {processor.py:914} INFO - Processing file /opt/airflow/dags/recalls_etl_v1.py for tasks to queue
[2025-04-06T11:24:13.863+0000] {logging_mixin.py:190} INFO - [2025-04-06T11:24:13.863+0000] {dagbag.py:588} INFO - Filling up the DagBag from /opt/airflow/dags/recalls_etl_v1.py
[2025-04-06T11:24:13.876+0000] {processor.py:925} INFO - DAG(s) 'recalls_etl_v1' retrieved from /opt/airflow/dags/recalls_etl_v1.py
[2025-04-06T11:24:13.899+0000] {logging_mixin.py:190} INFO - [2025-04-06T11:24:13.898+0000] {dag.py:3239} INFO - Sync 1 DAGs
[2025-04-06T11:24:13.915+0000] {logging_mixin.py:190} INFO - [2025-04-06T11:24:13.915+0000] {dag.py:4180} INFO - Setting next_dagrun for recalls_etl_v1 to None, run_after=None
[2025-04-06T11:24:13.950+0000] {processor.py:208} INFO - Processing /opt/airflow/dags/recalls_etl_v1.py took 0.094 seconds
[2025-04-06T11:25:33.409+0000] {processor.py:186} INFO - Started process (PID=78785) to work on /opt/airflow/dags/recalls_etl_v1.py
[2025-04-06T11:25:33.410+0000] {processor.py:914} INFO - Processing file /opt/airflow/dags/recalls_etl_v1.py for tasks to queue
[2025-04-06T11:25:33.412+0000] {logging_mixin.py:190} INFO - [2025-04-06T11:25:33.411+0000] {dagbag.py:588} INFO - Filling up the DagBag from /opt/airflow/dags/recalls_etl_v1.py
[2025-04-06T11:25:33.426+0000] {processor.py:925} INFO - DAG(s) 'recalls_etl_v1' retrieved from /opt/airflow/dags/recalls_etl_v1.py
[2025-04-06T11:25:33.458+0000] {logging_mixin.py:190} INFO - [2025-04-06T11:25:33.458+0000] {dag.py:3239} INFO - Sync 1 DAGs
[2025-04-06T11:25:33.476+0000] {logging_mixin.py:190} INFO - [2025-04-06T11:25:33.476+0000] {dag.py:4180} INFO - Setting next_dagrun for recalls_etl_v1 to None, run_after=None
[2025-04-06T11:25:33.492+0000] {processor.py:208} INFO - Processing /opt/airflow/dags/recalls_etl_v1.py took 0.090 seconds
[2025-04-06T11:56:53.050+0000] {processor.py:186} INFO - Started process (PID=78850) to work on /opt/airflow/dags/recalls_etl_v1.py
[2025-04-06T11:56:53.052+0000] {processor.py:914} INFO - Processing file /opt/airflow/dags/recalls_etl_v1.py for tasks to queue
[2025-04-06T11:56:53.053+0000] {logging_mixin.py:190} INFO - [2025-04-06T11:56:53.053+0000] {dagbag.py:588} INFO - Filling up the DagBag from /opt/airflow/dags/recalls_etl_v1.py
[2025-04-06T11:56:53.070+0000] {processor.py:925} INFO - DAG(s) 'recalls_etl_v1' retrieved from /opt/airflow/dags/recalls_etl_v1.py
[2025-04-06T11:56:53.101+0000] {logging_mixin.py:190} INFO - [2025-04-06T11:56:53.101+0000] {dag.py:3239} INFO - Sync 1 DAGs
[2025-04-06T11:56:53.125+0000] {logging_mixin.py:190} INFO - [2025-04-06T11:56:53.124+0000] {dag.py:4180} INFO - Setting next_dagrun for recalls_etl_v1 to None, run_after=None
[2025-04-06T11:56:53.142+0000] {processor.py:208} INFO - Processing /opt/airflow/dags/recalls_etl_v1.py took 0.100 seconds
[2025-04-06T12:08:04.291+0000] {processor.py:186} INFO - Started process (PID=78915) to work on /opt/airflow/dags/recalls_etl_v1.py
[2025-04-06T12:08:04.293+0000] {processor.py:914} INFO - Processing file /opt/airflow/dags/recalls_etl_v1.py for tasks to queue
[2025-04-06T12:08:04.294+0000] {logging_mixin.py:190} INFO - [2025-04-06T12:08:04.293+0000] {dagbag.py:588} INFO - Filling up the DagBag from /opt/airflow/dags/recalls_etl_v1.py
[2025-04-06T12:08:04.307+0000] {processor.py:925} INFO - DAG(s) 'recalls_etl_v1' retrieved from /opt/airflow/dags/recalls_etl_v1.py
[2025-04-06T12:08:04.350+0000] {logging_mixin.py:190} INFO - [2025-04-06T12:08:04.350+0000] {dag.py:3239} INFO - Sync 1 DAGs
[2025-04-06T12:08:04.368+0000] {logging_mixin.py:190} INFO - [2025-04-06T12:08:04.368+0000] {dag.py:4180} INFO - Setting next_dagrun for recalls_etl_v1 to None, run_after=None
[2025-04-06T12:08:04.384+0000] {processor.py:208} INFO - Processing /opt/airflow/dags/recalls_etl_v1.py took 0.099 seconds
[2025-04-06T12:24:23.908+0000] {processor.py:186} INFO - Started process (PID=78980) to work on /opt/airflow/dags/recalls_etl_v1.py
[2025-04-06T12:24:23.910+0000] {processor.py:914} INFO - Processing file /opt/airflow/dags/recalls_etl_v1.py for tasks to queue
[2025-04-06T12:24:23.911+0000] {logging_mixin.py:190} INFO - [2025-04-06T12:24:23.911+0000] {dagbag.py:588} INFO - Filling up the DagBag from /opt/airflow/dags/recalls_etl_v1.py
[2025-04-06T12:24:23.924+0000] {processor.py:925} INFO - DAG(s) 'recalls_etl_v1' retrieved from /opt/airflow/dags/recalls_etl_v1.py
[2025-04-06T12:24:23.950+0000] {logging_mixin.py:190} INFO - [2025-04-06T12:24:23.950+0000] {dag.py:3239} INFO - Sync 1 DAGs
[2025-04-06T12:24:23.980+0000] {logging_mixin.py:190} INFO - [2025-04-06T12:24:23.979+0000] {dag.py:4180} INFO - Setting next_dagrun for recalls_etl_v1 to None, run_after=None
[2025-04-06T12:24:24.004+0000] {processor.py:208} INFO - Processing /opt/airflow/dags/recalls_etl_v1.py took 0.102 seconds
[2025-04-06T12:25:44.096+0000] {processor.py:186} INFO - Started process (PID=79045) to work on /opt/airflow/dags/recalls_etl_v1.py
[2025-04-06T12:25:44.097+0000] {processor.py:914} INFO - Processing file /opt/airflow/dags/recalls_etl_v1.py for tasks to queue
[2025-04-06T12:25:44.099+0000] {logging_mixin.py:190} INFO - [2025-04-06T12:25:44.099+0000] {dagbag.py:588} INFO - Filling up the DagBag from /opt/airflow/dags/recalls_etl_v1.py
[2025-04-06T12:25:44.113+0000] {processor.py:925} INFO - DAG(s) 'recalls_etl_v1' retrieved from /opt/airflow/dags/recalls_etl_v1.py
[2025-04-06T12:25:44.138+0000] {logging_mixin.py:190} INFO - [2025-04-06T12:25:44.137+0000] {dag.py:3239} INFO - Sync 1 DAGs
[2025-04-06T12:25:44.155+0000] {logging_mixin.py:190} INFO - [2025-04-06T12:25:44.155+0000] {dag.py:4180} INFO - Setting next_dagrun for recalls_etl_v1 to None, run_after=None
[2025-04-06T12:25:44.170+0000] {processor.py:208} INFO - Processing /opt/airflow/dags/recalls_etl_v1.py took 0.082 seconds
[2025-04-06T12:42:53.329+0000] {processor.py:186} INFO - Started process (PID=79110) to work on /opt/airflow/dags/recalls_etl_v1.py
[2025-04-06T12:42:53.330+0000] {processor.py:914} INFO - Processing file /opt/airflow/dags/recalls_etl_v1.py for tasks to queue
[2025-04-06T12:42:53.331+0000] {logging_mixin.py:190} INFO - [2025-04-06T12:42:53.331+0000] {dagbag.py:588} INFO - Filling up the DagBag from /opt/airflow/dags/recalls_etl_v1.py
[2025-04-06T12:42:53.344+0000] {processor.py:925} INFO - DAG(s) 'recalls_etl_v1' retrieved from /opt/airflow/dags/recalls_etl_v1.py
[2025-04-06T12:42:53.369+0000] {logging_mixin.py:190} INFO - [2025-04-06T12:42:53.369+0000] {dag.py:3239} INFO - Sync 1 DAGs
[2025-04-06T12:42:53.406+0000] {logging_mixin.py:190} INFO - [2025-04-06T12:42:53.406+0000] {dag.py:4180} INFO - Setting next_dagrun for recalls_etl_v1 to None, run_after=None
[2025-04-06T12:42:53.422+0000] {processor.py:208} INFO - Processing /opt/airflow/dags/recalls_etl_v1.py took 0.101 seconds
[2025-04-06T13:09:07.170+0000] {processor.py:186} INFO - Started process (PID=79175) to work on /opt/airflow/dags/recalls_etl_v1.py
[2025-04-06T13:09:07.172+0000] {processor.py:914} INFO - Processing file /opt/airflow/dags/recalls_etl_v1.py for tasks to queue
[2025-04-06T13:09:07.173+0000] {logging_mixin.py:190} INFO - [2025-04-06T13:09:07.173+0000] {dagbag.py:588} INFO - Filling up the DagBag from /opt/airflow/dags/recalls_etl_v1.py
[2025-04-06T13:09:07.198+0000] {processor.py:925} INFO - DAG(s) 'recalls_etl_v1' retrieved from /opt/airflow/dags/recalls_etl_v1.py
[2025-04-06T13:09:07.235+0000] {logging_mixin.py:190} INFO - [2025-04-06T13:09:07.235+0000] {dag.py:3239} INFO - Sync 1 DAGs
[2025-04-06T13:09:07.255+0000] {logging_mixin.py:190} INFO - [2025-04-06T13:09:07.255+0000] {dag.py:4180} INFO - Setting next_dagrun for recalls_etl_v1 to None, run_after=None
[2025-04-06T13:09:07.272+0000] {processor.py:208} INFO - Processing /opt/airflow/dags/recalls_etl_v1.py took 0.109 seconds
[2025-04-06T13:25:27.105+0000] {processor.py:186} INFO - Started process (PID=79240) to work on /opt/airflow/dags/recalls_etl_v1.py
[2025-04-06T13:25:27.106+0000] {processor.py:914} INFO - Processing file /opt/airflow/dags/recalls_etl_v1.py for tasks to queue
[2025-04-06T13:25:27.107+0000] {logging_mixin.py:190} INFO - [2025-04-06T13:25:27.107+0000] {dagbag.py:588} INFO - Filling up the DagBag from /opt/airflow/dags/recalls_etl_v1.py
[2025-04-06T13:25:27.121+0000] {processor.py:925} INFO - DAG(s) 'recalls_etl_v1' retrieved from /opt/airflow/dags/recalls_etl_v1.py
[2025-04-06T13:25:27.143+0000] {logging_mixin.py:190} INFO - [2025-04-06T13:25:27.142+0000] {dag.py:3239} INFO - Sync 1 DAGs
[2025-04-06T13:25:27.158+0000] {logging_mixin.py:190} INFO - [2025-04-06T13:25:27.157+0000] {dag.py:4180} INFO - Setting next_dagrun for recalls_etl_v1 to None, run_after=None
[2025-04-06T13:25:27.172+0000] {processor.py:208} INFO - Processing /opt/airflow/dags/recalls_etl_v1.py took 0.072 seconds
[2025-04-06T13:26:47.362+0000] {processor.py:186} INFO - Started process (PID=79305) to work on /opt/airflow/dags/recalls_etl_v1.py
[2025-04-06T13:26:47.363+0000] {processor.py:914} INFO - Processing file /opt/airflow/dags/recalls_etl_v1.py for tasks to queue
[2025-04-06T13:26:47.365+0000] {logging_mixin.py:190} INFO - [2025-04-06T13:26:47.364+0000] {dagbag.py:588} INFO - Filling up the DagBag from /opt/airflow/dags/recalls_etl_v1.py
[2025-04-06T13:26:47.378+0000] {processor.py:925} INFO - DAG(s) 'recalls_etl_v1' retrieved from /opt/airflow/dags/recalls_etl_v1.py
[2025-04-06T13:26:47.403+0000] {logging_mixin.py:190} INFO - [2025-04-06T13:26:47.403+0000] {dag.py:3239} INFO - Sync 1 DAGs
[2025-04-06T13:26:47.420+0000] {logging_mixin.py:190} INFO - [2025-04-06T13:26:47.420+0000] {dag.py:4180} INFO - Setting next_dagrun for recalls_etl_v1 to None, run_after=None
[2025-04-06T13:26:47.436+0000] {processor.py:208} INFO - Processing /opt/airflow/dags/recalls_etl_v1.py took 0.081 seconds
[2025-04-06T14:10:39.110+0000] {processor.py:186} INFO - Started process (PID=79370) to work on /opt/airflow/dags/recalls_etl_v1.py
[2025-04-06T14:10:39.111+0000] {processor.py:914} INFO - Processing file /opt/airflow/dags/recalls_etl_v1.py for tasks to queue
[2025-04-06T14:10:39.112+0000] {logging_mixin.py:190} INFO - [2025-04-06T14:10:39.112+0000] {dagbag.py:588} INFO - Filling up the DagBag from /opt/airflow/dags/recalls_etl_v1.py
[2025-04-06T14:10:39.125+0000] {processor.py:925} INFO - DAG(s) 'recalls_etl_v1' retrieved from /opt/airflow/dags/recalls_etl_v1.py
[2025-04-06T14:10:39.148+0000] {logging_mixin.py:190} INFO - [2025-04-06T14:10:39.148+0000] {dag.py:3239} INFO - Sync 1 DAGs
[2025-04-06T14:10:39.163+0000] {logging_mixin.py:190} INFO - [2025-04-06T14:10:39.163+0000] {dag.py:4180} INFO - Setting next_dagrun for recalls_etl_v1 to None, run_after=None
[2025-04-06T14:10:39.177+0000] {processor.py:208} INFO - Processing /opt/airflow/dags/recalls_etl_v1.py took 0.072 seconds
[2025-04-06T14:11:58.576+0000] {processor.py:186} INFO - Started process (PID=79435) to work on /opt/airflow/dags/recalls_etl_v1.py
[2025-04-06T14:11:58.578+0000] {processor.py:914} INFO - Processing file /opt/airflow/dags/recalls_etl_v1.py for tasks to queue
[2025-04-06T14:11:58.580+0000] {logging_mixin.py:190} INFO - [2025-04-06T14:11:58.580+0000] {dagbag.py:588} INFO - Filling up the DagBag from /opt/airflow/dags/recalls_etl_v1.py
[2025-04-06T14:11:58.599+0000] {processor.py:925} INFO - DAG(s) 'recalls_etl_v1' retrieved from /opt/airflow/dags/recalls_etl_v1.py
[2025-04-06T14:11:58.655+0000] {logging_mixin.py:190} INFO - [2025-04-06T14:11:58.655+0000] {dag.py:3239} INFO - Sync 1 DAGs
[2025-04-06T14:11:58.679+0000] {logging_mixin.py:190} INFO - [2025-04-06T14:11:58.679+0000] {dag.py:4180} INFO - Setting next_dagrun for recalls_etl_v1 to None, run_after=None
[2025-04-06T14:11:58.697+0000] {processor.py:208} INFO - Processing /opt/airflow/dags/recalls_etl_v1.py took 0.130 seconds
[2025-04-06T14:28:18.105+0000] {processor.py:186} INFO - Started process (PID=79494) to work on /opt/airflow/dags/recalls_etl_v1.py
[2025-04-06T14:28:18.107+0000] {processor.py:914} INFO - Processing file /opt/airflow/dags/recalls_etl_v1.py for tasks to queue
[2025-04-06T14:28:18.108+0000] {logging_mixin.py:190} INFO - [2025-04-06T14:28:18.108+0000] {dagbag.py:588} INFO - Filling up the DagBag from /opt/airflow/dags/recalls_etl_v1.py
[2025-04-06T14:28:18.122+0000] {processor.py:925} INFO - DAG(s) 'recalls_etl_v1' retrieved from /opt/airflow/dags/recalls_etl_v1.py
[2025-04-06T14:28:18.175+0000] {logging_mixin.py:190} INFO - [2025-04-06T14:28:18.174+0000] {dag.py:3239} INFO - Sync 1 DAGs
[2025-04-06T14:28:18.192+0000] {logging_mixin.py:190} INFO - [2025-04-06T14:28:18.192+0000] {dag.py:4180} INFO - Setting next_dagrun for recalls_etl_v1 to None, run_after=None
[2025-04-06T14:28:18.207+0000] {processor.py:208} INFO - Processing /opt/airflow/dags/recalls_etl_v1.py took 0.107 seconds
[2025-04-06T14:30:03.303+0000] {processor.py:186} INFO - Started process (PID=79565) to work on /opt/airflow/dags/recalls_etl_v1.py
[2025-04-06T14:30:03.305+0000] {processor.py:914} INFO - Processing file /opt/airflow/dags/recalls_etl_v1.py for tasks to queue
[2025-04-06T14:30:03.306+0000] {logging_mixin.py:190} INFO - [2025-04-06T14:30:03.306+0000] {dagbag.py:588} INFO - Filling up the DagBag from /opt/airflow/dags/recalls_etl_v1.py
[2025-04-06T14:30:03.319+0000] {processor.py:925} INFO - DAG(s) 'recalls_etl_v1' retrieved from /opt/airflow/dags/recalls_etl_v1.py
[2025-04-06T14:30:03.347+0000] {logging_mixin.py:190} INFO - [2025-04-06T14:30:03.347+0000] {dag.py:3239} INFO - Sync 1 DAGs
[2025-04-06T14:30:03.364+0000] {logging_mixin.py:190} INFO - [2025-04-06T14:30:03.364+0000] {dag.py:4180} INFO - Setting next_dagrun for recalls_etl_v1 to None, run_after=None
[2025-04-06T14:30:03.379+0000] {processor.py:208} INFO - Processing /opt/airflow/dags/recalls_etl_v1.py took 0.082 seconds
[2025-04-06T15:11:04.916+0000] {processor.py:186} INFO - Started process (PID=79630) to work on /opt/airflow/dags/recalls_etl_v1.py
[2025-04-06T15:11:04.919+0000] {processor.py:914} INFO - Processing file /opt/airflow/dags/recalls_etl_v1.py for tasks to queue
[2025-04-06T15:11:04.921+0000] {logging_mixin.py:190} INFO - [2025-04-06T15:11:04.920+0000] {dagbag.py:588} INFO - Filling up the DagBag from /opt/airflow/dags/recalls_etl_v1.py
[2025-04-06T15:11:04.944+0000] {processor.py:925} INFO - DAG(s) 'recalls_etl_v1' retrieved from /opt/airflow/dags/recalls_etl_v1.py
[2025-04-06T15:11:04.980+0000] {logging_mixin.py:190} INFO - [2025-04-06T15:11:04.980+0000] {dag.py:3239} INFO - Sync 1 DAGs
[2025-04-06T15:11:04.998+0000] {logging_mixin.py:190} INFO - [2025-04-06T15:11:04.998+0000] {dag.py:4180} INFO - Setting next_dagrun for recalls_etl_v1 to None, run_after=None
[2025-04-06T15:11:05.015+0000] {processor.py:208} INFO - Processing /opt/airflow/dags/recalls_etl_v1.py took 0.107 seconds
[2025-04-06T15:27:24.888+0000] {processor.py:186} INFO - Started process (PID=79695) to work on /opt/airflow/dags/recalls_etl_v1.py
[2025-04-06T15:27:24.890+0000] {processor.py:914} INFO - Processing file /opt/airflow/dags/recalls_etl_v1.py for tasks to queue
[2025-04-06T15:27:24.892+0000] {logging_mixin.py:190} INFO - [2025-04-06T15:27:24.891+0000] {dagbag.py:588} INFO - Filling up the DagBag from /opt/airflow/dags/recalls_etl_v1.py
[2025-04-06T15:27:24.908+0000] {processor.py:925} INFO - DAG(s) 'recalls_etl_v1' retrieved from /opt/airflow/dags/recalls_etl_v1.py
[2025-04-06T15:27:24.945+0000] {logging_mixin.py:190} INFO - [2025-04-06T15:27:24.945+0000] {dag.py:3239} INFO - Sync 1 DAGs
[2025-04-06T15:27:24.964+0000] {logging_mixin.py:190} INFO - [2025-04-06T15:27:24.964+0000] {dag.py:4180} INFO - Setting next_dagrun for recalls_etl_v1 to None, run_after=None
[2025-04-06T15:27:24.981+0000] {processor.py:208} INFO - Processing /opt/airflow/dags/recalls_etl_v1.py took 0.100 seconds
[2025-04-06T15:44:34.683+0000] {processor.py:186} INFO - Started process (PID=79760) to work on /opt/airflow/dags/recalls_etl_v1.py
[2025-04-06T15:44:34.684+0000] {processor.py:914} INFO - Processing file /opt/airflow/dags/recalls_etl_v1.py for tasks to queue
[2025-04-06T15:44:34.686+0000] {logging_mixin.py:190} INFO - [2025-04-06T15:44:34.685+0000] {dagbag.py:588} INFO - Filling up the DagBag from /opt/airflow/dags/recalls_etl_v1.py
[2025-04-06T15:44:34.701+0000] {processor.py:925} INFO - DAG(s) 'recalls_etl_v1' retrieved from /opt/airflow/dags/recalls_etl_v1.py
[2025-04-06T15:44:34.725+0000] {logging_mixin.py:190} INFO - [2025-04-06T15:44:34.725+0000] {dag.py:3239} INFO - Sync 1 DAGs
[2025-04-06T15:44:34.741+0000] {logging_mixin.py:190} INFO - [2025-04-06T15:44:34.741+0000] {dag.py:4180} INFO - Setting next_dagrun for recalls_etl_v1 to None, run_after=None
[2025-04-06T15:44:34.755+0000] {processor.py:208} INFO - Processing /opt/airflow/dags/recalls_etl_v1.py took 0.081 seconds
[2025-04-06T15:45:54.450+0000] {processor.py:186} INFO - Started process (PID=79819) to work on /opt/airflow/dags/recalls_etl_v1.py
[2025-04-06T15:45:54.504+0000] {processor.py:914} INFO - Processing file /opt/airflow/dags/recalls_etl_v1.py for tasks to queue
[2025-04-06T15:45:54.507+0000] {logging_mixin.py:190} INFO - [2025-04-06T15:45:54.506+0000] {dagbag.py:588} INFO - Filling up the DagBag from /opt/airflow/dags/recalls_etl_v1.py
[2025-04-06T15:45:54.526+0000] {processor.py:925} INFO - DAG(s) 'recalls_etl_v1' retrieved from /opt/airflow/dags/recalls_etl_v1.py
[2025-04-06T15:45:54.552+0000] {logging_mixin.py:190} INFO - [2025-04-06T15:45:54.552+0000] {dag.py:3239} INFO - Sync 1 DAGs
[2025-04-06T15:45:54.570+0000] {logging_mixin.py:190} INFO - [2025-04-06T15:45:54.570+0000] {dag.py:4180} INFO - Setting next_dagrun for recalls_etl_v1 to None, run_after=None
[2025-04-06T15:45:54.587+0000] {processor.py:208} INFO - Processing /opt/airflow/dags/recalls_etl_v1.py took 0.144 seconds
[2025-04-06T16:02:13.810+0000] {processor.py:186} INFO - Started process (PID=79884) to work on /opt/airflow/dags/recalls_etl_v1.py
[2025-04-06T16:02:13.811+0000] {processor.py:914} INFO - Processing file /opt/airflow/dags/recalls_etl_v1.py for tasks to queue
[2025-04-06T16:02:13.812+0000] {logging_mixin.py:190} INFO - [2025-04-06T16:02:13.812+0000] {dagbag.py:588} INFO - Filling up the DagBag from /opt/airflow/dags/recalls_etl_v1.py
[2025-04-06T16:02:13.821+0000] {processor.py:925} INFO - DAG(s) 'recalls_etl_v1' retrieved from /opt/airflow/dags/recalls_etl_v1.py
[2025-04-06T16:02:13.845+0000] {logging_mixin.py:190} INFO - [2025-04-06T16:02:13.845+0000] {dag.py:3239} INFO - Sync 1 DAGs
[2025-04-06T16:02:13.858+0000] {logging_mixin.py:190} INFO - [2025-04-06T16:02:13.858+0000] {dag.py:4180} INFO - Setting next_dagrun for recalls_etl_v1 to None, run_after=None
[2025-04-06T16:02:13.872+0000] {processor.py:208} INFO - Processing /opt/airflow/dags/recalls_etl_v1.py took 0.068 seconds
[2025-04-06T16:03:58.213+0000] {processor.py:186} INFO - Started process (PID=79948) to work on /opt/airflow/dags/recalls_etl_v1.py
[2025-04-06T16:03:58.216+0000] {processor.py:914} INFO - Processing file /opt/airflow/dags/recalls_etl_v1.py for tasks to queue
[2025-04-06T16:03:58.218+0000] {logging_mixin.py:190} INFO - [2025-04-06T16:03:58.217+0000] {dagbag.py:588} INFO - Filling up the DagBag from /opt/airflow/dags/recalls_etl_v1.py
[2025-04-06T16:03:58.236+0000] {processor.py:925} INFO - DAG(s) 'recalls_etl_v1' retrieved from /opt/airflow/dags/recalls_etl_v1.py
[2025-04-06T16:03:58.264+0000] {logging_mixin.py:190} INFO - [2025-04-06T16:03:58.263+0000] {dag.py:3239} INFO - Sync 1 DAGs
[2025-04-06T16:03:58.282+0000] {logging_mixin.py:190} INFO - [2025-04-06T16:03:58.282+0000] {dag.py:4180} INFO - Setting next_dagrun for recalls_etl_v1 to None, run_after=None
[2025-04-06T16:03:58.299+0000] {processor.py:208} INFO - Processing /opt/airflow/dags/recalls_etl_v1.py took 0.096 seconds
[2025-04-06T16:12:07.173+0000] {processor.py:186} INFO - Started process (PID=80013) to work on /opt/airflow/dags/recalls_etl_v1.py
[2025-04-06T16:12:07.175+0000] {processor.py:914} INFO - Processing file /opt/airflow/dags/recalls_etl_v1.py for tasks to queue
[2025-04-06T16:12:07.176+0000] {logging_mixin.py:190} INFO - [2025-04-06T16:12:07.176+0000] {dagbag.py:588} INFO - Filling up the DagBag from /opt/airflow/dags/recalls_etl_v1.py
[2025-04-06T16:12:07.199+0000] {processor.py:925} INFO - DAG(s) 'recalls_etl_v1' retrieved from /opt/airflow/dags/recalls_etl_v1.py
[2025-04-06T16:12:07.229+0000] {logging_mixin.py:190} INFO - [2025-04-06T16:12:07.229+0000] {dag.py:3239} INFO - Sync 1 DAGs
[2025-04-06T16:12:07.649+0000] {logging_mixin.py:190} INFO - [2025-04-06T16:12:07.649+0000] {dag.py:4180} INFO - Setting next_dagrun for recalls_etl_v1 to None, run_after=None
[2025-04-06T16:12:07.788+0000] {processor.py:208} INFO - Processing /opt/airflow/dags/recalls_etl_v1.py took 0.621 seconds
[2025-04-06T16:39:06.148+0000] {processor.py:186} INFO - Started process (PID=80077) to work on /opt/airflow/dags/recalls_etl_v1.py
[2025-04-06T16:39:06.149+0000] {processor.py:914} INFO - Processing file /opt/airflow/dags/recalls_etl_v1.py for tasks to queue
[2025-04-06T16:39:06.151+0000] {logging_mixin.py:190} INFO - [2025-04-06T16:39:06.150+0000] {dagbag.py:588} INFO - Filling up the DagBag from /opt/airflow/dags/recalls_etl_v1.py
[2025-04-06T16:39:06.165+0000] {processor.py:925} INFO - DAG(s) 'recalls_etl_v1' retrieved from /opt/airflow/dags/recalls_etl_v1.py
[2025-04-06T16:39:06.189+0000] {logging_mixin.py:190} INFO - [2025-04-06T16:39:06.189+0000] {dag.py:3239} INFO - Sync 1 DAGs
[2025-04-06T16:39:06.206+0000] {logging_mixin.py:190} INFO - [2025-04-06T16:39:06.206+0000] {dag.py:4180} INFO - Setting next_dagrun for recalls_etl_v1 to None, run_after=None
[2025-04-06T16:39:06.221+0000] {processor.py:208} INFO - Processing /opt/airflow/dags/recalls_etl_v1.py took 0.079 seconds
[2025-04-06T16:40:51.598+0000] {processor.py:186} INFO - Started process (PID=80142) to work on /opt/airflow/dags/recalls_etl_v1.py
[2025-04-06T16:40:51.600+0000] {processor.py:914} INFO - Processing file /opt/airflow/dags/recalls_etl_v1.py for tasks to queue
[2025-04-06T16:40:51.601+0000] {logging_mixin.py:190} INFO - [2025-04-06T16:40:51.601+0000] {dagbag.py:588} INFO - Filling up the DagBag from /opt/airflow/dags/recalls_etl_v1.py
[2025-04-06T16:40:51.610+0000] {processor.py:925} INFO - DAG(s) 'recalls_etl_v1' retrieved from /opt/airflow/dags/recalls_etl_v1.py
[2025-04-06T16:40:51.628+0000] {logging_mixin.py:190} INFO - [2025-04-06T16:40:51.628+0000] {dag.py:3239} INFO - Sync 1 DAGs
[2025-04-06T16:40:51.641+0000] {logging_mixin.py:190} INFO - [2025-04-06T16:40:51.641+0000] {dag.py:4180} INFO - Setting next_dagrun for recalls_etl_v1 to None, run_after=None
[2025-04-06T16:40:51.654+0000] {processor.py:208} INFO - Processing /opt/airflow/dags/recalls_etl_v1.py took 0.062 seconds
[2025-04-06T17:13:06.285+0000] {processor.py:186} INFO - Started process (PID=80207) to work on /opt/airflow/dags/recalls_etl_v1.py
[2025-04-06T17:13:06.287+0000] {processor.py:914} INFO - Processing file /opt/airflow/dags/recalls_etl_v1.py for tasks to queue
[2025-04-06T17:13:06.288+0000] {logging_mixin.py:190} INFO - [2025-04-06T17:13:06.288+0000] {dagbag.py:588} INFO - Filling up the DagBag from /opt/airflow/dags/recalls_etl_v1.py
[2025-04-06T17:13:06.300+0000] {processor.py:925} INFO - DAG(s) 'recalls_etl_v1' retrieved from /opt/airflow/dags/recalls_etl_v1.py
[2025-04-06T17:13:06.324+0000] {logging_mixin.py:190} INFO - [2025-04-06T17:13:06.324+0000] {dag.py:3239} INFO - Sync 1 DAGs
[2025-04-06T17:13:06.340+0000] {logging_mixin.py:190} INFO - [2025-04-06T17:13:06.340+0000] {dag.py:4180} INFO - Setting next_dagrun for recalls_etl_v1 to None, run_after=None
[2025-04-06T17:13:06.354+0000] {processor.py:208} INFO - Processing /opt/airflow/dags/recalls_etl_v1.py took 0.077 seconds
[2025-04-06T17:14:25.767+0000] {processor.py:186} INFO - Started process (PID=80272) to work on /opt/airflow/dags/recalls_etl_v1.py
[2025-04-06T17:14:25.769+0000] {processor.py:914} INFO - Processing file /opt/airflow/dags/recalls_etl_v1.py for tasks to queue
[2025-04-06T17:14:25.770+0000] {logging_mixin.py:190} INFO - [2025-04-06T17:14:25.770+0000] {dagbag.py:588} INFO - Filling up the DagBag from /opt/airflow/dags/recalls_etl_v1.py
[2025-04-06T17:14:25.785+0000] {processor.py:925} INFO - DAG(s) 'recalls_etl_v1' retrieved from /opt/airflow/dags/recalls_etl_v1.py
[2025-04-06T17:14:25.823+0000] {logging_mixin.py:190} INFO - [2025-04-06T17:14:25.823+0000] {dag.py:3239} INFO - Sync 1 DAGs
[2025-04-06T17:14:25.858+0000] {logging_mixin.py:190} INFO - [2025-04-06T17:14:25.858+0000] {dag.py:4180} INFO - Setting next_dagrun for recalls_etl_v1 to None, run_after=None
[2025-04-06T17:14:25.878+0000] {processor.py:208} INFO - Processing /opt/airflow/dags/recalls_etl_v1.py took 0.118 seconds
[2025-04-06T17:45:46.082+0000] {processor.py:186} INFO - Started process (PID=80337) to work on /opt/airflow/dags/recalls_etl_v1.py
[2025-04-06T17:45:46.086+0000] {processor.py:914} INFO - Processing file /opt/airflow/dags/recalls_etl_v1.py for tasks to queue
[2025-04-06T17:45:46.087+0000] {logging_mixin.py:190} INFO - [2025-04-06T17:45:46.087+0000] {dagbag.py:588} INFO - Filling up the DagBag from /opt/airflow/dags/recalls_etl_v1.py
[2025-04-06T17:45:46.106+0000] {processor.py:925} INFO - DAG(s) 'recalls_etl_v1' retrieved from /opt/airflow/dags/recalls_etl_v1.py
[2025-04-06T17:45:46.151+0000] {logging_mixin.py:190} INFO - [2025-04-06T17:45:46.150+0000] {dag.py:3239} INFO - Sync 1 DAGs
[2025-04-06T17:45:46.173+0000] {logging_mixin.py:190} INFO - [2025-04-06T17:45:46.172+0000] {dag.py:4180} INFO - Setting next_dagrun for recalls_etl_v1 to None, run_after=None
[2025-04-06T17:45:46.200+0000] {processor.py:208} INFO - Processing /opt/airflow/dags/recalls_etl_v1.py took 0.138 seconds
[2025-04-06T17:47:05.852+0000] {processor.py:186} INFO - Started process (PID=80402) to work on /opt/airflow/dags/recalls_etl_v1.py
[2025-04-06T17:47:05.854+0000] {processor.py:914} INFO - Processing file /opt/airflow/dags/recalls_etl_v1.py for tasks to queue
[2025-04-06T17:47:05.856+0000] {logging_mixin.py:190} INFO - [2025-04-06T17:47:05.855+0000] {dagbag.py:588} INFO - Filling up the DagBag from /opt/airflow/dags/recalls_etl_v1.py
[2025-04-06T17:47:05.883+0000] {processor.py:925} INFO - DAG(s) 'recalls_etl_v1' retrieved from /opt/airflow/dags/recalls_etl_v1.py
[2025-04-06T17:47:05.911+0000] {logging_mixin.py:190} INFO - [2025-04-06T17:47:05.911+0000] {dag.py:3239} INFO - Sync 1 DAGs
[2025-04-06T17:47:05.931+0000] {logging_mixin.py:190} INFO - [2025-04-06T17:47:05.930+0000] {dag.py:4180} INFO - Setting next_dagrun for recalls_etl_v1 to None, run_after=None
[2025-04-06T17:47:05.947+0000] {processor.py:208} INFO - Processing /opt/airflow/dags/recalls_etl_v1.py took 0.102 seconds
[2025-04-06T17:54:49.941+0000] {processor.py:186} INFO - Started process (PID=80467) to work on /opt/airflow/dags/recalls_etl_v1.py
[2025-04-06T17:54:49.943+0000] {processor.py:914} INFO - Processing file /opt/airflow/dags/recalls_etl_v1.py for tasks to queue
[2025-04-06T17:54:49.945+0000] {logging_mixin.py:190} INFO - [2025-04-06T17:54:49.944+0000] {dagbag.py:588} INFO - Filling up the DagBag from /opt/airflow/dags/recalls_etl_v1.py
[2025-04-06T17:54:49.961+0000] {processor.py:925} INFO - DAG(s) 'recalls_etl_v1' retrieved from /opt/airflow/dags/recalls_etl_v1.py
[2025-04-06T17:54:49.989+0000] {logging_mixin.py:190} INFO - [2025-04-06T17:54:49.989+0000] {dag.py:3239} INFO - Sync 1 DAGs
[2025-04-06T17:54:50.017+0000] {logging_mixin.py:190} INFO - [2025-04-06T17:54:50.016+0000] {dag.py:4180} INFO - Setting next_dagrun for recalls_etl_v1 to None, run_after=None
[2025-04-06T17:54:50.032+0000] {processor.py:208} INFO - Processing /opt/airflow/dags/recalls_etl_v1.py took 0.100 seconds
[2025-04-06T17:55:20.466+0000] {processor.py:186} INFO - Started process (PID=80532) to work on /opt/airflow/dags/recalls_etl_v1.py
[2025-04-06T17:55:20.468+0000] {processor.py:914} INFO - Processing file /opt/airflow/dags/recalls_etl_v1.py for tasks to queue
[2025-04-06T17:55:20.469+0000] {logging_mixin.py:190} INFO - [2025-04-06T17:55:20.468+0000] {dagbag.py:588} INFO - Filling up the DagBag from /opt/airflow/dags/recalls_etl_v1.py
[2025-04-06T17:55:20.483+0000] {processor.py:925} INFO - DAG(s) 'recalls_etl_v1' retrieved from /opt/airflow/dags/recalls_etl_v1.py
[2025-04-06T17:55:20.553+0000] {logging_mixin.py:190} INFO - [2025-04-06T17:55:20.553+0000] {dag.py:3239} INFO - Sync 1 DAGs
[2025-04-06T17:55:20.574+0000] {logging_mixin.py:190} INFO - [2025-04-06T17:55:20.574+0000] {dag.py:4180} INFO - Setting next_dagrun for recalls_etl_v1 to None, run_after=None
[2025-04-06T17:55:20.592+0000] {processor.py:208} INFO - Processing /opt/airflow/dags/recalls_etl_v1.py took 0.133 seconds
[2025-04-06T17:55:51.595+0000] {processor.py:186} INFO - Started process (PID=80603) to work on /opt/airflow/dags/recalls_etl_v1.py
[2025-04-06T17:55:51.599+0000] {processor.py:914} INFO - Processing file /opt/airflow/dags/recalls_etl_v1.py for tasks to queue
[2025-04-06T17:55:51.600+0000] {logging_mixin.py:190} INFO - [2025-04-06T17:55:51.600+0000] {dagbag.py:588} INFO - Filling up the DagBag from /opt/airflow/dags/recalls_etl_v1.py
[2025-04-06T17:55:51.618+0000] {processor.py:925} INFO - DAG(s) 'recalls_etl_v1' retrieved from /opt/airflow/dags/recalls_etl_v1.py
[2025-04-06T17:55:51.661+0000] {logging_mixin.py:190} INFO - [2025-04-06T17:55:51.661+0000] {dag.py:3239} INFO - Sync 1 DAGs
[2025-04-06T17:55:51.680+0000] {logging_mixin.py:190} INFO - [2025-04-06T17:55:51.680+0000] {dag.py:4180} INFO - Setting next_dagrun for recalls_etl_v1 to None, run_after=None
[2025-04-06T17:55:51.698+0000] {processor.py:208} INFO - Processing /opt/airflow/dags/recalls_etl_v1.py took 0.115 seconds
[2025-04-06T17:58:07.111+0000] {processor.py:186} INFO - Started process (PID=80662) to work on /opt/airflow/dags/recalls_etl_v1.py
[2025-04-06T17:58:07.113+0000] {processor.py:914} INFO - Processing file /opt/airflow/dags/recalls_etl_v1.py for tasks to queue
[2025-04-06T17:58:07.114+0000] {logging_mixin.py:190} INFO - [2025-04-06T17:58:07.114+0000] {dagbag.py:588} INFO - Filling up the DagBag from /opt/airflow/dags/recalls_etl_v1.py
[2025-04-06T17:58:07.148+0000] {processor.py:925} INFO - DAG(s) 'recalls_etl_v1' retrieved from /opt/airflow/dags/recalls_etl_v1.py
[2025-04-06T17:58:07.179+0000] {logging_mixin.py:190} INFO - [2025-04-06T17:58:07.178+0000] {dag.py:3239} INFO - Sync 1 DAGs
[2025-04-06T17:58:07.197+0000] {logging_mixin.py:190} INFO - [2025-04-06T17:58:07.197+0000] {dag.py:4180} INFO - Setting next_dagrun for recalls_etl_v1 to None, run_after=None
[2025-04-06T17:58:07.212+0000] {processor.py:208} INFO - Processing /opt/airflow/dags/recalls_etl_v1.py took 0.109 seconds
[2025-04-06T18:15:21.757+0000] {processor.py:186} INFO - Started process (PID=80727) to work on /opt/airflow/dags/recalls_etl_v1.py
[2025-04-06T18:15:21.760+0000] {processor.py:914} INFO - Processing file /opt/airflow/dags/recalls_etl_v1.py for tasks to queue
[2025-04-06T18:15:21.762+0000] {logging_mixin.py:190} INFO - [2025-04-06T18:15:21.761+0000] {dagbag.py:588} INFO - Filling up the DagBag from /opt/airflow/dags/recalls_etl_v1.py
[2025-04-06T18:15:21.779+0000] {processor.py:925} INFO - DAG(s) 'recalls_etl_v1' retrieved from /opt/airflow/dags/recalls_etl_v1.py
[2025-04-06T18:15:21.802+0000] {logging_mixin.py:190} INFO - [2025-04-06T18:15:21.802+0000] {dag.py:3239} INFO - Sync 1 DAGs
[2025-04-06T18:15:21.819+0000] {logging_mixin.py:190} INFO - [2025-04-06T18:15:21.819+0000] {dag.py:4180} INFO - Setting next_dagrun for recalls_etl_v1 to None, run_after=None
[2025-04-06T18:15:21.833+0000] {processor.py:208} INFO - Processing /opt/airflow/dags/recalls_etl_v1.py took 0.085 seconds
[2025-04-06T18:16:41.073+0000] {processor.py:186} INFO - Started process (PID=80792) to work on /opt/airflow/dags/recalls_etl_v1.py
[2025-04-06T18:16:41.075+0000] {processor.py:914} INFO - Processing file /opt/airflow/dags/recalls_etl_v1.py for tasks to queue
[2025-04-06T18:16:41.077+0000] {logging_mixin.py:190} INFO - [2025-04-06T18:16:41.076+0000] {dagbag.py:588} INFO - Filling up the DagBag from /opt/airflow/dags/recalls_etl_v1.py
[2025-04-06T18:16:41.094+0000] {processor.py:925} INFO - DAG(s) 'recalls_etl_v1' retrieved from /opt/airflow/dags/recalls_etl_v1.py
[2025-04-06T18:16:41.138+0000] {logging_mixin.py:190} INFO - [2025-04-06T18:16:41.137+0000] {dag.py:3239} INFO - Sync 1 DAGs
[2025-04-06T18:16:41.163+0000] {logging_mixin.py:190} INFO - [2025-04-06T18:16:41.163+0000] {dag.py:4180} INFO - Setting next_dagrun for recalls_etl_v1 to None, run_after=None
[2025-04-06T18:16:41.185+0000] {processor.py:208} INFO - Processing /opt/airflow/dags/recalls_etl_v1.py took 0.121 seconds
[2025-04-06T18:33:50.567+0000] {processor.py:186} INFO - Started process (PID=80857) to work on /opt/airflow/dags/recalls_etl_v1.py
[2025-04-06T18:33:50.569+0000] {processor.py:914} INFO - Processing file /opt/airflow/dags/recalls_etl_v1.py for tasks to queue
[2025-04-06T18:33:50.570+0000] {logging_mixin.py:190} INFO - [2025-04-06T18:33:50.570+0000] {dagbag.py:588} INFO - Filling up the DagBag from /opt/airflow/dags/recalls_etl_v1.py
[2025-04-06T18:33:50.580+0000] {processor.py:925} INFO - DAG(s) 'recalls_etl_v1' retrieved from /opt/airflow/dags/recalls_etl_v1.py
[2025-04-06T18:33:50.600+0000] {logging_mixin.py:190} INFO - [2025-04-06T18:33:50.600+0000] {dag.py:3239} INFO - Sync 1 DAGs
[2025-04-06T18:33:50.612+0000] {logging_mixin.py:190} INFO - [2025-04-06T18:33:50.612+0000] {dag.py:4180} INFO - Setting next_dagrun for recalls_etl_v1 to None, run_after=None
[2025-04-06T18:33:50.625+0000] {processor.py:208} INFO - Processing /opt/airflow/dags/recalls_etl_v1.py took 0.065 seconds
[2025-04-06T19:05:16.154+0000] {processor.py:186} INFO - Started process (PID=80922) to work on /opt/airflow/dags/recalls_etl_v1.py
[2025-04-06T19:05:16.156+0000] {processor.py:914} INFO - Processing file /opt/airflow/dags/recalls_etl_v1.py for tasks to queue
[2025-04-06T19:05:16.157+0000] {logging_mixin.py:190} INFO - [2025-04-06T19:05:16.157+0000] {dagbag.py:588} INFO - Filling up the DagBag from /opt/airflow/dags/recalls_etl_v1.py
[2025-04-06T19:05:16.171+0000] {processor.py:925} INFO - DAG(s) 'recalls_etl_v1' retrieved from /opt/airflow/dags/recalls_etl_v1.py
[2025-04-06T19:05:16.204+0000] {logging_mixin.py:190} INFO - [2025-04-06T19:05:16.204+0000] {dag.py:3239} INFO - Sync 1 DAGs
[2025-04-06T19:05:16.219+0000] {logging_mixin.py:190} INFO - [2025-04-06T19:05:16.219+0000] {dag.py:4180} INFO - Setting next_dagrun for recalls_etl_v1 to None, run_after=None
[2025-04-06T19:05:16.234+0000] {processor.py:208} INFO - Processing /opt/airflow/dags/recalls_etl_v1.py took 0.086 seconds
[2025-04-06T19:06:36.541+0000] {processor.py:186} INFO - Started process (PID=80987) to work on /opt/airflow/dags/recalls_etl_v1.py
[2025-04-06T19:06:36.543+0000] {processor.py:914} INFO - Processing file /opt/airflow/dags/recalls_etl_v1.py for tasks to queue
[2025-04-06T19:06:36.545+0000] {logging_mixin.py:190} INFO - [2025-04-06T19:06:36.545+0000] {dagbag.py:588} INFO - Filling up the DagBag from /opt/airflow/dags/recalls_etl_v1.py
[2025-04-06T19:06:36.565+0000] {processor.py:925} INFO - DAG(s) 'recalls_etl_v1' retrieved from /opt/airflow/dags/recalls_etl_v1.py
[2025-04-06T19:06:36.620+0000] {logging_mixin.py:190} INFO - [2025-04-06T19:06:36.620+0000] {dag.py:3239} INFO - Sync 1 DAGs
[2025-04-06T19:06:36.645+0000] {logging_mixin.py:190} INFO - [2025-04-06T19:06:36.645+0000] {dag.py:4180} INFO - Setting next_dagrun for recalls_etl_v1 to None, run_after=None
[2025-04-06T19:06:36.665+0000] {processor.py:208} INFO - Processing /opt/airflow/dags/recalls_etl_v1.py took 0.133 seconds
[2025-04-06T19:57:10.986+0000] {processor.py:186} INFO - Started process (PID=81052) to work on /opt/airflow/dags/recalls_etl_v1.py
[2025-04-06T19:57:10.988+0000] {processor.py:914} INFO - Processing file /opt/airflow/dags/recalls_etl_v1.py for tasks to queue
[2025-04-06T19:57:10.990+0000] {logging_mixin.py:190} INFO - [2025-04-06T19:57:10.990+0000] {dagbag.py:588} INFO - Filling up the DagBag from /opt/airflow/dags/recalls_etl_v1.py
[2025-04-06T19:57:11.010+0000] {processor.py:925} INFO - DAG(s) 'recalls_etl_v1' retrieved from /opt/airflow/dags/recalls_etl_v1.py
[2025-04-06T19:57:11.047+0000] {logging_mixin.py:190} INFO - [2025-04-06T19:57:11.047+0000] {dag.py:3239} INFO - Sync 1 DAGs
[2025-04-06T19:57:11.065+0000] {logging_mixin.py:190} INFO - [2025-04-06T19:57:11.065+0000] {dag.py:4180} INFO - Setting next_dagrun for recalls_etl_v1 to None, run_after=None
[2025-04-06T19:57:11.081+0000] {processor.py:208} INFO - Processing /opt/airflow/dags/recalls_etl_v1.py took 0.114 seconds
[2025-04-06T19:58:30.301+0000] {processor.py:186} INFO - Started process (PID=81117) to work on /opt/airflow/dags/recalls_etl_v1.py
[2025-04-06T19:58:30.304+0000] {processor.py:914} INFO - Processing file /opt/airflow/dags/recalls_etl_v1.py for tasks to queue
[2025-04-06T19:58:30.306+0000] {logging_mixin.py:190} INFO - [2025-04-06T19:58:30.306+0000] {dagbag.py:588} INFO - Filling up the DagBag from /opt/airflow/dags/recalls_etl_v1.py
[2025-04-06T19:58:30.327+0000] {processor.py:925} INFO - DAG(s) 'recalls_etl_v1' retrieved from /opt/airflow/dags/recalls_etl_v1.py
[2025-04-06T19:58:30.384+0000] {logging_mixin.py:190} INFO - [2025-04-06T19:58:30.384+0000] {dag.py:3239} INFO - Sync 1 DAGs
[2025-04-06T19:58:30.417+0000] {logging_mixin.py:190} INFO - [2025-04-06T19:58:30.417+0000] {dag.py:4180} INFO - Setting next_dagrun for recalls_etl_v1 to None, run_after=None
[2025-04-06T19:58:30.448+0000] {processor.py:208} INFO - Processing /opt/airflow/dags/recalls_etl_v1.py took 0.159 seconds
[2025-04-06T20:30:15.775+0000] {processor.py:186} INFO - Started process (PID=81182) to work on /opt/airflow/dags/recalls_etl_v1.py
[2025-04-06T20:30:15.777+0000] {processor.py:914} INFO - Processing file /opt/airflow/dags/recalls_etl_v1.py for tasks to queue
[2025-04-06T20:30:15.779+0000] {logging_mixin.py:190} INFO - [2025-04-06T20:30:15.778+0000] {dagbag.py:588} INFO - Filling up the DagBag from /opt/airflow/dags/recalls_etl_v1.py
[2025-04-06T20:30:15.792+0000] {processor.py:925} INFO - DAG(s) 'recalls_etl_v1' retrieved from /opt/airflow/dags/recalls_etl_v1.py
[2025-04-06T20:30:15.823+0000] {logging_mixin.py:190} INFO - [2025-04-06T20:30:15.823+0000] {dag.py:3239} INFO - Sync 1 DAGs
[2025-04-06T20:30:15.841+0000] {logging_mixin.py:190} INFO - [2025-04-06T20:30:15.841+0000] {dag.py:4180} INFO - Setting next_dagrun for recalls_etl_v1 to None, run_after=None
[2025-04-06T20:30:15.858+0000] {processor.py:208} INFO - Processing /opt/airflow/dags/recalls_etl_v1.py took 0.090 seconds
[2025-04-06T20:31:34.753+0000] {processor.py:186} INFO - Started process (PID=81247) to work on /opt/airflow/dags/recalls_etl_v1.py
[2025-04-06T20:31:34.754+0000] {processor.py:914} INFO - Processing file /opt/airflow/dags/recalls_etl_v1.py for tasks to queue
[2025-04-06T20:31:34.756+0000] {logging_mixin.py:190} INFO - [2025-04-06T20:31:34.756+0000] {dagbag.py:588} INFO - Filling up the DagBag from /opt/airflow/dags/recalls_etl_v1.py
[2025-04-06T20:31:34.782+0000] {processor.py:925} INFO - DAG(s) 'recalls_etl_v1' retrieved from /opt/airflow/dags/recalls_etl_v1.py
[2025-04-06T20:31:34.810+0000] {logging_mixin.py:190} INFO - [2025-04-06T20:31:34.810+0000] {dag.py:3239} INFO - Sync 1 DAGs
[2025-04-06T20:31:34.827+0000] {logging_mixin.py:190} INFO - [2025-04-06T20:31:34.827+0000] {dag.py:4180} INFO - Setting next_dagrun for recalls_etl_v1 to None, run_after=None
[2025-04-06T20:31:34.842+0000] {processor.py:208} INFO - Processing /opt/airflow/dags/recalls_etl_v1.py took 0.098 seconds
[2025-04-06T20:48:20.193+0000] {processor.py:186} INFO - Started process (PID=81312) to work on /opt/airflow/dags/recalls_etl_v1.py
[2025-04-06T20:48:20.198+0000] {processor.py:914} INFO - Processing file /opt/airflow/dags/recalls_etl_v1.py for tasks to queue
[2025-04-06T20:48:20.200+0000] {logging_mixin.py:190} INFO - [2025-04-06T20:48:20.199+0000] {dagbag.py:588} INFO - Filling up the DagBag from /opt/airflow/dags/recalls_etl_v1.py
[2025-04-06T20:48:20.214+0000] {processor.py:925} INFO - DAG(s) 'recalls_etl_v1' retrieved from /opt/airflow/dags/recalls_etl_v1.py
[2025-04-06T20:48:20.244+0000] {logging_mixin.py:190} INFO - [2025-04-06T20:48:20.244+0000] {dag.py:3239} INFO - Sync 1 DAGs
[2025-04-06T20:48:20.259+0000] {logging_mixin.py:190} INFO - [2025-04-06T20:48:20.259+0000] {dag.py:4180} INFO - Setting next_dagrun for recalls_etl_v1 to None, run_after=None
[2025-04-06T20:48:20.273+0000] {processor.py:208} INFO - Processing /opt/airflow/dags/recalls_etl_v1.py took 0.087 seconds
[2025-04-06T20:49:39.773+0000] {processor.py:186} INFO - Started process (PID=81377) to work on /opt/airflow/dags/recalls_etl_v1.py
[2025-04-06T20:49:39.775+0000] {processor.py:914} INFO - Processing file /opt/airflow/dags/recalls_etl_v1.py for tasks to queue
[2025-04-06T20:49:39.776+0000] {logging_mixin.py:190} INFO - [2025-04-06T20:49:39.776+0000] {dagbag.py:588} INFO - Filling up the DagBag from /opt/airflow/dags/recalls_etl_v1.py
[2025-04-06T20:49:39.789+0000] {processor.py:925} INFO - DAG(s) 'recalls_etl_v1' retrieved from /opt/airflow/dags/recalls_etl_v1.py
[2025-04-06T20:49:39.814+0000] {logging_mixin.py:190} INFO - [2025-04-06T20:49:39.814+0000] {dag.py:3239} INFO - Sync 1 DAGs
[2025-04-06T20:49:39.831+0000] {logging_mixin.py:190} INFO - [2025-04-06T20:49:39.831+0000] {dag.py:4180} INFO - Setting next_dagrun for recalls_etl_v1 to None, run_after=None
[2025-04-06T20:49:39.846+0000] {processor.py:208} INFO - Processing /opt/airflow/dags/recalls_etl_v1.py took 0.079 seconds
[2025-04-06T20:58:16.891+0000] {processor.py:186} INFO - Started process (PID=81442) to work on /opt/airflow/dags/recalls_etl_v1.py
[2025-04-06T20:58:16.893+0000] {processor.py:914} INFO - Processing file /opt/airflow/dags/recalls_etl_v1.py for tasks to queue
[2025-04-06T20:58:16.894+0000] {logging_mixin.py:190} INFO - [2025-04-06T20:58:16.893+0000] {dagbag.py:588} INFO - Filling up the DagBag from /opt/airflow/dags/recalls_etl_v1.py
[2025-04-06T20:58:16.906+0000] {processor.py:925} INFO - DAG(s) 'recalls_etl_v1' retrieved from /opt/airflow/dags/recalls_etl_v1.py
[2025-04-06T20:58:16.929+0000] {logging_mixin.py:190} INFO - [2025-04-06T20:58:16.929+0000] {dag.py:3239} INFO - Sync 1 DAGs
[2025-04-06T20:58:16.945+0000] {logging_mixin.py:190} INFO - [2025-04-06T20:58:16.944+0000] {dag.py:4180} INFO - Setting next_dagrun for recalls_etl_v1 to None, run_after=None
[2025-04-06T20:58:16.959+0000] {processor.py:208} INFO - Processing /opt/airflow/dags/recalls_etl_v1.py took 0.074 seconds
[2025-04-06T21:59:45.915+0000] {processor.py:186} INFO - Started process (PID=81507) to work on /opt/airflow/dags/recalls_etl_v1.py
[2025-04-06T21:59:45.918+0000] {processor.py:914} INFO - Processing file /opt/airflow/dags/recalls_etl_v1.py for tasks to queue
[2025-04-06T21:59:45.919+0000] {logging_mixin.py:190} INFO - [2025-04-06T21:59:45.919+0000] {dagbag.py:588} INFO - Filling up the DagBag from /opt/airflow/dags/recalls_etl_v1.py
[2025-04-06T21:59:45.934+0000] {processor.py:925} INFO - DAG(s) 'recalls_etl_v1' retrieved from /opt/airflow/dags/recalls_etl_v1.py
[2025-04-06T21:59:45.957+0000] {logging_mixin.py:190} INFO - [2025-04-06T21:59:45.957+0000] {dag.py:3239} INFO - Sync 1 DAGs
[2025-04-06T21:59:45.973+0000] {logging_mixin.py:190} INFO - [2025-04-06T21:59:45.973+0000] {dag.py:4180} INFO - Setting next_dagrun for recalls_etl_v1 to None, run_after=None
[2025-04-06T21:59:45.987+0000] {processor.py:208} INFO - Processing /opt/airflow/dags/recalls_etl_v1.py took 0.083 seconds
[2025-04-06T22:01:30.863+0000] {processor.py:186} INFO - Started process (PID=81572) to work on /opt/airflow/dags/recalls_etl_v1.py
[2025-04-06T22:01:30.865+0000] {processor.py:914} INFO - Processing file /opt/airflow/dags/recalls_etl_v1.py for tasks to queue
[2025-04-06T22:01:30.866+0000] {logging_mixin.py:190} INFO - [2025-04-06T22:01:30.866+0000] {dagbag.py:588} INFO - Filling up the DagBag from /opt/airflow/dags/recalls_etl_v1.py
[2025-04-06T22:01:30.879+0000] {processor.py:925} INFO - DAG(s) 'recalls_etl_v1' retrieved from /opt/airflow/dags/recalls_etl_v1.py
[2025-04-06T22:01:30.901+0000] {logging_mixin.py:190} INFO - [2025-04-06T22:01:30.901+0000] {dag.py:3239} INFO - Sync 1 DAGs
[2025-04-06T22:01:30.921+0000] {logging_mixin.py:190} INFO - [2025-04-06T22:01:30.921+0000] {dag.py:4180} INFO - Setting next_dagrun for recalls_etl_v1 to None, run_after=None
[2025-04-06T22:01:30.936+0000] {processor.py:208} INFO - Processing /opt/airflow/dags/recalls_etl_v1.py took 0.080 seconds
[2025-04-06T22:17:51.315+0000] {processor.py:186} INFO - Started process (PID=81637) to work on /opt/airflow/dags/recalls_etl_v1.py
[2025-04-06T22:17:51.317+0000] {processor.py:914} INFO - Processing file /opt/airflow/dags/recalls_etl_v1.py for tasks to queue
[2025-04-06T22:17:51.318+0000] {logging_mixin.py:190} INFO - [2025-04-06T22:17:51.318+0000] {dagbag.py:588} INFO - Filling up the DagBag from /opt/airflow/dags/recalls_etl_v1.py
[2025-04-06T22:17:51.332+0000] {processor.py:925} INFO - DAG(s) 'recalls_etl_v1' retrieved from /opt/airflow/dags/recalls_etl_v1.py
[2025-04-06T22:17:51.372+0000] {logging_mixin.py:190} INFO - [2025-04-06T22:17:51.372+0000] {dag.py:3239} INFO - Sync 1 DAGs
[2025-04-06T22:17:51.389+0000] {logging_mixin.py:190} INFO - [2025-04-06T22:17:51.389+0000] {dag.py:4180} INFO - Setting next_dagrun for recalls_etl_v1 to None, run_after=None
[2025-04-06T22:17:51.407+0000] {processor.py:208} INFO - Processing /opt/airflow/dags/recalls_etl_v1.py took 0.098 seconds
[2025-04-06T22:33:46.289+0000] {processor.py:186} INFO - Started process (PID=81702) to work on /opt/airflow/dags/recalls_etl_v1.py
[2025-04-06T22:33:46.292+0000] {processor.py:914} INFO - Processing file /opt/airflow/dags/recalls_etl_v1.py for tasks to queue
[2025-04-06T22:33:46.296+0000] {logging_mixin.py:190} INFO - [2025-04-06T22:33:46.295+0000] {dagbag.py:588} INFO - Filling up the DagBag from /opt/airflow/dags/recalls_etl_v1.py
[2025-04-06T22:33:46.312+0000] {processor.py:925} INFO - DAG(s) 'recalls_etl_v1' retrieved from /opt/airflow/dags/recalls_etl_v1.py
[2025-04-06T22:33:46.342+0000] {logging_mixin.py:190} INFO - [2025-04-06T22:33:46.342+0000] {dag.py:3239} INFO - Sync 1 DAGs
[2025-04-06T22:33:46.376+0000] {logging_mixin.py:190} INFO - [2025-04-06T22:33:46.376+0000] {dag.py:4180} INFO - Setting next_dagrun for recalls_etl_v1 to None, run_after=None
[2025-04-06T22:33:46.395+0000] {processor.py:208} INFO - Processing /opt/airflow/dags/recalls_etl_v1.py took 0.128 seconds
[2025-04-06T22:35:55.609+0000] {processor.py:186} INFO - Started process (PID=81767) to work on /opt/airflow/dags/recalls_etl_v1.py
[2025-04-06T22:35:55.611+0000] {processor.py:914} INFO - Processing file /opt/airflow/dags/recalls_etl_v1.py for tasks to queue
[2025-04-06T22:35:55.613+0000] {logging_mixin.py:190} INFO - [2025-04-06T22:35:55.612+0000] {dagbag.py:588} INFO - Filling up the DagBag from /opt/airflow/dags/recalls_etl_v1.py
[2025-04-06T22:35:55.628+0000] {processor.py:925} INFO - DAG(s) 'recalls_etl_v1' retrieved from /opt/airflow/dags/recalls_etl_v1.py
[2025-04-06T22:35:55.655+0000] {logging_mixin.py:190} INFO - [2025-04-06T22:35:55.655+0000] {dag.py:3239} INFO - Sync 1 DAGs
[2025-04-06T22:35:55.674+0000] {logging_mixin.py:190} INFO - [2025-04-06T22:35:55.674+0000] {dag.py:4180} INFO - Setting next_dagrun for recalls_etl_v1 to None, run_after=None
[2025-04-06T22:35:55.690+0000] {processor.py:208} INFO - Processing /opt/airflow/dags/recalls_etl_v1.py took 0.091 seconds
[2025-04-06T23:00:55.103+0000] {processor.py:186} INFO - Started process (PID=81832) to work on /opt/airflow/dags/recalls_etl_v1.py
[2025-04-06T23:00:55.105+0000] {processor.py:914} INFO - Processing file /opt/airflow/dags/recalls_etl_v1.py for tasks to queue
[2025-04-06T23:00:55.106+0000] {logging_mixin.py:190} INFO - [2025-04-06T23:00:55.106+0000] {dagbag.py:588} INFO - Filling up the DagBag from /opt/airflow/dags/recalls_etl_v1.py
[2025-04-06T23:00:55.120+0000] {processor.py:925} INFO - DAG(s) 'recalls_etl_v1' retrieved from /opt/airflow/dags/recalls_etl_v1.py
[2025-04-06T23:00:55.146+0000] {logging_mixin.py:190} INFO - [2025-04-06T23:00:55.146+0000] {dag.py:3239} INFO - Sync 1 DAGs
[2025-04-06T23:00:55.164+0000] {logging_mixin.py:190} INFO - [2025-04-06T23:00:55.164+0000] {dag.py:4180} INFO - Setting next_dagrun for recalls_etl_v1 to None, run_after=None
[2025-04-06T23:00:55.178+0000] {processor.py:208} INFO - Processing /opt/airflow/dags/recalls_etl_v1.py took 0.082 seconds
[2025-04-06T23:18:09.755+0000] {processor.py:186} INFO - Started process (PID=81897) to work on /opt/airflow/dags/recalls_etl_v1.py
[2025-04-06T23:18:09.757+0000] {processor.py:914} INFO - Processing file /opt/airflow/dags/recalls_etl_v1.py for tasks to queue
[2025-04-06T23:18:09.759+0000] {logging_mixin.py:190} INFO - [2025-04-06T23:18:09.758+0000] {dagbag.py:588} INFO - Filling up the DagBag from /opt/airflow/dags/recalls_etl_v1.py
[2025-04-06T23:18:09.802+0000] {processor.py:925} INFO - DAG(s) 'recalls_etl_v1' retrieved from /opt/airflow/dags/recalls_etl_v1.py
[2025-04-06T23:18:09.836+0000] {logging_mixin.py:190} INFO - [2025-04-06T23:18:09.836+0000] {dag.py:3239} INFO - Sync 1 DAGs
[2025-04-06T23:18:09.857+0000] {logging_mixin.py:190} INFO - [2025-04-06T23:18:09.857+0000] {dag.py:4180} INFO - Setting next_dagrun for recalls_etl_v1 to None, run_after=None
[2025-04-06T23:18:09.873+0000] {processor.py:208} INFO - Processing /opt/airflow/dags/recalls_etl_v1.py took 0.127 seconds
[2025-04-06T23:34:04.596+0000] {processor.py:186} INFO - Started process (PID=81962) to work on /opt/airflow/dags/recalls_etl_v1.py
[2025-04-06T23:34:04.600+0000] {processor.py:914} INFO - Processing file /opt/airflow/dags/recalls_etl_v1.py for tasks to queue
[2025-04-06T23:34:04.605+0000] {logging_mixin.py:190} INFO - [2025-04-06T23:34:04.604+0000] {dagbag.py:588} INFO - Filling up the DagBag from /opt/airflow/dags/recalls_etl_v1.py
[2025-04-06T23:34:04.625+0000] {processor.py:925} INFO - DAG(s) 'recalls_etl_v1' retrieved from /opt/airflow/dags/recalls_etl_v1.py
[2025-04-06T23:34:04.664+0000] {logging_mixin.py:190} INFO - [2025-04-06T23:34:04.664+0000] {dag.py:3239} INFO - Sync 1 DAGs
[2025-04-06T23:34:04.682+0000] {logging_mixin.py:190} INFO - [2025-04-06T23:34:04.682+0000] {dag.py:4180} INFO - Setting next_dagrun for recalls_etl_v1 to None, run_after=None
[2025-04-06T23:34:04.697+0000] {processor.py:208} INFO - Processing /opt/airflow/dags/recalls_etl_v1.py took 0.115 seconds
[2025-04-06T23:50:48.929+0000] {processor.py:186} INFO - Started process (PID=82027) to work on /opt/airflow/dags/recalls_etl_v1.py
[2025-04-06T23:50:48.932+0000] {processor.py:914} INFO - Processing file /opt/airflow/dags/recalls_etl_v1.py for tasks to queue
[2025-04-06T23:50:48.934+0000] {logging_mixin.py:190} INFO - [2025-04-06T23:50:48.933+0000] {dagbag.py:588} INFO - Filling up the DagBag from /opt/airflow/dags/recalls_etl_v1.py
[2025-04-06T23:50:48.950+0000] {processor.py:925} INFO - DAG(s) 'recalls_etl_v1' retrieved from /opt/airflow/dags/recalls_etl_v1.py
[2025-04-06T23:50:48.979+0000] {logging_mixin.py:190} INFO - [2025-04-06T23:50:48.978+0000] {dag.py:3239} INFO - Sync 1 DAGs
[2025-04-06T23:50:48.997+0000] {logging_mixin.py:190} INFO - [2025-04-06T23:50:48.997+0000] {dag.py:4180} INFO - Setting next_dagrun for recalls_etl_v1 to None, run_after=None
[2025-04-06T23:50:49.014+0000] {processor.py:208} INFO - Processing /opt/airflow/dags/recalls_etl_v1.py took 0.094 seconds
[2025-04-06T23:51:44.281+0000] {processor.py:186} INFO - Started process (PID=82092) to work on /opt/airflow/dags/recalls_etl_v1.py
[2025-04-06T23:51:44.283+0000] {processor.py:914} INFO - Processing file /opt/airflow/dags/recalls_etl_v1.py for tasks to queue
[2025-04-06T23:51:44.284+0000] {logging_mixin.py:190} INFO - [2025-04-06T23:51:44.284+0000] {dagbag.py:588} INFO - Filling up the DagBag from /opt/airflow/dags/recalls_etl_v1.py
[2025-04-06T23:51:44.298+0000] {processor.py:925} INFO - DAG(s) 'recalls_etl_v1' retrieved from /opt/airflow/dags/recalls_etl_v1.py
[2025-04-06T23:51:44.322+0000] {logging_mixin.py:190} INFO - [2025-04-06T23:51:44.322+0000] {dag.py:3239} INFO - Sync 1 DAGs
[2025-04-06T23:51:44.340+0000] {logging_mixin.py:190} INFO - [2025-04-06T23:51:44.339+0000] {dag.py:4180} INFO - Setting next_dagrun for recalls_etl_v1 to None, run_after=None
[2025-04-06T23:51:44.356+0000] {processor.py:208} INFO - Processing /opt/airflow/dags/recalls_etl_v1.py took 0.083 seconds
