[2025-04-05T12:00:37.580+0000] {local_task_job_runner.py:123} INFO - ::group::Pre task execution logs
[2025-04-05T12:00:37.670+0000] {taskinstance.py:2614} INFO - Dependencies all met for dep_context=non-requeueable deps ti=<TaskInstance: et_extract_load.query_and_insert manual__2025-04-05T12:00:33.801449+00:00 [queued]>
[2025-04-05T12:00:37.674+0000] {taskinstance.py:2614} INFO - Dependencies all met for dep_context=requeueable deps ti=<TaskInstance: et_extract_load.query_and_insert manual__2025-04-05T12:00:33.801449+00:00 [queued]>
[2025-04-05T12:00:37.675+0000] {taskinstance.py:2867} INFO - Starting attempt 1 of 1
[2025-04-05T12:00:37.680+0000] {taskinstance.py:2890} INFO - Executing <Task(PythonOperator): query_and_insert> on 2025-04-05 12:00:33.801449+00:00
[2025-04-05T12:00:37.684+0000] {warnings.py:112} WARNING - /home/***/.local/lib/python3.12/site-packages/***/task/task_runner/standard_task_runner.py:70: DeprecationWarning: This process (pid=5240) is multi-threaded, use of fork() may lead to deadlocks in the child.
  pid = os.fork()

[2025-04-05T12:00:37.685+0000] {standard_task_runner.py:72} INFO - Started process 5241 to run task
[2025-04-05T12:00:37.685+0000] {standard_task_runner.py:104} INFO - Running: ['***', 'tasks', 'run', 'et_extract_load', 'query_and_insert', 'manual__2025-04-05T12:00:33.801449+00:00', '--job-id', '58', '--raw', '--subdir', 'DAGS_FOLDER/etl_extract_load.py', '--cfg-path', '/tmp/tmp0rezhwgs']
[2025-04-05T12:00:37.686+0000] {standard_task_runner.py:105} INFO - Job 58: Subtask query_and_insert
[2025-04-05T12:00:37.709+0000] {task_command.py:467} INFO - Running <TaskInstance: et_extract_load.query_and_insert manual__2025-04-05T12:00:33.801449+00:00 [running]> on host 8bfd2e589ccf
[2025-04-05T12:00:37.754+0000] {taskinstance.py:3134} INFO - Exporting env vars: AIRFLOW_CTX_DAG_OWNER='***' AIRFLOW_CTX_DAG_ID='et_extract_load' AIRFLOW_CTX_TASK_ID='query_and_insert' AIRFLOW_CTX_EXECUTION_DATE='2025-04-05T12:00:33.801449+00:00' AIRFLOW_CTX_TRY_NUMBER='1' AIRFLOW_CTX_DAG_RUN_ID='manual__2025-04-05T12:00:33.801449+00:00'
[2025-04-05T12:00:37.755+0000] {logging_mixin.py:190} INFO - Task instance is in running state
[2025-04-05T12:00:37.755+0000] {logging_mixin.py:190} INFO -  Previous state of the Task instance: queued
[2025-04-05T12:00:37.755+0000] {logging_mixin.py:190} INFO - Current task name:query_and_insert state:running start_date:2025-04-05 12:00:37.670764+00:00
[2025-04-05T12:00:37.756+0000] {logging_mixin.py:190} INFO - Dag name:et_extract_load and current dag run status:running
[2025-04-05T12:00:37.756+0000] {taskinstance.py:732} INFO - ::endgroup::
[2025-04-05T12:00:37.767+0000] {base.py:84} INFO - Retrieving connection 'PostgresSQL_connection_1'
[2025-04-05T12:00:37.904+0000] {python.py:240} INFO - Done. Returned value was: None
[2025-04-05T12:00:37.909+0000] {taskinstance.py:341} INFO - ::group::Post task execution logs
[2025-04-05T12:00:37.910+0000] {taskinstance.py:353} INFO - Marking task as SUCCESS. dag_id=et_extract_load, task_id=query_and_insert, run_id=manual__2025-04-05T12:00:33.801449+00:00, execution_date=20250405T120033, start_date=20250405T120037, end_date=20250405T120037
[2025-04-05T12:00:37.925+0000] {logging_mixin.py:190} INFO - Task instance in success state
[2025-04-05T12:00:37.925+0000] {logging_mixin.py:190} INFO -  Previous state of the Task instance: running
[2025-04-05T12:00:37.925+0000] {logging_mixin.py:190} INFO - Dag name:et_extract_load queued_at:2025-04-05 12:00:33.819935+00:00
[2025-04-05T12:00:37.926+0000] {logging_mixin.py:190} INFO - Task hostname:8bfd2e589ccf operator:PythonOperator
[2025-04-05T12:00:37.951+0000] {local_task_job_runner.py:266} INFO - Task exited with return code 0
[2025-04-05T12:00:37.961+0000] {taskinstance.py:3901} INFO - 0 downstream tasks scheduled from follow-on schedule check
[2025-04-05T12:00:37.962+0000] {local_task_job_runner.py:245} INFO - ::endgroup::
