[2025-04-10T11:06:24.868+0000] {local_task_job_runner.py:123} INFO - ::group::Pre task execution logs
[2025-04-10T11:06:24.877+0000] {taskinstance.py:2614} INFO - Dependencies all met for dep_context=non-requeueable deps ti=<TaskInstance: et_extract_load.truncate_products manual__2025-04-10T11:06:22.805675+00:00 [queued]>
[2025-04-10T11:06:24.880+0000] {taskinstance.py:2614} INFO - Dependencies all met for dep_context=requeueable deps ti=<TaskInstance: et_extract_load.truncate_products manual__2025-04-10T11:06:22.805675+00:00 [queued]>
[2025-04-10T11:06:24.880+0000] {taskinstance.py:2867} INFO - Starting attempt 1 of 1
[2025-04-10T11:06:24.886+0000] {taskinstance.py:2890} INFO - Executing <Task(PythonOperator): truncate_products> on 2025-04-10 11:06:22.805675+00:00
[2025-04-10T11:06:24.890+0000] {warnings.py:112} WARNING - /home/***/.local/lib/python3.12/site-packages/***/task/task_runner/standard_task_runner.py:70: DeprecationWarning: This process (pid=28307) is multi-threaded, use of fork() may lead to deadlocks in the child.
  pid = os.fork()

[2025-04-10T11:06:24.891+0000] {standard_task_runner.py:72} INFO - Started process 28308 to run task
[2025-04-10T11:06:24.892+0000] {standard_task_runner.py:104} INFO - Running: ['***', 'tasks', 'run', 'et_extract_load', 'truncate_products', 'manual__2025-04-10T11:06:22.805675+00:00', '--job-id', '119', '--raw', '--subdir', 'DAGS_FOLDER/etl_extract_load.py', '--cfg-path', '/tmp/tmpd8q7_anr']
[2025-04-10T11:06:24.893+0000] {standard_task_runner.py:105} INFO - Job 119: Subtask truncate_products
[2025-04-10T11:06:24.918+0000] {task_command.py:467} INFO - Running <TaskInstance: et_extract_load.truncate_products manual__2025-04-10T11:06:22.805675+00:00 [running]> on host 8bfd2e589ccf
[2025-04-10T11:06:24.968+0000] {taskinstance.py:3134} INFO - Exporting env vars: AIRFLOW_CTX_DAG_OWNER='***' AIRFLOW_CTX_DAG_ID='et_extract_load' AIRFLOW_CTX_TASK_ID='truncate_products' AIRFLOW_CTX_EXECUTION_DATE='2025-04-10T11:06:22.805675+00:00' AIRFLOW_CTX_TRY_NUMBER='1' AIRFLOW_CTX_DAG_RUN_ID='manual__2025-04-10T11:06:22.805675+00:00'
[2025-04-10T11:06:24.969+0000] {logging_mixin.py:190} INFO - Task instance is in running state
[2025-04-10T11:06:24.970+0000] {logging_mixin.py:190} INFO -  Previous state of the Task instance: queued
[2025-04-10T11:06:24.970+0000] {logging_mixin.py:190} INFO - Current task name:truncate_products state:running start_date:2025-04-10 11:06:24.877375+00:00
[2025-04-10T11:06:24.970+0000] {logging_mixin.py:190} INFO - Dag name:et_extract_load and current dag run status:running
[2025-04-10T11:06:24.970+0000] {taskinstance.py:732} INFO - ::endgroup::
[2025-04-10T11:06:24.976+0000] {base.py:84} INFO - Retrieving connection 'PostgresSQL_connection_1'
[2025-04-10T11:06:24.986+0000] {logging_mixin.py:190} INFO - {table_name} truncated.
[2025-04-10T11:06:24.987+0000] {python.py:240} INFO - Done. Returned value was: None
[2025-04-10T11:06:24.992+0000] {taskinstance.py:341} INFO - ::group::Post task execution logs
[2025-04-10T11:06:24.993+0000] {taskinstance.py:353} INFO - Marking task as SUCCESS. dag_id=et_extract_load, task_id=truncate_products, run_id=manual__2025-04-10T11:06:22.805675+00:00, execution_date=20250410T110622, start_date=20250410T110624, end_date=20250410T110624
[2025-04-10T11:06:25.004+0000] {logging_mixin.py:190} INFO - Task instance in success state
[2025-04-10T11:06:25.004+0000] {logging_mixin.py:190} INFO -  Previous state of the Task instance: running
[2025-04-10T11:06:25.004+0000] {logging_mixin.py:190} INFO - Dag name:et_extract_load queued_at:2025-04-10 11:06:22.825616+00:00
[2025-04-10T11:06:25.004+0000] {logging_mixin.py:190} INFO - Task hostname:8bfd2e589ccf operator:PythonOperator
[2025-04-10T11:06:25.025+0000] {local_task_job_runner.py:266} INFO - Task exited with return code 0
[2025-04-10T11:06:25.041+0000] {taskinstance.py:3901} INFO - 1 downstream tasks scheduled from follow-on schedule check
[2025-04-10T11:06:25.042+0000] {local_task_job_runner.py:245} INFO - ::endgroup::
