[2025-04-09T16:26:31.815+0000] {local_task_job_runner.py:123} INFO - ::group::Pre task execution logs
[2025-04-09T16:26:31.970+0000] {taskinstance.py:2614} INFO - Dependencies all met for dep_context=non-requeueable deps ti=<TaskInstance: et_extract_load.get_last_load manual__2025-04-09T16:26:27.685278+00:00 [queued]>
[2025-04-09T16:26:31.976+0000] {taskinstance.py:2614} INFO - Dependencies all met for dep_context=requeueable deps ti=<TaskInstance: et_extract_load.get_last_load manual__2025-04-09T16:26:27.685278+00:00 [queued]>
[2025-04-09T16:26:31.976+0000] {taskinstance.py:2867} INFO - Starting attempt 1 of 1
[2025-04-09T16:26:31.984+0000] {taskinstance.py:2890} INFO - Executing <Task(PythonOperator): get_last_load> on 2025-04-09 16:26:27.685278+00:00
[2025-04-09T16:26:31.989+0000] {warnings.py:112} WARNING - /home/***/.local/lib/python3.12/site-packages/***/task/task_runner/standard_task_runner.py:70: DeprecationWarning: This process (pid=24794) is multi-threaded, use of fork() may lead to deadlocks in the child.
  pid = os.fork()

[2025-04-09T16:26:31.990+0000] {standard_task_runner.py:72} INFO - Started process 24795 to run task
[2025-04-09T16:26:31.991+0000] {standard_task_runner.py:104} INFO - Running: ['***', 'tasks', 'run', 'et_extract_load', 'get_last_load', 'manual__2025-04-09T16:26:27.685278+00:00', '--job-id', '74', '--raw', '--subdir', 'DAGS_FOLDER/etl_extract_load.py', '--cfg-path', '/tmp/tmpbki46iue']
[2025-04-09T16:26:31.992+0000] {standard_task_runner.py:105} INFO - Job 74: Subtask get_last_load
[2025-04-09T16:26:32.019+0000] {task_command.py:467} INFO - Running <TaskInstance: et_extract_load.get_last_load manual__2025-04-09T16:26:27.685278+00:00 [running]> on host 8bfd2e589ccf
[2025-04-09T16:26:32.063+0000] {taskinstance.py:3134} INFO - Exporting env vars: AIRFLOW_CTX_DAG_OWNER='***' AIRFLOW_CTX_DAG_ID='et_extract_load' AIRFLOW_CTX_TASK_ID='get_last_load' AIRFLOW_CTX_EXECUTION_DATE='2025-04-09T16:26:27.685278+00:00' AIRFLOW_CTX_TRY_NUMBER='1' AIRFLOW_CTX_DAG_RUN_ID='manual__2025-04-09T16:26:27.685278+00:00'
[2025-04-09T16:26:32.064+0000] {logging_mixin.py:190} INFO - Task instance is in running state
[2025-04-09T16:26:32.064+0000] {logging_mixin.py:190} INFO -  Previous state of the Task instance: queued
[2025-04-09T16:26:32.064+0000] {logging_mixin.py:190} INFO - Current task name:get_last_load state:running start_date:2025-04-09 16:26:31.970599+00:00
[2025-04-09T16:26:32.064+0000] {logging_mixin.py:190} INFO - Dag name:et_extract_load and current dag run status:running
[2025-04-09T16:26:32.065+0000] {taskinstance.py:732} INFO - ::endgroup::
[2025-04-09T16:26:32.070+0000] {base.py:84} INFO - Retrieving connection 'PostgresSQL_connection_1'
[2025-04-09T16:26:32.073+0000] {logging_mixin.py:190} INFO - Last load product_id: P0750
[2025-04-09T16:26:32.079+0000] {python.py:240} INFO - Done. Returned value was: None
[2025-04-09T16:26:32.084+0000] {taskinstance.py:341} INFO - ::group::Post task execution logs
[2025-04-09T16:26:32.084+0000] {taskinstance.py:353} INFO - Marking task as SUCCESS. dag_id=et_extract_load, task_id=get_last_load, run_id=manual__2025-04-09T16:26:27.685278+00:00, execution_date=20250409T162627, start_date=20250409T162631, end_date=20250409T162632
[2025-04-09T16:26:32.095+0000] {logging_mixin.py:190} INFO - Task instance in success state
[2025-04-09T16:26:32.096+0000] {logging_mixin.py:190} INFO -  Previous state of the Task instance: running
[2025-04-09T16:26:32.096+0000] {logging_mixin.py:190} INFO - Dag name:et_extract_load queued_at:2025-04-09 16:26:27.705163+00:00
[2025-04-09T16:26:32.096+0000] {logging_mixin.py:190} INFO - Task hostname:8bfd2e589ccf operator:PythonOperator
[2025-04-09T16:26:32.125+0000] {local_task_job_runner.py:266} INFO - Task exited with return code 0
[2025-04-09T16:26:32.139+0000] {taskinstance.py:3901} INFO - 1 downstream tasks scheduled from follow-on schedule check
[2025-04-09T16:26:32.140+0000] {local_task_job_runner.py:245} INFO - ::endgroup::
