[2025-04-05T11:55:51.618+0000] {local_task_job_runner.py:123} INFO - ::group::Pre task execution logs
[2025-04-05T11:55:51.718+0000] {taskinstance.py:2614} INFO - Dependencies all met for dep_context=non-requeueable deps ti=<TaskInstance: et_extract_load.query_and_insert manual__2025-04-05T11:55:48.260512+00:00 [queued]>
[2025-04-05T11:55:51.722+0000] {taskinstance.py:2614} INFO - Dependencies all met for dep_context=requeueable deps ti=<TaskInstance: et_extract_load.query_and_insert manual__2025-04-05T11:55:48.260512+00:00 [queued]>
[2025-04-05T11:55:51.723+0000] {taskinstance.py:2867} INFO - Starting attempt 1 of 1
[2025-04-05T11:55:51.728+0000] {taskinstance.py:2890} INFO - Executing <Task(PythonOperator): query_and_insert> on 2025-04-05 11:55:48.260512+00:00
[2025-04-05T11:55:51.732+0000] {warnings.py:112} WARNING - /home/***/.local/lib/python3.12/site-packages/***/task/task_runner/standard_task_runner.py:70: DeprecationWarning: This process (pid=5159) is multi-threaded, use of fork() may lead to deadlocks in the child.
  pid = os.fork()

[2025-04-05T11:55:51.733+0000] {standard_task_runner.py:72} INFO - Started process 5160 to run task
[2025-04-05T11:55:51.734+0000] {standard_task_runner.py:104} INFO - Running: ['***', 'tasks', 'run', 'et_extract_load', 'query_and_insert', 'manual__2025-04-05T11:55:48.260512+00:00', '--job-id', '52', '--raw', '--subdir', 'DAGS_FOLDER/etl_extract_load.py', '--cfg-path', '/tmp/tmps3q0x3_l']
[2025-04-05T11:55:51.735+0000] {standard_task_runner.py:105} INFO - Job 52: Subtask query_and_insert
[2025-04-05T11:55:51.758+0000] {task_command.py:467} INFO - Running <TaskInstance: et_extract_load.query_and_insert manual__2025-04-05T11:55:48.260512+00:00 [running]> on host 8bfd2e589ccf
[2025-04-05T11:55:51.796+0000] {taskinstance.py:3134} INFO - Exporting env vars: AIRFLOW_CTX_DAG_OWNER='***' AIRFLOW_CTX_DAG_ID='et_extract_load' AIRFLOW_CTX_TASK_ID='query_and_insert' AIRFLOW_CTX_EXECUTION_DATE='2025-04-05T11:55:48.260512+00:00' AIRFLOW_CTX_TRY_NUMBER='1' AIRFLOW_CTX_DAG_RUN_ID='manual__2025-04-05T11:55:48.260512+00:00'
[2025-04-05T11:55:51.797+0000] {logging_mixin.py:190} INFO - Task instance is in running state
[2025-04-05T11:55:51.797+0000] {logging_mixin.py:190} INFO -  Previous state of the Task instance: queued
[2025-04-05T11:55:51.797+0000] {logging_mixin.py:190} INFO - Current task name:query_and_insert state:running start_date:2025-04-05 11:55:51.719217+00:00
[2025-04-05T11:55:51.798+0000] {logging_mixin.py:190} INFO - Dag name:et_extract_load and current dag run status:running
[2025-04-05T11:55:51.798+0000] {taskinstance.py:732} INFO - ::endgroup::
[2025-04-05T11:55:51.807+0000] {base.py:84} INFO - Retrieving connection 'PostgresSQL_connection_1'
[2025-04-05T11:55:51.811+0000] {logging_mixin.py:190} INFO - Error: operator does not exist: character varying > integer
LINE 8:                 WHERE product_id > 0;
                                         ^
HINT:  No operator matches the given name and argument types. You might need to add explicit type casts.
[2025-04-05T11:55:51.811+0000] {python.py:240} INFO - Done. Returned value was: None
[2025-04-05T11:55:51.817+0000] {taskinstance.py:341} INFO - ::group::Post task execution logs
[2025-04-05T11:55:51.817+0000] {taskinstance.py:353} INFO - Marking task as SUCCESS. dag_id=et_extract_load, task_id=query_and_insert, run_id=manual__2025-04-05T11:55:48.260512+00:00, execution_date=20250405T115548, start_date=20250405T115551, end_date=20250405T115551
[2025-04-05T11:55:51.828+0000] {logging_mixin.py:190} INFO - Task instance in success state
[2025-04-05T11:55:51.829+0000] {logging_mixin.py:190} INFO -  Previous state of the Task instance: running
[2025-04-05T11:55:51.829+0000] {logging_mixin.py:190} INFO - Dag name:et_extract_load queued_at:2025-04-05 11:55:48.276951+00:00
[2025-04-05T11:55:51.829+0000] {logging_mixin.py:190} INFO - Task hostname:8bfd2e589ccf operator:PythonOperator
[2025-04-05T11:55:51.870+0000] {local_task_job_runner.py:266} INFO - Task exited with return code 0
[2025-04-05T11:55:51.879+0000] {taskinstance.py:3901} INFO - 0 downstream tasks scheduled from follow-on schedule check
[2025-04-05T11:55:51.880+0000] {local_task_job_runner.py:245} INFO - ::endgroup::
