[2025-04-05T11:55:49.847+0000] {local_task_job_runner.py:123} INFO - ::group::Pre task execution logs
[2025-04-05T11:55:49.942+0000] {taskinstance.py:2614} INFO - Dependencies all met for dep_context=non-requeueable deps ti=<TaskInstance: et_extract_load.get_last_load manual__2025-04-05T11:55:48.260512+00:00 [queued]>
[2025-04-05T11:55:49.946+0000] {taskinstance.py:2614} INFO - Dependencies all met for dep_context=requeueable deps ti=<TaskInstance: et_extract_load.get_last_load manual__2025-04-05T11:55:48.260512+00:00 [queued]>
[2025-04-05T11:55:49.946+0000] {taskinstance.py:2867} INFO - Starting attempt 1 of 1
[2025-04-05T11:55:49.953+0000] {taskinstance.py:2890} INFO - Executing <Task(PythonOperator): get_last_load> on 2025-04-05 11:55:48.260512+00:00
[2025-04-05T11:55:49.957+0000] {warnings.py:112} WARNING - /home/***/.local/lib/python3.12/site-packages/***/task/task_runner/standard_task_runner.py:70: DeprecationWarning: This process (pid=5156) is multi-threaded, use of fork() may lead to deadlocks in the child.
  pid = os.fork()

[2025-04-05T11:55:49.958+0000] {standard_task_runner.py:72} INFO - Started process 5157 to run task
[2025-04-05T11:55:49.959+0000] {standard_task_runner.py:104} INFO - Running: ['***', 'tasks', 'run', 'et_extract_load', 'get_last_load', 'manual__2025-04-05T11:55:48.260512+00:00', '--job-id', '51', '--raw', '--subdir', 'DAGS_FOLDER/etl_extract_load.py', '--cfg-path', '/tmp/tmpmmv7iqyj']
[2025-04-05T11:55:49.960+0000] {standard_task_runner.py:105} INFO - Job 51: Subtask get_last_load
[2025-04-05T11:55:49.984+0000] {task_command.py:467} INFO - Running <TaskInstance: et_extract_load.get_last_load manual__2025-04-05T11:55:48.260512+00:00 [running]> on host 8bfd2e589ccf
[2025-04-05T11:55:50.024+0000] {taskinstance.py:3134} INFO - Exporting env vars: AIRFLOW_CTX_DAG_OWNER='***' AIRFLOW_CTX_DAG_ID='et_extract_load' AIRFLOW_CTX_TASK_ID='get_last_load' AIRFLOW_CTX_EXECUTION_DATE='2025-04-05T11:55:48.260512+00:00' AIRFLOW_CTX_TRY_NUMBER='1' AIRFLOW_CTX_DAG_RUN_ID='manual__2025-04-05T11:55:48.260512+00:00'
[2025-04-05T11:55:50.025+0000] {logging_mixin.py:190} INFO - Task instance is in running state
[2025-04-05T11:55:50.026+0000] {logging_mixin.py:190} INFO -  Previous state of the Task instance: queued
[2025-04-05T11:55:50.026+0000] {logging_mixin.py:190} INFO - Current task name:get_last_load state:running start_date:2025-04-05 11:55:49.943270+00:00
[2025-04-05T11:55:50.026+0000] {logging_mixin.py:190} INFO - Dag name:et_extract_load and current dag run status:running
[2025-04-05T11:55:50.026+0000] {taskinstance.py:732} INFO - ::endgroup::
[2025-04-05T11:55:50.031+0000] {base.py:84} INFO - Retrieving connection 'PostgresSQL_connection_1'
[2025-04-05T11:55:50.036+0000] {logging_mixin.py:190} INFO - Last load product_id: 0
[2025-04-05T11:55:50.043+0000] {python.py:240} INFO - Done. Returned value was: None
[2025-04-05T11:55:50.049+0000] {taskinstance.py:341} INFO - ::group::Post task execution logs
[2025-04-05T11:55:50.049+0000] {taskinstance.py:353} INFO - Marking task as SUCCESS. dag_id=et_extract_load, task_id=get_last_load, run_id=manual__2025-04-05T11:55:48.260512+00:00, execution_date=20250405T115548, start_date=20250405T115549, end_date=20250405T115550
[2025-04-05T11:55:50.060+0000] {logging_mixin.py:190} INFO - Task instance in success state
[2025-04-05T11:55:50.060+0000] {logging_mixin.py:190} INFO -  Previous state of the Task instance: running
[2025-04-05T11:55:50.060+0000] {logging_mixin.py:190} INFO - Dag name:et_extract_load queued_at:2025-04-05 11:55:48.276951+00:00
[2025-04-05T11:55:50.060+0000] {logging_mixin.py:190} INFO - Task hostname:8bfd2e589ccf operator:PythonOperator
[2025-04-05T11:55:50.097+0000] {local_task_job_runner.py:266} INFO - Task exited with return code 0
[2025-04-05T11:55:50.112+0000] {taskinstance.py:3901} INFO - 1 downstream tasks scheduled from follow-on schedule check
[2025-04-05T11:55:50.113+0000] {local_task_job_runner.py:245} INFO - ::endgroup::
