[2025-04-10T11:01:21.518+0000] {local_task_job_runner.py:123} INFO - ::group::Pre task execution logs
[2025-04-10T11:01:21.529+0000] {taskinstance.py:2614} INFO - Dependencies all met for dep_context=non-requeueable deps ti=<TaskInstance: et_extract_load.truncate_products manual__2025-04-10T11:01:19.121200+00:00 [queued]>
[2025-04-10T11:01:21.537+0000] {taskinstance.py:2614} INFO - Dependencies all met for dep_context=requeueable deps ti=<TaskInstance: et_extract_load.truncate_products manual__2025-04-10T11:01:19.121200+00:00 [queued]>
[2025-04-10T11:01:21.540+0000] {taskinstance.py:2867} INFO - Starting attempt 1 of 1
[2025-04-10T11:01:21.547+0000] {taskinstance.py:2890} INFO - Executing <Task(PythonOperator): truncate_products> on 2025-04-10 11:01:19.121200+00:00
[2025-04-10T11:01:21.554+0000] {warnings.py:112} WARNING - /home/***/.local/lib/python3.12/site-packages/***/task/task_runner/standard_task_runner.py:70: DeprecationWarning: This process (pid=28219) is multi-threaded, use of fork() may lead to deadlocks in the child.
  pid = os.fork()

[2025-04-10T11:01:21.555+0000] {standard_task_runner.py:72} INFO - Started process 28220 to run task
[2025-04-10T11:01:21.556+0000] {standard_task_runner.py:104} INFO - Running: ['***', 'tasks', 'run', 'et_extract_load', 'truncate_products', 'manual__2025-04-10T11:01:19.121200+00:00', '--job-id', '113', '--raw', '--subdir', 'DAGS_FOLDER/etl_extract_load.py', '--cfg-path', '/tmp/tmp82rnrftm']
[2025-04-10T11:01:21.557+0000] {standard_task_runner.py:105} INFO - Job 113: Subtask truncate_products
[2025-04-10T11:01:21.599+0000] {task_command.py:467} INFO - Running <TaskInstance: et_extract_load.truncate_products manual__2025-04-10T11:01:19.121200+00:00 [running]> on host 8bfd2e589ccf
[2025-04-10T11:01:21.666+0000] {taskinstance.py:3134} INFO - Exporting env vars: AIRFLOW_CTX_DAG_OWNER='***' AIRFLOW_CTX_DAG_ID='et_extract_load' AIRFLOW_CTX_TASK_ID='truncate_products' AIRFLOW_CTX_EXECUTION_DATE='2025-04-10T11:01:19.121200+00:00' AIRFLOW_CTX_TRY_NUMBER='1' AIRFLOW_CTX_DAG_RUN_ID='manual__2025-04-10T11:01:19.121200+00:00'
[2025-04-10T11:01:21.669+0000] {logging_mixin.py:190} INFO - Task instance is in running state
[2025-04-10T11:01:21.671+0000] {logging_mixin.py:190} INFO -  Previous state of the Task instance: queued
[2025-04-10T11:01:21.673+0000] {logging_mixin.py:190} INFO - Current task name:truncate_products state:running start_date:2025-04-10 11:01:21.533620+00:00
[2025-04-10T11:01:21.673+0000] {logging_mixin.py:190} INFO - Dag name:et_extract_load and current dag run status:running
[2025-04-10T11:01:21.674+0000] {taskinstance.py:732} INFO - ::endgroup::
[2025-04-10T11:01:21.688+0000] {base.py:84} INFO - Retrieving connection 'PostgresSQL_connection_1'
[2025-04-10T11:01:21.708+0000] {logging_mixin.py:190} INFO - {table_name} truncated.
[2025-04-10T11:01:21.709+0000] {python.py:240} INFO - Done. Returned value was: None
[2025-04-10T11:01:21.723+0000] {taskinstance.py:341} INFO - ::group::Post task execution logs
[2025-04-10T11:01:21.726+0000] {taskinstance.py:353} INFO - Marking task as SUCCESS. dag_id=et_extract_load, task_id=truncate_products, run_id=manual__2025-04-10T11:01:19.121200+00:00, execution_date=20250410T110119, start_date=20250410T110121, end_date=20250410T110121
[2025-04-10T11:01:21.758+0000] {logging_mixin.py:190} INFO - Task instance in success state
[2025-04-10T11:01:21.759+0000] {logging_mixin.py:190} INFO -  Previous state of the Task instance: running
[2025-04-10T11:01:21.761+0000] {logging_mixin.py:190} INFO - Dag name:et_extract_load queued_at:2025-04-10 11:01:19.138409+00:00
[2025-04-10T11:01:21.769+0000] {logging_mixin.py:190} INFO - Task hostname:8bfd2e589ccf operator:PythonOperator
[2025-04-10T11:01:21.817+0000] {local_task_job_runner.py:266} INFO - Task exited with return code 0
[2025-04-10T11:01:21.855+0000] {taskinstance.py:3901} INFO - 0 downstream tasks scheduled from follow-on schedule check
[2025-04-10T11:01:21.877+0000] {local_task_job_runner.py:245} INFO - ::endgroup::
